Log file open, 04/18/17 05:20:07
LogInit:Display: Running engine for game: Noah
LogPlatformFile: Not using cached read wrapper
LogInit:Display: RandInit(374209526) SRandInit(374209526).
LogTaskGraph: Started task graph with 5 named threads and 8 total threads with 1 sets of task threads.
LogStats: Stats thread started at 0.197592
LogInit: Using libcurl 7.47.1
LogInit:  - built for x86_64-pc-win32
LogInit:  - supports SSL with OpenSSL/1.0.2g
LogInit:  - supports HTTP deflate (compression) using libz 1.2.8
LogInit:  - other features:
LogInit:      CURL_VERSION_SSL
LogInit:      CURL_VERSION_LIBZ
LogInit:      CURL_VERSION_IPV6
LogInit:      CURL_VERSION_ASYNCHDNS
LogInit:      CURL_VERSION_LARGEFILE
LogInit:      CURL_VERSION_IDN
LogInit:  CurlRequestOptions (configurable via config and command line):
LogInit:  - bVerifyPeer = false  - Libcurl will NOT verify peer certificate
LogInit:  - bUseHttpProxy = false  - Libcurl will NOT use HTTP proxy
LogInit:  - bDontReuseConnections = false  - Libcurl will reuse connections
LogInit:  - CertBundlePath = nullptr  - Libcurl will use whatever was configured at build time.
LogInit: Build: ++UE4+Release-4.15-CL-3348071
LogInit: Engine Version: 4.15.1-3348071+++UE4+Release-4.15
LogInit: Compatible Engine Version: 4.15.0-3299760+++UE4+Release-4.15
LogInit: Net CL: 3299760
LogDevObjectVersion: Number of dev versions registered: 14
LogDevObjectVersion:   Dev-Blueprints (B0D832E4-1F89-4F0D-ACCF-7EB736FD4AA2): 8
LogDevObjectVersion:   Dev-Build (E1C64328-A22C-4D53-A36C-8E866417BD8C): 0
LogDevObjectVersion:   Dev-Core (375EC13C-06E4-48FB-B500-84F0262A717E): 2
LogDevObjectVersion:   Dev-Editor (E4B068ED-F494-42E9-A231-DA0B2E46BB41): 14
LogDevObjectVersion:   Dev-Framework (CFFC743F-43B0-4480-9391-14DF171D2073): 22
LogDevObjectVersion:   Dev-Mobile (B02B49B5-BB20-44E9-A304-32B752E40360): 0
LogDevObjectVersion:   Dev-Networking (A4E4105C-59A1-49B5-A7C5-40C4547EDFEE): 0
LogDevObjectVersion:   Dev-Online (39C831C9-5AE6-47DC-9A44-9C173E1C8E7C): 0
LogDevObjectVersion:   Dev-Physics (78F01B33-EBEA-4F98-B9B4-84EACCB95AA2): 0
LogDevObjectVersion:   Dev-Platform (6631380F-2D4D-43E0-8009-CF276956A95A): 0
LogDevObjectVersion:   Dev-Rendering (12F88B9F-8875-4AFC-A67C-D90C383ABD29): 12
LogDevObjectVersion:   Dev-Sequencer (7B5AE74C-D270-4C10-A958-57980B212A5A): 3
LogDevObjectVersion:   Dev-VR (D7296918-1DD6-4BDD-9DE2-64A83CC13884): 0
LogDevObjectVersion:   Dev-LoadTimes (C2A15278-BFE7-4AFE-6C17-90FF531DF755): 1
LogInit: Compiled (64-bit): Mar 15 2017 16:52:47
LogInit: Compiled with Visual C++: 19.00.23026.00
LogInit: Build Configuration: DebugGame
LogInit: Branch Name: ++UE4+Release-4.15
LogInit: Command line:  -skipcompile -debug
LogInit: Base directory: C:/Program Files/Epic Games/UE_4.15/Engine/Binaries/Win64/
LogInit: Installed Engine Build: 1
LogInit: Presizing for max 8388607 objects, including 0 objects not considered by GC, pre-allocating 0 bytes for permanent pool.
LogInit: Object subsystem initialized
[2017.04.17-20.20.09:730][  0]LogInit: Selected Device Profile: [Windows]
[2017.04.17-20.20.09:730][  0]LogInit: Applying CVar settings loaded from the selected device profile: [Windows]
[2017.04.17-20.20.09:746][  0]LogInit: Computer: DOHYUNYUNPC
[2017.04.17-20.20.09:746][  0]LogInit: User: DohyunYun
[2017.04.17-20.20.09:746][  0]LogInit: CPU Page size=65536, Cores=4
[2017.04.17-20.20.09:746][  0]LogInit: High frequency timer resolution =3.234373 MHz
[2017.04.17-20.20.09:746][  0]LogMemory: Memory total: Physical=15.9GB (16GB approx)
[2017.04.17-20.20.09:746][  0]LogMemory: Platform Memory Stats for Windows
[2017.04.17-20.20.09:746][  0]LogMemory: Process Physical Memory: 265.17 MB used, 265.17 MB peak
[2017.04.17-20.20.09:746][  0]LogMemory: Process Virtual Memory: 265.61 MB used, 265.61 MB peak
[2017.04.17-20.20.09:746][  0]LogMemory: Physical Memory: 6550.20 MB used,  9745.57 MB free, 16295.77 MB total
[2017.04.17-20.20.09:746][  0]LogMemory: Virtual Memory: 647.04 MB used,  9745.57 MB free, 134217728.00 MB total
[2017.04.17-20.20.10:163][  0]LogTextLocalizationManager: No specific translations for ('ko-KR') exist, so ('ko') translations will be used.
[2017.04.17-20.20.10:210][  0]LogTextLocalizationManager:Warning: Loaded localization resources contain conflicting entries for (Namespace:KismetSchema, Key:Default):
Localization Resource: (C:/Program Files/Epic Games/UE_4.15/Engine/Content/Localization/EditorTutorials/ko/EditorTutorials.locres) Source String Hash: (940523119) Localized String: (디폴트)
Localization Resource: (C:/Program Files/Epic Games/UE_4.15/Engine/Content/Localization/Engine/ko/Engine.locres) Source String Hash: (940523119) Localized String: (기본)
[2017.04.17-20.20.10:210][  0]LogTextLocalizationManager:Warning: Loaded localization resources contain conflicting entries for (Namespace:UObjectToolTips, Key:AnimNode_AssetPlayerBase:InternalTimeAccumulator):
Localization Resource: (C:/Program Files/Epic Games/UE_4.15/Engine/Content/Localization/EditorTutorials/ko/EditorTutorials.locres) Source String Hash: (502993589) Localized String: (이 노드에서 애셋을 레퍼런싱하는 데 사용되는 누적 시간입니다.)
Localization Resource: (C:/Program Files/Epic Games/UE_4.15/Engine/Content/Localization/ToolTips/ko/ToolTips.locres) Source String Hash: (502993589) Localized String: (내부 시간 누산기 - 이 노드에서 애셋을 레퍼런싱하는 데 사용된 누적 시간입니다.)
Localization Resource: (C:/Program Files/Epic Games/UE_4.15/Engine/Content/Localization/Engine/ko/Engine.locres) Source String Hash: (502993589) Localized String: (이 노드에서 애셋을 레퍼런싱하는 데 사용된 누적 시간입니다.)
[2017.04.17-20.20.10:211][  0]LogTextLocalizationManager:Warning: Loaded localization resources contain conflicting entries for (Namespace:UObjectToolTips, Key:AnimNode_AssetPlayerBase:bIgnoreForRelevancyTest):
Localization Resource: (C:/Program Files/Epic Games/UE_4.15/Engine/Content/Localization/EditorTutorials/ko/EditorTutorials.locres) Source String Hash: (319969718) Localized String: (True 면, 스테이트에서 최고 가중치 애니메이션을 찾는 "Relevant anim" 노드는 이 노드를 무시합니다.
 )
Localization Resource: (C:/Program Files/Epic Games/UE_4.15/Engine/Content/Localization/ToolTips/ko/ToolTips.locres) Source String Hash: (319969718) Localized String: (연관성 테스트에 무시 - true 인 경우 스테이트 내 최고 웨이팅된 애니메이션을 찾는 "Relevant anim" (연관 애님) 노드가
이 노드를 무시합니다.)
Localization Resource: (C:/Program Files/Epic Games/UE_4.15/Engine/Content/Localization/Engine/ko/Engine.locres) Source String Hash: (319969718) Localized String: (True 면 스테이트 내 최고 웨이팅된 애니메이션을 찾는 "Relevant anim" 노드가 무시됩니다.
 )
[2017.04.17-20.20.10:211][  0]LogTextLocalizationManager:Warning: Loaded localization resources contain conflicting entries for (Namespace:UObjectToolTips, Key:AnimNode_AssetPlayerBase:BlendWeight):
Localization Resource: (C:/Program Files/Epic Games/UE_4.15/Engine/Content/Localization/EditorTutorials/ko/EditorTutorials.locres) Source String Hash: (-1232800293) Localized String: (이 노드에 마지막 걸린 블렌드웨이트 입니다.)
Localization Resource: (C:/Program Files/Epic Games/UE_4.15/Engine/Content/Localization/ToolTips/ko/ToolTips.locres) Source String Hash: (-1232800293) Localized String: (블렌드 웨이트 - 이 노드에 대해 마지막으로 접한 블렌드 웨이트입니다.)
Localization Resource: (C:/Program Files/Epic Games/UE_4.15/Engine/Content/Localization/Engine/ko/Engine.locres) Source String Hash: (-1232800293) Localized String: (이 노드에 대해 마지막 접한 블렌드 웨이트)
[2017.04.17-20.20.10:211][  0]LogTextLocalizationManager:Warning: Loaded localization resources contain conflicting entries for (Namespace:UObjectToolTips, Key:AnimNode_BlendSpacePlayer:bLoop):
Localization Resource: (C:/Program Files/Epic Games/UE_4.15/Engine/Content/Localization/EditorTutorials/ko/EditorTutorials.locres) Source String Hash: (2133979316) Localized String: (애니메이션이 끝까지 재생되면 반복할까요?)
Localization Resource: (C:/Program Files/Epic Games/UE_4.15/Engine/Content/Localization/ToolTips/ko/ToolTips.locres) Source String Hash: (2133979316) Localized String: (루프 - 애니메이션이 끝에 도달했을 때 계속 반복할까요?)
[2017.04.17-20.20.10:211][  0]LogTextLocalizationManager:Warning: Loaded localization resources contain conflicting entries for (Namespace:UObjectToolTips, Key:AnimNode_StateMachine:bSkipFirstUpdateTransition):
Localization Resource: (C:/Program Files/Epic Games/UE_4.15/Engine/Content/Localization/EditorTutorials/ko/EditorTutorials.locres) Source String Hash: (1865475011) Localized String: (첫 업데이트시 도입 상태에서의 트랜지션을 건너뛸까요? 
기본은 true 로, 첫 업데이트시에는 트랜지션 데이터를 버립니다.)
Localization Resource: (C:/Program Files/Epic Games/UE_4.15/Engine/Content/Localization/ToolTips/ko/ToolTips.locres) Source String Hash: (1865475011) Localized String: (첫 번째 업데이트 트랜지션 건너뛰기 - 첫 번째 업데이트에서 입력 스테이트의 트랜지션을 건너뜁니까?
디폴트는 true 고 첫 번째 업데이트의 트랜지션 데이터를 버립니다.)
[2017.04.17-20.20.10:212][  0]LogTextLocalizationManager:Warning: Loaded localization resources contain conflicting entries for (Namespace:UObjectToolTips, Key:AnimNode_BlendSpacePlayer:X):
Localization Resource: (C:/Program Files/Epic Games/UE_4.15/Engine/Content/Localization/EditorTutorials/ko/EditorTutorials.locres) Source String Hash: (2060772590) Localized String: (블렌드스페이스에서 샘플링할 X 좌표입니다.)
Localization Resource: (C:/Program Files/Epic Games/UE_4.15/Engine/Content/Localization/ToolTips/ko/ToolTips.locres) Source String Hash: (2060772590) Localized String: (X - 블렌드스페이스 샘플의 X 좌표입니다.)
[2017.04.17-20.20.10:212][  0]LogTextLocalizationManager:Warning: Loaded localization resources contain conflicting entries for (Namespace:UObjectToolTips, Key:AnimNode_BlendSpacePlayer:Y):
Localization Resource: (C:/Program Files/Epic Games/UE_4.15/Engine/Content/Localization/EditorTutorials/ko/EditorTutorials.locres) Source String Hash: (-1719607538) Localized String: (블렌드스페이스에서 샘플링할 Y 좌표입니다.)
Localization Resource: (C:/Program Files/Epic Games/UE_4.15/Engine/Content/Localization/ToolTips/ko/ToolTips.locres) Source String Hash: (-1719607538) Localized String: (Y - 블렌드스페이스 샘플의 Y 좌표입니다.)
[2017.04.17-20.20.10:212][  0]LogTextLocalizationManager:Warning: Loaded localization resources contain conflicting entries for (Namespace:UObjectToolTips, Key:AnimNode_BlendSpacePlayer:Z):
Localization Resource: (C:/Program Files/Epic Games/UE_4.15/Engine/Content/Localization/EditorTutorials/ko/EditorTutorials.locres) Source String Hash: (1728943471) Localized String: (블렌드스페이스에서 샘플링할 Z 좌표입니다.)
Localization Resource: (C:/Program Files/Epic Games/UE_4.15/Engine/Content/Localization/ToolTips/ko/ToolTips.locres) Source String Hash: (1728943471) Localized String: (Z - 블렌드스페이스 샘플의 Z 좌표입니다.)
[2017.04.17-20.20.10:212][  0]LogTextLocalizationManager:Warning: Loaded localization resources contain conflicting entries for (Namespace:UObjectToolTips, Key:AnimNode_BlendSpacePlayer:BlendSpace):
Localization Resource: (C:/Program Files/Epic Games/UE_4.15/Engine/Content/Localization/EditorTutorials/ko/EditorTutorials.locres) Source String Hash: (1599043277) Localized String: (재생할 블렌드스페이스 애셋입니다.)
Localization Resource: (C:/Program Files/Epic Games/UE_4.15/Engine/Content/Localization/ToolTips/ko/ToolTips.locres) Source String Hash: (1599043277) Localized String: (블렌드스페이스 - 재생할 블렌드스페이스 애셋입니다.)
[2017.04.17-20.20.10:213][  0]LogTextLocalizationManager:Warning: Loaded localization resources contain conflicting entries for (Namespace:UObjectToolTips, Key:AnimNode_StateMachine:MaxTransitionsPerFrame):
Localization Resource: (C:/Program Files/Epic Games/UE_4.15/Engine/Content/Localization/EditorTutorials/ko/EditorTutorials.locres) Source String Hash: (1567650430) Localized String: (이 머신에서 한 프레임 내 '동시에' 취할 수 있는 트랜지션 최대 수입니다.)
Localization Resource: (C:/Program Files/Epic Games/UE_4.15/Engine/Content/Localization/ToolTips/ko/ToolTips.locres) Source String Hash: (1567650430) Localized String: (프레임 당 최대 트랜지션 - 한 프레임에서 이 머신이 동시에 취할 수 있는 트랜지션 최대 수입니다.)
[2017.04.17-20.20.10:213][  0]LogTextLocalizationManager:Warning: Loaded localization resources contain conflicting entries for (Namespace:UObjectToolTips, Key:AnimNode_BlendSpacePlayer:PlayRate):
Localization Resource: (C:/Program Files/Epic Games/UE_4.15/Engine/Content/Localization/EditorTutorials/ko/EditorTutorials.locres) Source String Hash: (-1274923958) Localized String: (재생 속도 배수입니다. 음수가 되면 애니메이션을 역순으로 재생하게 됩니다.)
Localization Resource: (C:/Program Files/Epic Games/UE_4.15/Engine/Content/Localization/ToolTips/ko/ToolTips.locres) Source String Hash: (-1274923958) Localized String: (재생 속도 - 재생 속도 배수입니다. 음수가 되면 애니메이션을 거꾸로 재생합니다.)
[2017.04.17-20.20.10:213][  0]LogTextLocalizationManager:Warning: Loaded localization resources contain conflicting entries for (Namespace:UObjectToolTips, Key:AnimNode_BlendSpacePlayer:StartPosition):
Localization Resource: (C:/Program Files/Epic Games/UE_4.15/Engine/Content/Localization/EditorTutorials/ko/EditorTutorials.locres) Source String Hash: (-207153555) Localized String: (시작 위치 범위는 [0,1] 이며, 재초기화시에만 적용됩니다.
루핑을 하면, 1 회전 후 0.f 부터 시작할 것입니다.)
Localization Resource: (C:/Program Files/Epic Games/UE_4.15/Engine/Content/Localization/ToolTips/ko/ToolTips.locres) Source String Hash: (-207153555) Localized String: (시작 위치 - [0, 1] 범위의 시작 위치로, 재초기화할 때만 적용됩니다.
반복하면 1회전 후 0.f 부터 시작됩니다.)
[2017.04.17-20.20.10:213][  0]LogTextLocalizationManager:Warning: Loaded localization resources contain conflicting entries for (Namespace:UObjectToolTips, Key:CameraFilmbackSettings:SensorWidth):
Localization Resource: (C:/Program Files/Epic Games/UE_4.15/Engine/Content/Localization/ToolTips/ko/ToolTips.locres) Source String Hash: (-1448580153) Localized String: (센서 폭 - 필름백 또는 디지털 센서의 가로 크기로, mm 단위입니다.)
Localization Resource: (C:/Program Files/Epic Games/UE_4.15/Engine/Content/Localization/Engine/ko/Engine.locres) Source String Hash: (-1448580153) Localized String: (필름백 또는 디지털 센서의 가로 크기로, mm 단위입니다.)
[2017.04.17-20.20.10:213][  0]LogTextLocalizationManager:Warning: Loaded localization resources contain conflicting entries for (Namespace:UObjectToolTips, Key:CameraFilmbackSettings:SensorAspectRatio):
Localization Resource: (C:/Program Files/Epic Games/UE_4.15/Engine/Content/Localization/ToolTips/ko/ToolTips.locres) Source String Hash: (-194807515) Localized String: (센서 종횡비 - 읽기 전용입니다. 센서 치수에서 계산했습니다.)
Localization Resource: (C:/Program Files/Epic Games/UE_4.15/Engine/Content/Localization/Engine/ko/Engine.locres) Source String Hash: (-194807515) Localized String: (읽기 전용입니다. 센서 크기에서 계산했습니다.)
[2017.04.17-20.20.10:214][  0]LogTextLocalizationManager:Warning: Loaded localization resources contain conflicting entries for (Namespace:UObjectToolTips, Key:AnimNode_SequencePlayer:bLoopAnimation):
Localization Resource: (C:/Program Files/Epic Games/UE_4.15/Engine/Content/Localization/ToolTips/ko/ToolTips.locres) Source String Hash: (2133979316) Localized String: (루프 - 애니메이션이 끝에 도달했을 때 계속 반복시켜야 할까요?)
Localization Resource: (C:/Program Files/Epic Games/UE_4.15/Engine/Content/Localization/Engine/ko/Engine.locres) Source String Hash: (2133979316) Localized String: (애니메이션이 끝에 도달하면 계속해서 루핑시킬것인지 입니다.)
[2017.04.17-20.20.10:214][  0]LogTextLocalizationManager:Warning: Loaded localization resources contain conflicting entries for (Namespace:UObjectToolTips, Key:AnimNode_SequencePlayer:Sequence):
Localization Resource: (C:/Program Files/Epic Games/UE_4.15/Engine/Content/Localization/ToolTips/ko/ToolTips.locres) Source String Hash: (421436424) Localized String: (시퀀스 - 재생할 애니메이션 시퀀스 애셋입니다.)
Localization Resource: (C:/Program Files/Epic Games/UE_4.15/Engine/Content/Localization/Engine/ko/Engine.locres) Source String Hash: (421436424) Localized String: (재생할 애니메이션 시퀀스 애셋입니다.)
[2017.04.17-20.20.10:214][  0]LogTextLocalizationManager:Warning: Loaded localization resources contain conflicting entries for (Namespace:UObjectToolTips, Key:AnimNode_SequencePlayer:PlayRate):
Localization Resource: (C:/Program Files/Epic Games/UE_4.15/Engine/Content/Localization/ToolTips/ko/ToolTips.locres) Source String Hash: (-1274923958) Localized String: (재생 속도 - 재생 속도 배수입니다. 음수가 될 수 있으며, 그러면 애니메이션이 거꾸로 재생됩니다.)
Localization Resource: (C:/Program Files/Epic Games/UE_4.15/Engine/Content/Localization/Engine/ko/Engine.locres) Source String Hash: (-1274923958) Localized String: (플레이 속도 배수입니다. 음수가 되면 애니메이션이 역방향으로 재생됩니다.)
[2017.04.17-20.20.10:214][  0]LogTextLocalizationManager:Warning: Loaded localization resources contain conflicting entries for (Namespace:UObjectToolTips, Key:AnimNode_SequencePlayer:StartPosition):
Localization Resource: (C:/Program Files/Epic Games/UE_4.15/Engine/Content/Localization/ToolTips/ko/ToolTips.locres) Source String Hash: (771611000) Localized String: (시작 위치 - 시작 위치로 재초기화할 때만 적용됩니다.
반복하면, 1회전 후 0.f 부터 시작됩니다.)
Localization Resource: (C:/Program Files/Epic Games/UE_4.15/Engine/Content/Localization/Engine/ko/Engine.locres) Source String Hash: (771611000) Localized String: (시작 위치로, 재초기화시에만 적용됩니다.
루핑을 하면, 1회전 후 0.f 부터 시작할 것입니다.)
[2017.04.17-20.20.10:214][  0]LogTextLocalizationManager:Warning: Loaded localization resources contain conflicting entries for (Namespace:UObjectToolTips, Key:CameraFilmbackSettings:SensorHeight):
Localization Resource: (C:/Program Files/Epic Games/UE_4.15/Engine/Content/Localization/ToolTips/ko/ToolTips.locres) Source String Hash: (-1311569777) Localized String: (센서 높이 - 필름백 또는 디지털 센서의 세로 크기로, mm 단위입니다.)
Localization Resource: (C:/Program Files/Epic Games/UE_4.15/Engine/Content/Localization/Engine/ko/Engine.locres) Source String Hash: (-1311569777) Localized String: (필름백 또는 디지털 센서의 세로 크기로, mm 단위입니다.)
[2017.04.17-20.20.10:998][  0]LogD3D11RHI: D3D11 adapters:
[2017.04.17-20.20.11:042][  0]LogD3D11RHI:    0. 'NVIDIA GeForce GTX 960' (Feature Level 11_0)
[2017.04.17-20.20.11:043][  0]LogD3D11RHI:       4061/0/8147 MB DedicatedVideo/DedicatedSystem/SharedSystem, Outputs:2, VendorId:0x10de
[2017.04.17-20.20.11:049][  0]LogD3D11RHI:    1. 'Microsoft Basic Render Driver' (Feature Level 11_0)
[2017.04.17-20.20.11:049][  0]LogD3D11RHI:       0/0/8147 MB DedicatedVideo/DedicatedSystem/SharedSystem, Outputs:0, VendorId:0x1414
[2017.04.17-20.20.11:049][  0]LogD3D11RHI: Chosen D3D11 Adapter: 0
[2017.04.17-20.20.11:055][  0]LogD3D11RHI: Creating new Direct3DDevice
[2017.04.17-20.20.11:055][  0]LogD3D11RHI:     GPU DeviceId: 0x1401 (for the marketing name, search the web for "GPU Device Id")
[2017.04.17-20.20.11:055][  0]LogWindows: EnumDisplayDevices:
[2017.04.17-20.20.11:055][  0]LogWindows:    0. 'NVIDIA GeForce GTX 960' (P:1 D:1)
[2017.04.17-20.20.11:056][  0]LogWindows:    1. 'NVIDIA GeForce GTX 960' (P:0 D:1)
[2017.04.17-20.20.11:057][  0]LogWindows:    2. 'NVIDIA GeForce GTX 960' (P:0 D:0)
[2017.04.17-20.20.11:058][  0]LogWindows:    3. 'NVIDIA GeForce GTX 960' (P:0 D:0)
[2017.04.17-20.20.11:058][  0]LogWindows: DebugString: FoundDriverCount:4 
[2017.04.17-20.20.11:058][  0]LogD3D11RHI:     Adapter Name: NVIDIA GeForce GTX 960
[2017.04.17-20.20.11:058][  0]LogD3D11RHI:   Driver Version: 376.53 (internal:21.21.13.7653, unified:376.53)
[2017.04.17-20.20.11:058][  0]LogD3D11RHI:      Driver Date: 12-29-2016
[2017.04.17-20.20.11:058][  0]LogRHI: Texture pool is 1361 MB (70% of 1945 MB)
[2017.04.17-20.20.11:074][  0]LogD3D11RHI: Async texture creation enabled
[2017.04.17-20.20.11:085][  0]LogD3D11RHI: GPU Timing Frequency: 1000.000000 (Debug: 2 1)
[2017.04.17-20.20.11:187][  0]LogShaderCompilers: Guid format shader working directory is -9 characters bigger than the processId version (../../../../../../Users/DohyunYun/Desktop/NoahProject/Noah/Intermediate/Shaders/WorkingDirectory/17852/).
[2017.04.17-20.20.11:187][  0]LogShaderCompilers: Cleaned the shader compiler working directory 'C:/Users/DohyunYun/AppData/Local/Temp/UnrealShaderWorkingDir/27B7B96648924C4FAC8CEEB507653277/'.
[2017.04.17-20.20.11:187][  0]LogShaderCompilers:Display: Using Local Shader Compiler.
[2017.04.17-20.20.12:721][  0]LogTemp:Display: Loaded TP AllDesktopTargetPlatform
[2017.04.17-20.20.13:040][  0]LogTemp:Display: Loaded TP MacClientTargetPlatform
[2017.04.17-20.20.13:336][  0]LogTemp:Display: Loaded TP MacNoEditorTargetPlatform
[2017.04.17-20.20.13:616][  0]LogTemp:Display: Loaded TP MacServerTargetPlatform
[2017.04.17-20.20.13:897][  0]LogTemp:Display: Loaded TP MacTargetPlatform
[2017.04.17-20.20.14:177][  0]LogTemp:Display: Loaded TP WindowsClientTargetPlatform
[2017.04.17-20.20.14:453][  0]LogTemp:Display: Loaded TP WindowsNoEditorTargetPlatform
[2017.04.17-20.20.14:732][  0]LogTemp:Display: Loaded TP WindowsServerTargetPlatform
[2017.04.17-20.20.14:921][  0]LogTemp:Display: Loaded TP WindowsTargetPlatform
[2017.04.17-20.20.15:209][  0]LogTemp:Display: Loaded TP AndroidTargetPlatform
[2017.04.17-20.20.15:484][  0]LogTemp:Display: Loaded TP Android_ASTCTargetPlatform
[2017.04.17-20.20.15:772][  0]LogTemp:Display: Loaded TP Android_ATCTargetPlatform
[2017.04.17-20.20.16:061][  0]LogTemp:Display: Loaded TP Android_DXTTargetPlatform
[2017.04.17-20.20.16:342][  0]LogTemp:Display: Loaded TP Android_ETC1TargetPlatform
[2017.04.17-20.20.16:622][  0]LogTemp:Display: Loaded TP Android_ETC2TargetPlatform
[2017.04.17-20.20.17:187][  0]LogTemp:Display: Loaded TP Android_MultiTargetPlatform
[2017.04.17-20.20.17:188][  0]LogTemp:Display: Loaded TP Android_PVRTCTargetPlatform
[2017.04.17-20.20.17:374][  0]LogTemp:Display: Loaded TP HTML5TargetPlatform
[2017.04.17-20.20.17:773][  0]LogTemp:Display: Loaded TP IOSTargetPlatform
[2017.04.17-20.20.17:992][  0]LogTemp:Display: Loaded TP TVOSTargetPlatform
[2017.04.17-20.20.18:269][  0]LogTemp:Display: Loaded TP LinuxClientTargetPlatform
[2017.04.17-20.20.18:540][  0]LogTemp:Display: Loaded TP LinuxNoEditorTargetPlatform
[2017.04.17-20.20.18:806][  0]LogTemp:Display: Loaded TP LinuxServerTargetPlatform
[2017.04.17-20.20.19:070][  0]LogTemp:Display: Loaded TP LinuxTargetPlatform
[2017.04.17-20.20.19:070][  0]LogTargetPlatformManager:Display: Building Assets For Windows
[2017.04.17-20.20.21:285][  0]LogDerivedDataCache:Display: Max Cache Size: 512 MB
[2017.04.17-20.20.21:334][  0]LogDerivedDataCache: Loaded boot cache 0.05s 51MB C:/Users/DohyunYun/AppData/Local/UnrealEngine/4.15/DerivedDataCache/Boot.ddc.
[2017.04.17-20.20.21:334][  0]LogDerivedDataCache:Display: Loaded Boot cache: C:/Users/DohyunYun/AppData/Local/UnrealEngine/4.15/DerivedDataCache/Boot.ddc
[2017.04.17-20.20.21:334][  0]LogDerivedDataCache: FDerivedDataBackendGraph:  Pak pak cache file ../../../../../../Users/DohyunYun/Desktop/NoahProject/Noah/DerivedDataCache/DDC.ddp not found, will not use a pak cache.
[2017.04.17-20.20.21:334][  0]LogDerivedDataCache: Unable to find inner node Pak for hierarchical cache Hierarchy.
[2017.04.17-20.20.21:334][  0]LogDerivedDataCache: FDerivedDataBackendGraph:  CompressedPak pak cache file ../../../../../../Users/DohyunYun/Desktop/NoahProject/Noah/DerivedDataCache/Compressed.ddp not found, will not use a pak cache.
[2017.04.17-20.20.21:334][  0]LogDerivedDataCache: Unable to find inner node CompressedPak for hierarchical cache Hierarchy.
[2017.04.17-20.20.21:351][  0]LogDerivedDataCache:Display: Pak cache opened for reading ../../../Engine/DerivedDataCache/Compressed.ddp.
[2017.04.17-20.20.21:365][  0]LogDerivedDataCache: Using Local data cache path C:/Users/DohyunYun/AppData/Local/UnrealEngine/Common/DerivedDataCache: Writable
[2017.04.17-20.20.21:374][  0]LogSlate: Using Freetype 2.6.0
[2017.04.17-20.20.21:375][  0]LogSlate: SlateFontCache - WITH_FREETYPE: 1, WITH_HARFBUZZ: 1
[2017.04.17-20.20.21:375][  0]LogSlate: SlateFontCache - WITH_FREETYPE: 1, WITH_HARFBUZZ: 1
[2017.04.17-20.20.21:685][  0]LogInit: Selected Device Profile: [Windows]
[2017.04.17-20.20.21:688][  0]LogContentStreaming: Texture pool size is 0.00 MB
[2017.04.17-20.20.22:270][  0]LogMeshUtilities: Using QuadricMeshReduction for automatic static mesh reduction
[2017.04.17-20.20.22:472][  0]LogSimplygon: Simplygon DLL not present - disabling.
[2017.04.17-20.20.22:669][  0]LogMeshUtilities: Using SimplygonSwarm for distributed automatic mesh merging
[2017.04.17-20.20.22:669][  0]LogMeshUtilities: No automatic skeletal mesh reduction module available
[2017.04.17-20.20.22:669][  0]LogMeshUtilities: No automatic mesh merging module available
[2017.04.17-20.20.23:701][  0]LogNetVersion: GetLocalNetworkVersion: CL: 3299760, ProjectName: noah, ProjectVersion: , EngineNetworkVersion: 2, GameNetworkVersion: 0, NetworkChecksum: 3984355841
[2017.04.17-20.20.23:840][  0]LogAssetRegistry: FAssetRegistry took 0.0240 seconds to start up
[2017.04.17-20.20.23:993][  0]LogPackageLocalizationCache: Processed 3 localized package path(s) for 2 prioritized culture(s) in 0.041415 seconds
[2017.04.17-20.20.23:998][  0]LogUObjectArray: 32493 objects as part of root set at end of initial load.
[2017.04.17-20.20.23:998][  0]LogUObjectAllocator: 7077032 out of 0 bytes used by permanent object pool.
[2017.04.17-20.20.23:998][  0]LogUObjectArray: CloseDisregardForGC: 0/0 objects in disregard for GC pool
[2017.04.17-20.20.24:340][  0]LogInit: WinSock: version 1.1 (2.2), MaxSocks=32767, MaxUdp=65467
[2017.04.17-20.20.29:832][  0]LogTcpMessaging: Initializing TcpMessaging bridge
[2017.04.17-20.20.29:963][  0]LogUdpMessaging: Initializing bridge on interface 0.0.0.0:0 to multicast group 230.0.0.1:6666.
[2017.04.17-20.20.30:799][  0]LogClass: Noah:AItem Init
[2017.04.17-20.20.30:800][  0]LogClass: Noah:UInventory Init
[2017.04.17-20.20.30:800][  0]LogClass: Noah:UInventory Init
[2017.04.17-20.20.30:866][  0]LogClass: Noah:UInventory Init
[2017.04.17-20.20.30:975][  0]LogClass: Noah:AItem Init
[2017.04.17-20.20.30:998][  0]LogClass: Noah:AItem Init
[2017.04.17-20.20.31:012][  0]LogClass: Noah:UInventory Init
[2017.04.17-20.20.31:014][  0]LogClass: Noah:UInventory Init
[2017.04.17-20.20.31:019][  0]LogClass: Noah:UInventory Init
[2017.04.17-20.20.31:025][  0]LogClass: Noah:AItem Init
[2017.04.17-20.20.31:082][  0]LogClass: Noah:UInventory Init
[2017.04.17-20.20.31:087][  0]LogClass: Noah:UInventory Init
[2017.04.17-20.20.32:085][  0]LogMaterial: Uniform references updated for custom material expression Custom.
[2017.04.17-20.20.33:534][  0]SourceControl: 정보 소스 콘트롤이 꺼졌습니다.
[2017.04.17-20.20.33:616][  0]SourceControl: 정보 소스 콘트롤이 꺼졌습니다.
[2017.04.17-20.20.33:819][  0]SourceControl: 정보 소스 콘트롤이 꺼졌습니다.
[2017.04.17-20.20.34:011][  0]SourceControl: 정보 소스 콘트롤이 꺼졌습니다.
[2017.04.17-20.20.39:096][  0]LogEngine: Initializing Engine...
[2017.04.17-20.20.39:097][  0]LogHMD: Failed to initialize OpenVR with code 110
[2017.04.17-20.20.39:749][  0]LogAIModule: Creating AISystem for world Untitled
[2017.04.17-20.20.39:800][  0]LogInit: XAudio2 using '스피커(Realtek High Definition Audio)' : 2 channels at 48 kHz using 32 bits per sample (channel mask 0x3)
[2017.04.17-20.20.39:856][  0]LogInit: FAudioDevice initialized.
[2017.04.17-20.20.39:883][  0]LogDerivedDataCache: Saved boot cache 0.03s 51MB C:/Users/DohyunYun/AppData/Local/UnrealEngine/4.15/DerivedDataCache/Boot.ddc.
[2017.04.17-20.20.39:886][  0]LogInit: Texture streaming: Enabled
[2017.04.17-20.20.40:361][  0]LogEngineSessionManager: EngineSessionManager initialized
[2017.04.17-20.20.40:736][  0]LogInit: Transaction tracking system initialized
[2017.04.17-20.20.42:289][  0]BlueprintLog: New page: 에디터 로드
[2017.04.17-20.20.46:413][  0]LocalizationService: 정보 현지화 서비스가 비활성화되었습니다.
[2017.04.17-20.20.49:785][  0]LogConsoleResponse:Display: 
[2017.04.17-20.20.50:019][  0]LogCook:Display: Max memory allowance for cook 16384mb min free memory 0mb
[2017.04.17-20.20.50:019][  0]LogCook:Display: Mobile HDR setting 1
[2017.04.17-20.20.50:627][  0]LogFileCache: Scanning file cache for directory 'C:/Users/DohyunYun/Desktop/NoahProject/Noah/Content/' took 0.02s
[2017.04.17-20.20.54:576][  0]SourceControl: 정보 소스 콘트롤이 꺼졌습니다.
[2017.04.17-20.20.54:576][  0]Cmd: MAP LOAD FILE="../../../../../../Users/DohyunYun/Desktop/NoahProject/Noah/Content/World.umap" TEMPLATE=0 SHOWPROGRESS=1 FEATURELEVEL=3
[2017.04.17-20.20.54:577][  0]LightingResults: New page: 라이팅 빌드
[2017.04.17-20.20.54:756][  0]MapCheck: New page: 맵 체크
[2017.04.17-20.20.54:756][  0]LightingResults: New page: 라이팅 빌드
[2017.04.17-20.20.54:918][  0]LogAIModule: Creating AISystem for world World
[2017.04.17-20.20.54:940][  0]LogEditorServer: Finished looking for orphan Actors (0.000 secs)
[2017.04.17-20.20.54:940][  0]Cmd: MAP CHECKDEP NOCLEARLOG
[2017.04.17-20.20.55:065][  0]MapCheck: 정보 맵 체크 완료: 오류 0 회, 경고 0 회, 소요 시간 124.651ms.
[2017.04.17-20.20.55:065][  0]LogFileHelpers: Loading map 'World' took 0.489
[2017.04.17-20.20.55:143][  0]LogWindowsTextInputMethodSystem:Display: IME system now activated using TSF (Microsoft 입력기).
[2017.04.17-20.20.55:364][  0]LogCollectionManager: Loaded 0 collections in 0.001394 seconds
[2017.04.17-20.20.55:608][  0]LogFileCache: Scanning file cache for directory 'C:/Users/DohyunYun/Desktop/NoahProject/Noah/Saved/Collections/' took 0.01s
[2017.04.17-20.20.55:608][  0]LogFileCache: Scanning file cache for directory 'C:/Users/DohyunYun/Desktop/NoahProject/Noah/Content/Developers/DohyunYun/Collections/' took 0.01s
[2017.04.17-20.20.55:608][  0]LogFileCache: Scanning file cache for directory 'C:/Users/DohyunYun/Desktop/NoahProject/Noah/Content/Collections/' took 0.01s
[2017.04.17-20.20.55:608][  0]LogCollectionManager: Rebuilt the GUID cache for 0 collections in 0.000001 seconds
[2017.04.17-20.20.55:618][  0]LogContentBrowser: Native class hierarchy populated in 0.0094 seconds. Added 2256 classes and 455 folders.
[2017.04.17-20.20.55:628][  0]LogStats: UGameplayTagsManager::ConstructGameplayTagTree: Construct from data asset -  0.000 s
[2017.04.17-20.20.55:628][  0]LogStats: UGameplayTagsManager::ConstructGameplayTagTree: GameplayTagTreeChangedEvent.Broadcast -  0.000 s
[2017.04.17-20.20.55:935][  0]LogContentBrowser: Native class hierarchy updated for 'WidgetCarousel' in 0.0015 seconds. Added 0 classes and 0 folders.
[2017.04.17-20.20.55:988][  0]LogContentBrowser: Native class hierarchy updated for 'AddContentDialog' in 0.0016 seconds. Added 0 classes and 0 folders.
[2017.04.17-20.20.56:186][  0]LogContentBrowser: Native class hierarchy updated for 'SceneOutliner' in 0.0017 seconds. Added 1 classes and 2 folders.
[2017.04.17-20.20.56:403][  0]LogCrashTracker: Crashtracker disabled due to settings.
[2017.04.17-20.20.56:410][  0]LogUObjectGlobals:Warning: 'Class 없음.' 오브젝트를 찾는 데 실패했습니다.
[2017.04.17-20.20.56:645][  0]LogContentBrowser: Native class hierarchy updated for 'HierarchicalLODOutliner' in 0.0015 seconds. Added 1 classes and 2 folders.
[2017.04.17-20.20.56:645][  0]LogLoad: (Engine Initialization) Total time: 50.91 seconds
[2017.04.17-20.20.56:645][  0]LogLoad: (Engine Initialization) Total Blueprint compile time: 0.39 seconds
[2017.04.17-20.20.56:645][  0]LogExternalProfiler: Found external profiler: VSPerf
[2017.04.17-20.20.56:645][  0]LogExternalProfiler: Using external profiler: VSPerf
[2017.04.17-20.20.56:656][  0]LogOcInput: OculusInput pre-init called
[2017.04.17-20.20.56:657][  0]LoadErrors:Error: 오류 오래된 클래스 LandscapeProxy 에 대한 리디렉터 다수가 포함된 콜리전이 ActiveClassRedirects 에 들어있습니다.
[2017.04.17-20.20.56:672][  0]LogAssetRegistry: Asset discovery search completed in 32.8561 seconds
[2017.04.17-20.20.56:672][  0]LogCollectionManager: Rebuilt the object cache for 0 collections in 0.000004 seconds (found 0 objects)
[2017.04.17-20.20.56:672][  0]LogCollectionManager: Fixed up redirectors for 0 collections in 0.000070 seconds (updated 0 objects)
[2017.04.17-20.20.56:677][  0]LogContentStreaming: Texture pool size now 1000 MB
[2017.04.17-20.20.56:702][  0]LogSlate: Took 0.000296 seconds to synchronously load lazily loaded font '../../../Engine/Content/Slate/Fonts/Roboto-Regular.ttf' (155K)
[2017.04.17-20.20.56:707][  0]LogSlate: Took 0.002609 seconds to synchronously load lazily loaded font '../../../Engine/Content/Slate/Fonts/NanumGothic.ttf' (4243K)
[2017.04.17-20.20.56:709][  0]LogSlate: Took 0.000271 seconds to synchronously load lazily loaded font '../../../Engine/Content/Slate/Fonts/Roboto-Bold.ttf' (160K)
[2017.04.17-20.20.56:714][  0]LogSlate: Took 0.000296 seconds to synchronously load lazily loaded font '../../../Engine/Content/Editor/Slate/Fonts/FontAwesome.ttf' (139K)
[2017.04.17-20.20.56:838][  0]LogSlate: Took 0.000254 seconds to synchronously load lazily loaded font '../../../Engine/Content/Slate/Fonts/Roboto-Light.ttf' (159K)
[2017.04.17-20.20.56:873][  0]LogRenderer: Reallocating scene render targets to support 1176x568 NumSamples 1 (Frame:2).
[2017.04.17-20.20.59:062][240]LogSlate: Took 0.000223 seconds to synchronously load lazily loaded font '../../../Engine/Content/Slate/Fonts/Roboto-Light.ttf' (159K)
[2017.04.17-20.20.59:803][240]LogContentBrowser: Native class hierarchy updated for 'BlueprintGraph' in 0.0018 seconds. Added 112 classes and 0 folders.
[2017.04.17-20.21.00:372][240]LogSlate: Took 0.000242 seconds to synchronously load lazily loaded font '../../../Engine/Content/Slate/Fonts/Roboto-Regular.ttf' (155K)
[2017.04.17-20.21.00:444][240]LogActor:Warning: BP_Wave_C /Engine/Transient.World_1:PersistentLevel.BP_Wave_C_0 has natively added scene component(s), but none of them were set as the actor's RootComponent - picking one arbitrarily
[2017.04.17-20.21.00:445][240]LogActor:Warning: BP_Wave_C /Engine/Transient.World_0:PersistentLevel.BP_Wave_C_1 has natively added scene component(s), but none of them were set as the actor's RootComponent - picking one arbitrarily
[2017.04.17-20.21.00:452][240]LogSlate: Took 0.000332 seconds to synchronously load lazily loaded font '../../../Engine/Content/Editor/Slate/Fonts/Roboto-BoldCondensed.ttf' (158K)
[2017.04.17-20.21.01:713][354]LogSlate: Took 0.000328 seconds to synchronously load lazily loaded font '../../../Engine/Content/Editor/Slate/Fonts/Roboto-Italic.ttf' (157K)
[2017.04.17-20.21.02:714][436]LogRenderer: Reallocating scene render targets to support 1176x712 NumSamples 1 (Frame:407).
[2017.04.17-20.22.06:911][966]Recompiling Noah...
[2017.04.17-20.22.06:911][966]Launching UnrealBuildTool... [C:/Program Files/Epic Games/UE_4.15/Engine/Binaries/DotNET/UnrealBuildTool.exe Noah -ModuleWithSuffix Noah 2830 Win64 DebugGame -editorrecompile -canskiplink "C:/Users/DohyunYun/Desktop/NoahProject/Noah/Noah.uproject" ]
[2017.04.17-20.22.06:913][966]Warning: Starting HotReload took  0.0s.
[2017.04.17-20.22.19:241][287]CompilerResultsLog: New page: 컴파일 - 2017. 4. 18. 오후 2:22:19
[2017.04.17-20.22.19:242][287]CompilerResultsLog: 정보 Compiling game modules for hot reload
[2017.04.17-20.22.19:242][287]CompilerResultsLog: 정보 Parsing headers for NoahEditor
[2017.04.17-20.22.19:242][287]CompilerResultsLog: 정보   Running UnrealHeaderTool "C:\Users\DohyunYun\Desktop\NoahProject\Noah\Noah.uproject" "C:\Users\DohyunYun\Desktop\NoahProject\Noah\Intermediate\Build\Win64\NoahEditor\DebugGame\NoahEditor.uhtmanifest" -LogCmds="loginit warning, logexit warning, logdatabase error" -Unattended -WarningsAsErrors -installed
[2017.04.17-20.22.19:243][287]CompilerResultsLog: 정보 Reflection code generated for NoahEditor in 3.7619396 seconds
[2017.04.17-20.22.19:243][287]CompilerResultsLog: 정보 Performing 4 actions (4 in parallel)
[2017.04.17-20.22.19:244][287]CompilerResultsLog: 정보 Noah.generated.cpp
[2017.04.17-20.22.19:244][287]CompilerResultsLog: 정보 Wave.cpp
[2017.04.17-20.22.19:244][287]CompilerResultsLog: 정보 [3/4] Link UE4Editor-Noah-2830-Win64-DebugGame.dll
[2017.04.17-20.22.19:244][287]CompilerResultsLog: 정보 [4/4] Link UE4Editor-Noah-2830-Win64-DebugGame.lib
[2017.04.17-20.22.19:244][287]CompilerResultsLog: 정보    C:\Users\DohyunYun\Desktop\NoahProject\Noah\Intermediate\Build\Win64\UE4Editor\DebugGame\UE4Editor-Noah-2830-Win64-DebugGame.lib ???̺귯?? ?? C:\Users\DohyunYun\Desktop\NoahProject\Noah\Intermediate\Build\Win64\UE4Editor\DebugGame\UE4Editor-Noah-2830-Win64-DebugGame.exp ??ü?? ?????ϰ? ?ֽ??ϴ?.
[2017.04.17-20.22.19:245][287]CompilerResultsLog: 정보    C:\Users\DohyunYun\Desktop\NoahProject\Noah\Intermediate\Build\Win64\UE4Editor\DebugGame\UE4Editor-Noah-2830-Win64-DebugGame.suppressed.lib ???̺귯?? ?? C:\Users\DohyunYun\Desktop\NoahProject\Noah\Intermediate\Build\Win64\UE4Editor\DebugGame\UE4Editor-Noah-2830-Win64-DebugGame.suppressed.exp ??ü?? ?????ϰ? ?ֽ??ϴ?.
[2017.04.17-20.22.19:245][287]CompilerResultsLog: 정보 Total build time: 11.89 seconds (Local executor: 3.99 seconds)
[2017.04.17-20.22.19:245][287]LogMainFrame: MainFrame: Module compiling took 12.343 seconds
[2017.04.17-20.22.19:475][287]LogClass: Noah:AItem Init
[2017.04.17-20.22.19:475][287]LogClass: Noah:UInventory Init
[2017.04.17-20.22.19:475][287]LogClass: Noah:UInventory Init
[2017.04.17-20.22.19:476][287]LogClass: Noah:UInventory Init
[2017.04.17-20.22.19:476][287]LogClass: Noah:UInventory Init
[2017.04.17-20.22.19:485][287]LogClass: Could not find existing class Wave in package /Script/Noah for HotReload, assuming new class
[2017.04.17-20.22.19:485][287]LogClass: ItemStruct HotReload.
[2017.04.17-20.22.19:485][287]LogClass: CraftItemStruct HotReload.
[2017.04.17-20.22.19:485][287]LogClass: SimpleItemStruct HotReload.
[2017.04.17-20.22.19:486][287]LogClass: Noah:AItem Init
[2017.04.17-20.22.19:487][287]LogClass: Noah:UInventory Init
[2017.04.17-20.22.19:488][287]LogClass: Noah:UInventory Init
[2017.04.17-20.22.19:494][287]LogHotReload: Re-instancing Wave after hot-reload.
[2017.04.17-20.22.19:511][287]LogActor:Warning: BP_Wave_C /Engine/Transient.World_1:PersistentLevel.BP_Wave_C_1 has natively added scene component(s), but none of them were set as the actor's RootComponent - picking one arbitrarily
[2017.04.17-20.22.19:631][287]LogActor:Warning: BP_Wave_C /Engine/Transient.World_0:PersistentLevel.BP_Wave_C_1 has natively added scene component(s), but none of them were set as the actor's RootComponent - picking one arbitrarily
[2017.04.17-20.22.19:747][287]LogContentBrowser: Native class hierarchy updated for 'Noah' in 0.0015 seconds. Added 11 classes and 2 folders.
[2017.04.17-20.22.19:753][287]Display: HotReload successful (13 functions remapped  3 scriptstructs remapped)
[2017.04.17-20.22.20:060][287]LogContentBrowser: Native class hierarchy populated in 0.0092 seconds. Added 2258 classes and 459 folders.
[2017.04.17-20.22.20:060][287]Display: HotReload took 13.2s.
[2017.04.17-20.22.36:844][117]LogSlate: Took 0.000273 seconds to synchronously load lazily loaded font '../../../Engine/Content/Slate/Fonts/Roboto-Light.ttf' (159K)
[2017.04.17-20.23.11:863][910]LogSlate:Warning: Prevented a slow task dialog from being summoned while a context menu was open
[2017.04.17-20.24.26:587][423]BlueprintLog: New page: BP_Wave 컴파일
[2017.04.17-20.24.26:610][423]LogActor:Warning: BP_Wave_C /Engine/Transient.World_1:PersistentLevel.BP_Wave_C_1 has natively added scene component(s), but none of them were set as the actor's RootComponent - picking one arbitrarily
[2017.04.17-20.24.26:611][423]LogActor:Warning: BP_Wave_C /Engine/Transient.World_0:PersistentLevel.BP_Wave_C_1 has natively added scene component(s), but none of them were set as the actor's RootComponent - picking one arbitrarily
[2017.04.17-20.24.26:868][423]LogActor:Warning: BP_Wave_C /Engine/Transient.World_1:PersistentLevel.BP_Wave_C_0 has natively added scene component(s), but none of them were set as the actor's RootComponent - picking one arbitrarily
[2017.04.17-20.24.27:018][438]BlueprintLog: New page: BP_Wave 컴파일
[2017.04.17-20.24.39:295][253]Recompiling Noah...
[2017.04.17-20.24.39:295][253]Launching UnrealBuildTool... [C:/Program Files/Epic Games/UE_4.15/Engine/Binaries/DotNET/UnrealBuildTool.exe Noah -ModuleWithSuffix Noah 3368 Win64 DebugGame -editorrecompile -canskiplink "C:/Users/DohyunYun/Desktop/NoahProject/Noah/Noah.uproject" ]
[2017.04.17-20.24.39:297][253]Warning: Starting HotReload took  0.0s.
[2017.04.17-20.24.51:076][503]CompilerResultsLog: New page: 컴파일 - 2017. 4. 18. 오후 2:24:51
[2017.04.17-20.24.51:076][503]CompilerResultsLog: 정보 Compiling game modules for hot reload
[2017.04.17-20.24.51:077][503]CompilerResultsLog: 정보 Parsing headers for NoahEditor
[2017.04.17-20.24.51:077][503]CompilerResultsLog: 정보   Running UnrealHeaderTool "C:\Users\DohyunYun\Desktop\NoahProject\Noah\Noah.uproject" "C:\Users\DohyunYun\Desktop\NoahProject\Noah\Intermediate\Build\Win64\NoahEditor\DebugGame\NoahEditor.uhtmanifest" -LogCmds="loginit warning, logexit warning, logdatabase error" -Unattended -WarningsAsErrors -installed
[2017.04.17-20.24.51:078][503]CompilerResultsLog: 정보 Reflection code generated for NoahEditor in 3.7213388 seconds
[2017.04.17-20.24.51:079][503]CompilerResultsLog: 정보 Performing 3 actions (4 in parallel)
[2017.04.17-20.24.51:079][503]CompilerResultsLog: 정보 Wave.cpp
[2017.04.17-20.24.51:079][503]CompilerResultsLog: 정보 [2/3] Link UE4Editor-Noah-3368-Win64-DebugGame.dll
[2017.04.17-20.24.51:080][503]CompilerResultsLog: 정보 [3/3] Link UE4Editor-Noah-3368-Win64-DebugGame.lib
[2017.04.17-20.24.51:080][503]CompilerResultsLog: 정보    C:\Users\DohyunYun\Desktop\NoahProject\Noah\Intermediate\Build\Win64\UE4Editor\DebugGame\UE4Editor-Noah-3368-Win64-DebugGame.lib ???̺귯?? ?? C:\Users\DohyunYun\Desktop\NoahProject\Noah\Intermediate\Build\Win64\UE4Editor\DebugGame\UE4Editor-Noah-3368-Win64-DebugGame.exp ??ü?? ?????ϰ? ?ֽ??ϴ?.
[2017.04.17-20.24.51:080][503]CompilerResultsLog: 정보    C:\Users\DohyunYun\Desktop\NoahProject\Noah\Intermediate\Build\Win64\UE4Editor\DebugGame\UE4Editor-Noah-3368-Win64-DebugGame.suppressed.lib ???̺귯?? ?? C:\Users\DohyunYun\Desktop\NoahProject\Noah\Intermediate\Build\Win64\UE4Editor\DebugGame\UE4Editor-Noah-3368-Win64-DebugGame.suppressed.exp ??ü?? ?????ϰ? ?ֽ??ϴ?.
[2017.04.17-20.24.51:080][503]CompilerResultsLog: 정보 Total build time: 11.37 seconds (Local executor: 3.82 seconds)
[2017.04.17-20.24.51:080][503]LogMainFrame: MainFrame: Module compiling took 11.793 seconds
[2017.04.17-20.24.51:308][503]LogClass: Noah:AItem Init
[2017.04.17-20.24.51:309][503]LogClass: Noah:UInventory Init
[2017.04.17-20.24.51:309][503]LogClass: Noah:UInventory Init
[2017.04.17-20.24.51:309][503]LogClass: Noah:UInventory Init
[2017.04.17-20.24.51:310][503]LogClass: Noah:UInventory Init
[2017.04.17-20.24.51:321][503]LogClass: ItemStruct HotReload.
[2017.04.17-20.24.51:322][503]LogClass: CraftItemStruct HotReload.
[2017.04.17-20.24.51:322][503]LogClass: SimpleItemStruct HotReload.
[2017.04.17-20.24.51:323][503]LogClass: Noah:AItem Init
[2017.04.17-20.24.51:324][503]LogClass: Noah:UInventory Init
[2017.04.17-20.24.51:324][503]LogClass: Noah:UInventory Init
[2017.04.17-20.24.51:328][503]LogContentBrowser: Native class hierarchy updated for 'Noah' in 0.0015 seconds. Added 11 classes and 2 folders.
[2017.04.17-20.24.51:330][503]Display: HotReload successful (13 functions remapped  3 scriptstructs remapped)
[2017.04.17-20.24.51:574][503]LogContentBrowser: Native class hierarchy populated in 0.0091 seconds. Added 2258 classes and 459 folders.
[2017.04.17-20.24.51:574][503]Display: HotReload took 12.3s.
[2017.04.17-20.24.54:507][799]LogActor:Warning: BP_Wave_C /Engine/Transient.World_4:PersistentLevel.BP_Wave_C_20 has natively added scene component(s), but none of them were set as the actor's RootComponent - picking one arbitrarily
[2017.04.17-20.24.56:284][930]LogActor:Warning: BP_Wave_C /Engine/Transient.World_5:PersistentLevel.BP_Wave_C_21 has natively added scene component(s), but none of them were set as the actor's RootComponent - picking one arbitrarily
[2017.04.17-20.25.15:488][576]LogActorComponent: UnregisterComponent: (/Engine/Transient.EditorFloorComp) Not registered. Aborting.
[2017.04.17-20.25.31:827][884]LogAIModule: Creating AISystem for world TestMap
[2017.04.17-20.25.32:902][884]Cmd: OBJ SAVEPACKAGE PACKAGE="/Game/MapEnvironment/BP_Wave" FILE="../../../../../../Users/DohyunYun/Desktop/NoahProject/Noah/Content/MapEnvironment/BP_Wave.uasset" SILENT=true
[2017.04.17-20.25.33:013][884]LogSavePackage: Save=17.28ms
[2017.04.17-20.25.33:014][884]LogSavePackage: Moving '../../../../../../Users/DohyunYun/Desktop/NoahProject/Noah/Saved/BP_Wave514D430E4C43D9E8D3DD919A8815B3BC.tmp' to '../../../../../../Users/DohyunYun/Desktop/NoahProject/Noah/Content/MapEnvironment/BP_Wave.uasset'
[2017.04.17-20.25.33:019][884]LogSavePackage:Display: Finished SavePackage ../../../../../../Users/DohyunYun/Desktop/NoahProject/Noah/Content/MapEnvironment/BP_Wave.uasset
[2017.04.17-20.25.33:020][884]Cmd: MAP LOAD FILE="../../../../../../Users/DohyunYun/Desktop/NoahProject/Noah/Content/Maps/TestMap.umap" TEMPLATE=0 SHOWPROGRESS=1 FEATURELEVEL=3
[2017.04.17-20.25.33:020][884]LightingResults: New page: 라이팅 빌드
[2017.04.17-20.25.33:022][884]LoadErrors: New page: 맵 로드중: TestMap.umap
[2017.04.17-20.25.33:023][884]MapCheck: New page: 맵 체크
[2017.04.17-20.25.33:023][884]LightingResults: New page: 라이팅 빌드
[2017.04.17-20.25.33:486][884]LogEditorServer: Finished looking for orphan Actors (0.000 secs)
[2017.04.17-20.25.33:555][884]Cmd: MAP CHECKDEP NOCLEARLOG
[2017.04.17-20.25.33:707][884]MapCheck: 정보 맵 체크 완료: 오류 0 회, 경고 0 회, 소요 시간 151.671ms.
[2017.04.17-20.25.33:708][884]LogFileHelpers: Loading map 'TestMap' took 0.689
[2017.04.17-20.25.36:288][155]LogTemp: Repeting last play command: 선택된 뷰포트
[2017.04.17-20.25.36:324][155]LogBlueprintUserMessages: Early PlayInEditor Detection: Level '/Game/Maps/TestMap.TestMap:PersistentLevel' has LevelScriptBlueprint '/Game/Maps/TestMap.TestMap:PersistentLevel.TestMap' with GeneratedClass '/Game/Maps/TestMap.TestMap_C' with ClassGeneratedBy '/Game/Maps/TestMap.TestMap:PersistentLevel.TestMap'
[2017.04.17-20.25.36:324][155]LogPlayLevel: PlayLevel: No blueprints needed recompiling
[2017.04.17-20.25.36:324][155]PIE: New page: PIE 세션: TestMap (2017. 4. 18. 오후 2:25:36)
[2017.04.17-20.25.36:324][155]LogPlayLevel: Creating play world package: /Game/Maps/UEDPIE_0_TestMap
[2017.04.17-20.25.36:351][155]LogPlayLevel: PIE: StaticDuplicateObject took: (0.026968s)
[2017.04.17-20.25.36:352][155]LogAIModule: Creating AISystem for world TestMap
[2017.04.17-20.25.36:352][155]LogPlayLevel: PIE: World Init took: (0.000935s)
[2017.04.17-20.25.36:353][155]LogPlayLevel: PIE: Created PIE world by copying editor world from /Game/Maps/TestMap.TestMap to /Game/Maps/UEDPIE_0_TestMap.TestMap (0.028380s)
[2017.04.17-20.25.36:396][155]LogInit: XAudio2 using '스피커(Realtek High Definition Audio)' : 2 channels at 48 kHz using 32 bits per sample (channel mask 0x3)
[2017.04.17-20.25.36:419][155]LogInit: FAudioDevice initialized.
[2017.04.17-20.25.36:469][155]LogLoad: Game class is 'NoahGameModeBase'
[2017.04.17-20.25.36:476][155]LogWorld: Bringing World /Game/Maps/UEDPIE_0_TestMap.TestMap up for play (max tick rate 0) at 2017.04.18-05.25.36
[2017.04.17-20.25.36:476][155]LogWorld: Bringing up level for play took: 0.006663
[2017.04.17-20.25.36:477][155]LogClass: Noah:AItem Init
[2017.04.17-20.25.36:477][155]LogClass: Noah:AItem Init
[2017.04.17-20.25.36:669][155]LogContentBrowser: Native class hierarchy updated for 'MovieSceneCapture' in 0.0016 seconds. Added 11 classes and 0 folders.
[2017.04.17-20.25.36:669][155]LogClass: Noah:UInventory Init
[2017.04.17-20.25.36:672][155]LogClass: Noah:AItem BeginPlay
[2017.04.17-20.25.36:672][155]LogClass: Noah:AItem Init
[2017.04.17-20.25.36:672][155]LogClass: Noah:AItem Init
[2017.04.17-20.25.36:672][155]LogClass: Noah:AItem Init
[2017.04.17-20.25.36:673][155]LogClass: Noah:AItem Init
[2017.04.17-20.25.36:673][155]LogClass: Noah:AItem Init
[2017.04.17-20.25.36:673][155]LogClass: Noah:AItem Init
[2017.04.17-20.25.36:673][155]LogClass: Noah:AItem Init
[2017.04.17-20.25.36:673][155]LogClass: Noah:AItem Init
[2017.04.17-20.25.36:673][155]LogClass: Noah:AItem Init
[2017.04.17-20.25.36:673][155]LogClass: Noah:AItem Init
[2017.04.17-20.25.36:673][155]LogClass: Noah:AItem Init
[2017.04.17-20.25.36:673][155]LogClass: Noah:AItem Init
[2017.04.17-20.25.36:674][155]LogClass: Noah:AItem Init
[2017.04.17-20.25.36:674][155]LogClass: Noah:AItem Init
[2017.04.17-20.25.36:674][155]LogClass: Noah:AItem Init
[2017.04.17-20.25.36:674][155]LogClass: Noah:AItem Init
[2017.04.17-20.25.36:674][155]LogClass: Noah:AItem Init
[2017.04.17-20.25.36:674][155]LogClass: Noah:AItem Init
[2017.04.17-20.25.36:674][155]LogClass: Noah:AItem Init
[2017.04.17-20.25.36:674][155]LogClass: Noah:AItem Init
[2017.04.17-20.25.36:674][155]LogClass: Noah:AItem Init
[2017.04.17-20.25.36:674][155]LogClass: Noah:AItem Init
[2017.04.17-20.25.36:674][155]LogClass: Noah:AItem Init
[2017.04.17-20.25.36:675][155]LogClass: Noah:AItem Init
[2017.04.17-20.25.36:675][155]LogClass: Noah:UInventory BeginPlay
[2017.04.17-20.25.36:675][155]LogClass: Noah:ANoahCharacter BeginPlay
[2017.04.17-20.25.36:683][155]PIE: 정보 /Game/Maps/UEDPIE_0_TestMap 에 대한 에디터에서 플레이 시작 시간: -0.09
[2017.04.17-20.25.36:684][155]LogBlueprintUserMessages: Late PlayInEditor Detection: Level '/Game/Maps/TestMap.TestMap:PersistentLevel' has LevelScriptBlueprint '/Game/Maps/TestMap.TestMap:PersistentLevel.TestMap' with GeneratedClass '/Game/Maps/TestMap.TestMap_C' with ClassGeneratedBy '/Game/Maps/TestMap.TestMap:PersistentLevel.TestMap'
[2017.04.17-20.25.40:840][644]LogClass: Noah:AItem Init
[2017.04.17-20.25.41:367][705]LogClass: Noah:AItem Init
[2017.04.17-20.25.42:945][888]LogClass: Noah:AItem Init
[2017.04.17-20.25.42:945][888]LogClass: Noah:AItem BeginPlay
[2017.04.17-20.25.42:949][888]LogActorComponent: RegisterComponentWithWorld: (/Game/Maps/UEDPIE_0_TestMap.TestMap:PersistentLevel.Item_26.ItemMesh) Already registered. Aborting.
[2017.04.17-20.25.42:949][888]LogClass: adsf /Game/Resource/Mesh/Mesh_Wood.Mesh_Wood
[2017.04.17-20.25.42:950][888]LogClass: asdffdssfdasadfsdfa 0
[2017.04.17-20.25.43:580][962]LogClass: asdffdssfdasadfsdfa 0
[2017.04.17-20.25.45:819][174]LogEditorViewport: Clicking on Actor (LMB): Item (Item26)
[2017.04.17-20.25.58:136][539]LogBlueprintUserMessages: Early EndPlayMap Detection: Level '/Game/Maps/TestMap.TestMap:PersistentLevel' has LevelScriptBlueprint '/Game/Maps/TestMap.TestMap:PersistentLevel.TestMap' with GeneratedClass '/Game/Maps/TestMap.TestMap_C' with ClassGeneratedBy '/Game/Maps/TestMap.TestMap:PersistentLevel.TestMap'
[2017.04.17-20.25.58:181][539]LogBlueprintUserMessages: Late EndPlayMap Detection: Level '/Game/Maps/TestMap.TestMap:PersistentLevel' has LevelScriptBlueprint '/Game/Maps/TestMap.TestMap:PersistentLevel.TestMap' with GeneratedClass '/Game/Maps/TestMap.TestMap_C' with ClassGeneratedBy '/Game/Maps/TestMap.TestMap:PersistentLevel.TestMap'
[2017.04.17-20.26.32:345][753]LogWindowsTextInputMethodSystem:Display: IME system now activated using TSF (Microsoft 입력기).
[2017.04.17-20.26.32:581][754]Cmd: QUIT_EDITOR
[2017.04.17-20.26.33:001][754]LogExit: Preparing to exit.
[2017.04.17-20.26.33:759][754]LogDirectoryWatcher: A directory notification for 'C:/Users/DohyunYun/Desktop/NoahProject/Noah/Content/' was aborted.
[2017.04.17-20.26.33:826][754]LogExit: Editor shut down
[2017.04.17-20.26.33:826][754]LogExit: Transaction tracking system shut down
[2017.04.17-20.26.33:919][754]LogObj: Freed 0b from 0 cluster array pools.
[2017.04.17-20.26.33:919][754]LogExit: Object subsystem successfully closed.
[2017.04.17-20.26.33:941][754]LogD3D11RHI: Shutdown
[2017.04.17-20.26.33:942][754]LogD3D11RHI: CleanupD3DDevice
[2017.04.17-20.26.34:063][754]LogD3D11RHI: ~FD3D11DynamicRHI
