Log file open, 04/17/17 00:53:11
LogInit:Display: Running engine for game: Noah
LogPlatformFile: Not using cached read wrapper
LogInit:Display: RandInit(-701389204) SRandInit(-701389204).
LogTaskGraph: Started task graph with 5 named threads and 8 total threads with 1 sets of task threads.
LogStats: Stats thread started at 0.381202
LogInit: Using libcurl 7.47.1
LogInit:  - built for x86_64-pc-win32
LogInit:  - supports SSL with OpenSSL/1.0.2g
LogInit:  - supports HTTP deflate (compression) using libz 1.2.8
LogInit:  - other features:
LogInit:      CURL_VERSION_SSL
LogInit:      CURL_VERSION_LIBZ
LogInit:      CURL_VERSION_IPV6
LogInit:      CURL_VERSION_ASYNCHDNS
LogInit:      CURL_VERSION_LARGEFILE
LogInit:      CURL_VERSION_IDN
LogInit:  CurlRequestOptions (configurable via config and command line):
LogInit:  - bVerifyPeer = false  - Libcurl will NOT verify peer certificate
LogInit:  - bUseHttpProxy = false  - Libcurl will NOT use HTTP proxy
LogInit:  - bDontReuseConnections = false  - Libcurl will reuse connections
LogInit:  - CertBundlePath = nullptr  - Libcurl will use whatever was configured at build time.
LogInit: Build: ++UE4+Release-4.15-CL-3348071
LogInit: Engine Version: 4.15.1-3348071+++UE4+Release-4.15
LogInit: Compatible Engine Version: 4.15.0-3299760+++UE4+Release-4.15
LogInit: Net CL: 3299760
LogDevObjectVersion: Number of dev versions registered: 14
LogDevObjectVersion:   Dev-Blueprints (B0D832E4-1F89-4F0D-ACCF-7EB736FD4AA2): 8
LogDevObjectVersion:   Dev-Build (E1C64328-A22C-4D53-A36C-8E866417BD8C): 0
LogDevObjectVersion:   Dev-Core (375EC13C-06E4-48FB-B500-84F0262A717E): 2
LogDevObjectVersion:   Dev-Editor (E4B068ED-F494-42E9-A231-DA0B2E46BB41): 14
LogDevObjectVersion:   Dev-Framework (CFFC743F-43B0-4480-9391-14DF171D2073): 22
LogDevObjectVersion:   Dev-Mobile (B02B49B5-BB20-44E9-A304-32B752E40360): 0
LogDevObjectVersion:   Dev-Networking (A4E4105C-59A1-49B5-A7C5-40C4547EDFEE): 0
LogDevObjectVersion:   Dev-Online (39C831C9-5AE6-47DC-9A44-9C173E1C8E7C): 0
LogDevObjectVersion:   Dev-Physics (78F01B33-EBEA-4F98-B9B4-84EACCB95AA2): 0
LogDevObjectVersion:   Dev-Platform (6631380F-2D4D-43E0-8009-CF276956A95A): 0
LogDevObjectVersion:   Dev-Rendering (12F88B9F-8875-4AFC-A67C-D90C383ABD29): 12
LogDevObjectVersion:   Dev-Sequencer (7B5AE74C-D270-4C10-A958-57980B212A5A): 3
LogDevObjectVersion:   Dev-VR (D7296918-1DD6-4BDD-9DE2-64A83CC13884): 0
LogDevObjectVersion:   Dev-LoadTimes (C2A15278-BFE7-4AFE-6C17-90FF531DF755): 1
LogInit: Compiled (64-bit): Mar 15 2017 16:52:47
LogInit: Compiled with Visual C++: 19.00.23026.00
LogInit: Build Configuration: DebugGame
LogInit: Branch Name: ++UE4+Release-4.15
LogInit: Command line:  -skipcompile -debug
LogInit: Base directory: C:/Program Files/Epic Games/UE_4.15/Engine/Binaries/Win64/
LogInit: Installed Engine Build: 1
LogInit: Presizing for max 8388607 objects, including 0 objects not considered by GC, pre-allocating 0 bytes for permanent pool.
LogInit: Object subsystem initialized
[2017.04.16-15.53.13:352][  0]LogInit: Selected Device Profile: [Windows]
[2017.04.16-15.53.13:352][  0]LogInit: Applying CVar settings loaded from the selected device profile: [Windows]
[2017.04.16-15.53.13:367][  0]LogInit: Computer: DOHYUNYUNPC
[2017.04.16-15.53.13:367][  0]LogInit: User: DohyunYun
[2017.04.16-15.53.13:367][  0]LogInit: CPU Page size=65536, Cores=4
[2017.04.16-15.53.13:367][  0]LogInit: High frequency timer resolution =3.234375 MHz
[2017.04.16-15.53.13:367][  0]LogMemory: Memory total: Physical=15.9GB (16GB approx)
[2017.04.16-15.53.13:367][  0]LogMemory: Platform Memory Stats for Windows
[2017.04.16-15.53.13:367][  0]LogMemory: Process Physical Memory: 265.04 MB used, 265.04 MB peak
[2017.04.16-15.53.13:367][  0]LogMemory: Process Virtual Memory: 265.53 MB used, 265.53 MB peak
[2017.04.16-15.53.13:367][  0]LogMemory: Physical Memory: 7754.79 MB used,  8540.98 MB free, 16295.77 MB total
[2017.04.16-15.53.13:367][  0]LogMemory: Virtual Memory: 647.04 MB used,  8540.98 MB free, 134217728.00 MB total
[2017.04.16-15.53.13:888][  0]LogTextLocalizationManager: No specific translations for ('ko-KR') exist, so ('ko') translations will be used.
[2017.04.16-15.53.13:932][  0]LogTextLocalizationManager:Warning: Loaded localization resources contain conflicting entries for (Namespace:KismetSchema, Key:Default):
Localization Resource: (C:/Program Files/Epic Games/UE_4.15/Engine/Content/Localization/EditorTutorials/ko/EditorTutorials.locres) Source String Hash: (940523119) Localized String: (디폴트)
Localization Resource: (C:/Program Files/Epic Games/UE_4.15/Engine/Content/Localization/Engine/ko/Engine.locres) Source String Hash: (940523119) Localized String: (기본)
[2017.04.16-15.53.13:936][  0]LogTextLocalizationManager:Warning: Loaded localization resources contain conflicting entries for (Namespace:UObjectToolTips, Key:AnimNode_AssetPlayerBase:InternalTimeAccumulator):
Localization Resource: (C:/Program Files/Epic Games/UE_4.15/Engine/Content/Localization/EditorTutorials/ko/EditorTutorials.locres) Source String Hash: (502993589) Localized String: (이 노드에서 애셋을 레퍼런싱하는 데 사용되는 누적 시간입니다.)
Localization Resource: (C:/Program Files/Epic Games/UE_4.15/Engine/Content/Localization/ToolTips/ko/ToolTips.locres) Source String Hash: (502993589) Localized String: (내부 시간 누산기 - 이 노드에서 애셋을 레퍼런싱하는 데 사용된 누적 시간입니다.)
Localization Resource: (C:/Program Files/Epic Games/UE_4.15/Engine/Content/Localization/Engine/ko/Engine.locres) Source String Hash: (502993589) Localized String: (이 노드에서 애셋을 레퍼런싱하는 데 사용된 누적 시간입니다.)
[2017.04.16-15.53.13:959][  0]LogTextLocalizationManager:Warning: Loaded localization resources contain conflicting entries for (Namespace:UObjectToolTips, Key:AnimNode_AssetPlayerBase:bIgnoreForRelevancyTest):
Localization Resource: (C:/Program Files/Epic Games/UE_4.15/Engine/Content/Localization/EditorTutorials/ko/EditorTutorials.locres) Source String Hash: (319969718) Localized String: (True 면, 스테이트에서 최고 가중치 애니메이션을 찾는 "Relevant anim" 노드는 이 노드를 무시합니다.
 )
Localization Resource: (C:/Program Files/Epic Games/UE_4.15/Engine/Content/Localization/ToolTips/ko/ToolTips.locres) Source String Hash: (319969718) Localized String: (연관성 테스트에 무시 - true 인 경우 스테이트 내 최고 웨이팅된 애니메이션을 찾는 "Relevant anim" (연관 애님) 노드가
이 노드를 무시합니다.)
Localization Resource: (C:/Program Files/Epic Games/UE_4.15/Engine/Content/Localization/Engine/ko/Engine.locres) Source String Hash: (319969718) Localized String: (True 면 스테이트 내 최고 웨이팅된 애니메이션을 찾는 "Relevant anim" 노드가 무시됩니다.
 )
[2017.04.16-15.53.13:973][  0]LogTextLocalizationManager:Warning: Loaded localization resources contain conflicting entries for (Namespace:UObjectToolTips, Key:AnimNode_AssetPlayerBase:BlendWeight):
Localization Resource: (C:/Program Files/Epic Games/UE_4.15/Engine/Content/Localization/EditorTutorials/ko/EditorTutorials.locres) Source String Hash: (-1232800293) Localized String: (이 노드에 마지막 걸린 블렌드웨이트 입니다.)
Localization Resource: (C:/Program Files/Epic Games/UE_4.15/Engine/Content/Localization/ToolTips/ko/ToolTips.locres) Source String Hash: (-1232800293) Localized String: (블렌드 웨이트 - 이 노드에 대해 마지막으로 접한 블렌드 웨이트입니다.)
Localization Resource: (C:/Program Files/Epic Games/UE_4.15/Engine/Content/Localization/Engine/ko/Engine.locres) Source String Hash: (-1232800293) Localized String: (이 노드에 대해 마지막 접한 블렌드 웨이트)
[2017.04.16-15.53.13:978][  0]LogTextLocalizationManager:Warning: Loaded localization resources contain conflicting entries for (Namespace:UObjectToolTips, Key:AnimNode_BlendSpacePlayer:bLoop):
Localization Resource: (C:/Program Files/Epic Games/UE_4.15/Engine/Content/Localization/EditorTutorials/ko/EditorTutorials.locres) Source String Hash: (2133979316) Localized String: (애니메이션이 끝까지 재생되면 반복할까요?)
Localization Resource: (C:/Program Files/Epic Games/UE_4.15/Engine/Content/Localization/ToolTips/ko/ToolTips.locres) Source String Hash: (2133979316) Localized String: (루프 - 애니메이션이 끝에 도달했을 때 계속 반복할까요?)
[2017.04.16-15.53.13:981][  0]LogTextLocalizationManager:Warning: Loaded localization resources contain conflicting entries for (Namespace:UObjectToolTips, Key:AnimNode_StateMachine:bSkipFirstUpdateTransition):
Localization Resource: (C:/Program Files/Epic Games/UE_4.15/Engine/Content/Localization/EditorTutorials/ko/EditorTutorials.locres) Source String Hash: (1865475011) Localized String: (첫 업데이트시 도입 상태에서의 트랜지션을 건너뛸까요? 
기본은 true 로, 첫 업데이트시에는 트랜지션 데이터를 버립니다.)
Localization Resource: (C:/Program Files/Epic Games/UE_4.15/Engine/Content/Localization/ToolTips/ko/ToolTips.locres) Source String Hash: (1865475011) Localized String: (첫 번째 업데이트 트랜지션 건너뛰기 - 첫 번째 업데이트에서 입력 스테이트의 트랜지션을 건너뜁니까?
디폴트는 true 고 첫 번째 업데이트의 트랜지션 데이터를 버립니다.)
[2017.04.16-15.53.13:983][  0]LogTextLocalizationManager:Warning: Loaded localization resources contain conflicting entries for (Namespace:UObjectToolTips, Key:AnimNode_BlendSpacePlayer:X):
Localization Resource: (C:/Program Files/Epic Games/UE_4.15/Engine/Content/Localization/EditorTutorials/ko/EditorTutorials.locres) Source String Hash: (2060772590) Localized String: (블렌드스페이스에서 샘플링할 X 좌표입니다.)
Localization Resource: (C:/Program Files/Epic Games/UE_4.15/Engine/Content/Localization/ToolTips/ko/ToolTips.locres) Source String Hash: (2060772590) Localized String: (X - 블렌드스페이스 샘플의 X 좌표입니다.)
[2017.04.16-15.53.13:984][  0]LogTextLocalizationManager:Warning: Loaded localization resources contain conflicting entries for (Namespace:UObjectToolTips, Key:AnimNode_BlendSpacePlayer:Y):
Localization Resource: (C:/Program Files/Epic Games/UE_4.15/Engine/Content/Localization/EditorTutorials/ko/EditorTutorials.locres) Source String Hash: (-1719607538) Localized String: (블렌드스페이스에서 샘플링할 Y 좌표입니다.)
Localization Resource: (C:/Program Files/Epic Games/UE_4.15/Engine/Content/Localization/ToolTips/ko/ToolTips.locres) Source String Hash: (-1719607538) Localized String: (Y - 블렌드스페이스 샘플의 Y 좌표입니다.)
[2017.04.16-15.53.13:987][  0]LogTextLocalizationManager:Warning: Loaded localization resources contain conflicting entries for (Namespace:UObjectToolTips, Key:AnimNode_BlendSpacePlayer:Z):
Localization Resource: (C:/Program Files/Epic Games/UE_4.15/Engine/Content/Localization/EditorTutorials/ko/EditorTutorials.locres) Source String Hash: (1728943471) Localized String: (블렌드스페이스에서 샘플링할 Z 좌표입니다.)
Localization Resource: (C:/Program Files/Epic Games/UE_4.15/Engine/Content/Localization/ToolTips/ko/ToolTips.locres) Source String Hash: (1728943471) Localized String: (Z - 블렌드스페이스 샘플의 Z 좌표입니다.)
[2017.04.16-15.53.13:989][  0]LogTextLocalizationManager:Warning: Loaded localization resources contain conflicting entries for (Namespace:UObjectToolTips, Key:AnimNode_BlendSpacePlayer:BlendSpace):
Localization Resource: (C:/Program Files/Epic Games/UE_4.15/Engine/Content/Localization/EditorTutorials/ko/EditorTutorials.locres) Source String Hash: (1599043277) Localized String: (재생할 블렌드스페이스 애셋입니다.)
Localization Resource: (C:/Program Files/Epic Games/UE_4.15/Engine/Content/Localization/ToolTips/ko/ToolTips.locres) Source String Hash: (1599043277) Localized String: (블렌드스페이스 - 재생할 블렌드스페이스 애셋입니다.)
[2017.04.16-15.53.13:995][  0]LogTextLocalizationManager:Warning: Loaded localization resources contain conflicting entries for (Namespace:UObjectToolTips, Key:AnimNode_StateMachine:MaxTransitionsPerFrame):
Localization Resource: (C:/Program Files/Epic Games/UE_4.15/Engine/Content/Localization/EditorTutorials/ko/EditorTutorials.locres) Source String Hash: (1567650430) Localized String: (이 머신에서 한 프레임 내 '동시에' 취할 수 있는 트랜지션 최대 수입니다.)
Localization Resource: (C:/Program Files/Epic Games/UE_4.15/Engine/Content/Localization/ToolTips/ko/ToolTips.locres) Source String Hash: (1567650430) Localized String: (프레임 당 최대 트랜지션 - 한 프레임에서 이 머신이 동시에 취할 수 있는 트랜지션 최대 수입니다.)
[2017.04.16-15.53.13:997][  0]LogTextLocalizationManager:Warning: Loaded localization resources contain conflicting entries for (Namespace:UObjectToolTips, Key:AnimNode_BlendSpacePlayer:PlayRate):
Localization Resource: (C:/Program Files/Epic Games/UE_4.15/Engine/Content/Localization/EditorTutorials/ko/EditorTutorials.locres) Source String Hash: (-1274923958) Localized String: (재생 속도 배수입니다. 음수가 되면 애니메이션을 역순으로 재생하게 됩니다.)
Localization Resource: (C:/Program Files/Epic Games/UE_4.15/Engine/Content/Localization/ToolTips/ko/ToolTips.locres) Source String Hash: (-1274923958) Localized String: (재생 속도 - 재생 속도 배수입니다. 음수가 되면 애니메이션을 거꾸로 재생합니다.)
[2017.04.16-15.53.13:997][  0]LogTextLocalizationManager:Warning: Loaded localization resources contain conflicting entries for (Namespace:UObjectToolTips, Key:AnimNode_BlendSpacePlayer:StartPosition):
Localization Resource: (C:/Program Files/Epic Games/UE_4.15/Engine/Content/Localization/EditorTutorials/ko/EditorTutorials.locres) Source String Hash: (-207153555) Localized String: (시작 위치 범위는 [0,1] 이며, 재초기화시에만 적용됩니다.
루핑을 하면, 1 회전 후 0.f 부터 시작할 것입니다.)
Localization Resource: (C:/Program Files/Epic Games/UE_4.15/Engine/Content/Localization/ToolTips/ko/ToolTips.locres) Source String Hash: (-207153555) Localized String: (시작 위치 - [0, 1] 범위의 시작 위치로, 재초기화할 때만 적용됩니다.
반복하면 1회전 후 0.f 부터 시작됩니다.)
[2017.04.16-15.53.13:998][  0]LogTextLocalizationManager:Warning: Loaded localization resources contain conflicting entries for (Namespace:UObjectToolTips, Key:CameraFilmbackSettings:SensorWidth):
Localization Resource: (C:/Program Files/Epic Games/UE_4.15/Engine/Content/Localization/ToolTips/ko/ToolTips.locres) Source String Hash: (-1448580153) Localized String: (센서 폭 - 필름백 또는 디지털 센서의 가로 크기로, mm 단위입니다.)
Localization Resource: (C:/Program Files/Epic Games/UE_4.15/Engine/Content/Localization/Engine/ko/Engine.locres) Source String Hash: (-1448580153) Localized String: (필름백 또는 디지털 센서의 가로 크기로, mm 단위입니다.)
[2017.04.16-15.53.13:998][  0]LogTextLocalizationManager:Warning: Loaded localization resources contain conflicting entries for (Namespace:UObjectToolTips, Key:CameraFilmbackSettings:SensorAspectRatio):
Localization Resource: (C:/Program Files/Epic Games/UE_4.15/Engine/Content/Localization/ToolTips/ko/ToolTips.locres) Source String Hash: (-194807515) Localized String: (센서 종횡비 - 읽기 전용입니다. 센서 치수에서 계산했습니다.)
Localization Resource: (C:/Program Files/Epic Games/UE_4.15/Engine/Content/Localization/Engine/ko/Engine.locres) Source String Hash: (-194807515) Localized String: (읽기 전용입니다. 센서 크기에서 계산했습니다.)
[2017.04.16-15.53.13:998][  0]LogTextLocalizationManager:Warning: Loaded localization resources contain conflicting entries for (Namespace:UObjectToolTips, Key:AnimNode_SequencePlayer:bLoopAnimation):
Localization Resource: (C:/Program Files/Epic Games/UE_4.15/Engine/Content/Localization/ToolTips/ko/ToolTips.locres) Source String Hash: (2133979316) Localized String: (루프 - 애니메이션이 끝에 도달했을 때 계속 반복시켜야 할까요?)
Localization Resource: (C:/Program Files/Epic Games/UE_4.15/Engine/Content/Localization/Engine/ko/Engine.locres) Source String Hash: (2133979316) Localized String: (애니메이션이 끝에 도달하면 계속해서 루핑시킬것인지 입니다.)
[2017.04.16-15.53.13:999][  0]LogTextLocalizationManager:Warning: Loaded localization resources contain conflicting entries for (Namespace:UObjectToolTips, Key:AnimNode_SequencePlayer:Sequence):
Localization Resource: (C:/Program Files/Epic Games/UE_4.15/Engine/Content/Localization/ToolTips/ko/ToolTips.locres) Source String Hash: (421436424) Localized String: (시퀀스 - 재생할 애니메이션 시퀀스 애셋입니다.)
Localization Resource: (C:/Program Files/Epic Games/UE_4.15/Engine/Content/Localization/Engine/ko/Engine.locres) Source String Hash: (421436424) Localized String: (재생할 애니메이션 시퀀스 애셋입니다.)
[2017.04.16-15.53.13:999][  0]LogTextLocalizationManager:Warning: Loaded localization resources contain conflicting entries for (Namespace:UObjectToolTips, Key:AnimNode_SequencePlayer:PlayRate):
Localization Resource: (C:/Program Files/Epic Games/UE_4.15/Engine/Content/Localization/ToolTips/ko/ToolTips.locres) Source String Hash: (-1274923958) Localized String: (재생 속도 - 재생 속도 배수입니다. 음수가 될 수 있으며, 그러면 애니메이션이 거꾸로 재생됩니다.)
Localization Resource: (C:/Program Files/Epic Games/UE_4.15/Engine/Content/Localization/Engine/ko/Engine.locres) Source String Hash: (-1274923958) Localized String: (플레이 속도 배수입니다. 음수가 되면 애니메이션이 역방향으로 재생됩니다.)
[2017.04.16-15.53.14:000][  0]LogTextLocalizationManager:Warning: Loaded localization resources contain conflicting entries for (Namespace:UObjectToolTips, Key:AnimNode_SequencePlayer:StartPosition):
Localization Resource: (C:/Program Files/Epic Games/UE_4.15/Engine/Content/Localization/ToolTips/ko/ToolTips.locres) Source String Hash: (771611000) Localized String: (시작 위치 - 시작 위치로 재초기화할 때만 적용됩니다.
반복하면, 1회전 후 0.f 부터 시작됩니다.)
Localization Resource: (C:/Program Files/Epic Games/UE_4.15/Engine/Content/Localization/Engine/ko/Engine.locres) Source String Hash: (771611000) Localized String: (시작 위치로, 재초기화시에만 적용됩니다.
루핑을 하면, 1회전 후 0.f 부터 시작할 것입니다.)
[2017.04.16-15.53.14:000][  0]LogTextLocalizationManager:Warning: Loaded localization resources contain conflicting entries for (Namespace:UObjectToolTips, Key:CameraFilmbackSettings:SensorHeight):
Localization Resource: (C:/Program Files/Epic Games/UE_4.15/Engine/Content/Localization/ToolTips/ko/ToolTips.locres) Source String Hash: (-1311569777) Localized String: (센서 높이 - 필름백 또는 디지털 센서의 세로 크기로, mm 단위입니다.)
Localization Resource: (C:/Program Files/Epic Games/UE_4.15/Engine/Content/Localization/Engine/ko/Engine.locres) Source String Hash: (-1311569777) Localized String: (필름백 또는 디지털 센서의 세로 크기로, mm 단위입니다.)
[2017.04.16-15.53.14:802][  0]LogD3D11RHI: D3D11 adapters:
[2017.04.16-15.53.14:847][  0]LogD3D11RHI:    0. 'NVIDIA GeForce GTX 960' (Feature Level 11_0)
[2017.04.16-15.53.14:847][  0]LogD3D11RHI:       4061/0/8147 MB DedicatedVideo/DedicatedSystem/SharedSystem, Outputs:2, VendorId:0x10de
[2017.04.16-15.53.14:858][  0]LogD3D11RHI:    1. 'Microsoft Basic Render Driver' (Feature Level 11_0)
[2017.04.16-15.53.14:858][  0]LogD3D11RHI:       0/0/8147 MB DedicatedVideo/DedicatedSystem/SharedSystem, Outputs:0, VendorId:0x1414
[2017.04.16-15.53.14:858][  0]LogD3D11RHI: Chosen D3D11 Adapter: 0
[2017.04.16-15.53.14:863][  0]LogD3D11RHI: Creating new Direct3DDevice
[2017.04.16-15.53.14:863][  0]LogD3D11RHI:     GPU DeviceId: 0x1401 (for the marketing name, search the web for "GPU Device Id")
[2017.04.16-15.53.14:863][  0]LogWindows: EnumDisplayDevices:
[2017.04.16-15.53.14:863][  0]LogWindows:    0. 'NVIDIA GeForce GTX 960' (P:1 D:1)
[2017.04.16-15.53.14:864][  0]LogWindows:    1. 'NVIDIA GeForce GTX 960' (P:0 D:1)
[2017.04.16-15.53.14:864][  0]LogWindows:    2. 'NVIDIA GeForce GTX 960' (P:0 D:0)
[2017.04.16-15.53.14:865][  0]LogWindows:    3. 'NVIDIA GeForce GTX 960' (P:0 D:0)
[2017.04.16-15.53.14:865][  0]LogWindows: DebugString: FoundDriverCount:4 
[2017.04.16-15.53.14:865][  0]LogD3D11RHI:     Adapter Name: NVIDIA GeForce GTX 960
[2017.04.16-15.53.14:865][  0]LogD3D11RHI:   Driver Version: 376.53 (internal:21.21.13.7653, unified:376.53)
[2017.04.16-15.53.14:865][  0]LogD3D11RHI:      Driver Date: 12-29-2016
[2017.04.16-15.53.14:865][  0]LogRHI: Texture pool is 1361 MB (70% of 1945 MB)
[2017.04.16-15.53.14:883][  0]LogD3D11RHI: Async texture creation enabled
[2017.04.16-15.53.14:892][  0]LogD3D11RHI: GPU Timing Frequency: 1000.000000 (Debug: 2 1)
[2017.04.16-15.53.14:993][  0]LogShaderCompilers: Guid format shader working directory is -11 characters bigger than the processId version (../../../../../../Users/DohyunYun/Desktop/GP 170416/Noah/Noah/Intermediate/Shaders/WorkingDirectory/7096/).
[2017.04.16-15.53.14:994][  0]LogShaderCompilers: Cleaned the shader compiler working directory 'C:/Users/DohyunYun/AppData/Local/Temp/UnrealShaderWorkingDir/A733E98F4E1FA4CAA1C667ABB56A370D/'.
[2017.04.16-15.53.14:994][  0]LogShaderCompilers:Display: Using Local Shader Compiler.
[2017.04.16-15.53.16:471][  0]LogTemp:Display: Loaded TP AllDesktopTargetPlatform
[2017.04.16-15.53.16:745][  0]LogTemp:Display: Loaded TP MacClientTargetPlatform
[2017.04.16-15.53.17:023][  0]LogTemp:Display: Loaded TP MacNoEditorTargetPlatform
[2017.04.16-15.53.17:301][  0]LogTemp:Display: Loaded TP MacServerTargetPlatform
[2017.04.16-15.53.17:578][  0]LogTemp:Display: Loaded TP MacTargetPlatform
[2017.04.16-15.53.17:857][  0]LogTemp:Display: Loaded TP WindowsClientTargetPlatform
[2017.04.16-15.53.18:137][  0]LogTemp:Display: Loaded TP WindowsNoEditorTargetPlatform
[2017.04.16-15.53.18:419][  0]LogTemp:Display: Loaded TP WindowsServerTargetPlatform
[2017.04.16-15.53.18:613][  0]LogTemp:Display: Loaded TP WindowsTargetPlatform
[2017.04.16-15.53.18:897][  0]LogTemp:Display: Loaded TP AndroidTargetPlatform
[2017.04.16-15.53.19:182][  0]LogTemp:Display: Loaded TP Android_ASTCTargetPlatform
[2017.04.16-15.53.19:452][  0]LogTemp:Display: Loaded TP Android_ATCTargetPlatform
[2017.04.16-15.53.19:726][  0]LogTemp:Display: Loaded TP Android_DXTTargetPlatform
[2017.04.16-15.53.19:997][  0]LogTemp:Display: Loaded TP Android_ETC1TargetPlatform
[2017.04.16-15.53.20:271][  0]LogTemp:Display: Loaded TP Android_ETC2TargetPlatform
[2017.04.16-15.53.20:825][  0]LogTemp:Display: Loaded TP Android_MultiTargetPlatform
[2017.04.16-15.53.20:825][  0]LogTemp:Display: Loaded TP Android_PVRTCTargetPlatform
[2017.04.16-15.53.21:004][  0]LogTemp:Display: Loaded TP HTML5TargetPlatform
[2017.04.16-15.53.21:421][  0]LogTemp:Display: Loaded TP IOSTargetPlatform
[2017.04.16-15.53.21:616][  0]LogTemp:Display: Loaded TP TVOSTargetPlatform
[2017.04.16-15.53.21:892][  0]LogTemp:Display: Loaded TP LinuxClientTargetPlatform
[2017.04.16-15.53.22:174][  0]LogTemp:Display: Loaded TP LinuxNoEditorTargetPlatform
[2017.04.16-15.53.22:454][  0]LogTemp:Display: Loaded TP LinuxServerTargetPlatform
[2017.04.16-15.53.22:723][  0]LogTemp:Display: Loaded TP LinuxTargetPlatform
[2017.04.16-15.53.22:725][  0]LogTargetPlatformManager:Display: Building Assets For Windows
[2017.04.16-15.53.24:876][  0]LogDerivedDataCache:Display: Max Cache Size: 512 MB
[2017.04.16-15.53.24:921][  0]LogDerivedDataCache: Loaded boot cache 0.05s 51MB C:/Users/DohyunYun/AppData/Local/UnrealEngine/4.15/DerivedDataCache/Boot.ddc.
[2017.04.16-15.53.24:921][  0]LogDerivedDataCache:Display: Loaded Boot cache: C:/Users/DohyunYun/AppData/Local/UnrealEngine/4.15/DerivedDataCache/Boot.ddc
[2017.04.16-15.53.24:922][  0]LogDerivedDataCache: FDerivedDataBackendGraph:  Pak pak cache file ../../../../../../Users/DohyunYun/Desktop/GP 170416/Noah/Noah/DerivedDataCache/DDC.ddp not found, will not use a pak cache.
[2017.04.16-15.53.24:922][  0]LogDerivedDataCache: Unable to find inner node Pak for hierarchical cache Hierarchy.
[2017.04.16-15.53.24:923][  0]LogDerivedDataCache: FDerivedDataBackendGraph:  CompressedPak pak cache file ../../../../../../Users/DohyunYun/Desktop/GP 170416/Noah/Noah/DerivedDataCache/Compressed.ddp not found, will not use a pak cache.
[2017.04.16-15.53.24:923][  0]LogDerivedDataCache: Unable to find inner node CompressedPak for hierarchical cache Hierarchy.
[2017.04.16-15.53.24:950][  0]LogDerivedDataCache:Display: Pak cache opened for reading ../../../Engine/DerivedDataCache/Compressed.ddp.
[2017.04.16-15.53.24:968][  0]LogDerivedDataCache: Using Local data cache path C:/Users/DohyunYun/AppData/Local/UnrealEngine/Common/DerivedDataCache: Writable
[2017.04.16-15.53.24:977][  0]LogSlate: Using Freetype 2.6.0
[2017.04.16-15.53.24:977][  0]LogSlate: SlateFontCache - WITH_FREETYPE: 1, WITH_HARFBUZZ: 1
[2017.04.16-15.53.24:978][  0]LogSlate: SlateFontCache - WITH_FREETYPE: 1, WITH_HARFBUZZ: 1
[2017.04.16-15.53.25:289][  0]LogInit: Selected Device Profile: [Windows]
[2017.04.16-15.53.25:292][  0]LogContentStreaming: Texture pool size is 0.00 MB
[2017.04.16-15.53.26:059][  0]LogMeshUtilities: Using QuadricMeshReduction for automatic static mesh reduction
[2017.04.16-15.53.26:315][  0]LogSimplygon: Simplygon DLL not present - disabling.
[2017.04.16-15.53.26:554][  0]LogMeshUtilities: Using SimplygonSwarm for distributed automatic mesh merging
[2017.04.16-15.53.26:554][  0]LogMeshUtilities: No automatic skeletal mesh reduction module available
[2017.04.16-15.53.26:554][  0]LogMeshUtilities: No automatic mesh merging module available
[2017.04.16-15.53.27:855][  0]LogNetVersion: GetLocalNetworkVersion: CL: 3299760, ProjectName: noah, ProjectVersion: , EngineNetworkVersion: 2, GameNetworkVersion: 0, NetworkChecksum: 3984355841
[2017.04.16-15.53.28:053][  0]LogAssetRegistry: FAssetRegistry took 0.0271 seconds to start up
[2017.04.16-15.53.28:276][  0]LogPackageLocalizationCache: Processed 3 localized package path(s) for 2 prioritized culture(s) in 0.097340 seconds
[2017.04.16-15.53.28:292][  0]LogUObjectArray: 32493 objects as part of root set at end of initial load.
[2017.04.16-15.53.28:308][  0]LogUObjectAllocator: 7077032 out of 0 bytes used by permanent object pool.
[2017.04.16-15.53.28:317][  0]LogUObjectArray: CloseDisregardForGC: 0/0 objects in disregard for GC pool
[2017.04.16-15.53.28:911][  0]LogInit: WinSock: version 1.1 (2.2), MaxSocks=32767, MaxUdp=65467
[2017.04.16-15.53.36:106][  0]LogTcpMessaging: Initializing TcpMessaging bridge
[2017.04.16-15.53.36:290][  0]LogUdpMessaging: Initializing bridge on interface 0.0.0.0:0 to multicast group 230.0.0.1:6666.
[2017.04.16-15.53.37:426][  0]LogClass: Noah:AItem Init
[2017.04.16-15.53.37:426][  0]LogClass: Noah:UInventory Init
[2017.04.16-15.53.37:426][  0]LogClass: Noah:UInventory Init
[2017.04.16-15.53.37:523][  0]LogClass: Noah:UInventory Init
[2017.04.16-15.53.37:562][  0]LogLinker:Error: HOTRELOADED_Inventory_0 has an inappropriate outermost, it was probably saved with a deprecated outer (file: ../../../../../../Users/DohyunYun/Desktop/GP 170416/Noah/Noah/Content/ProjectContents/UI/Inventory/InventorySlot.uasset)
[2017.04.16-15.53.37:563][  0]LogLinker:Error: HOTRELOADED_Inventory_0 has an inappropriate outermost, it was probably saved with a deprecated outer (file: ../../../../../../Users/DohyunYun/Desktop/GP 170416/Noah/Noah/Content/ProjectContents/UI/Inventory/InventorySlot.uasset)
[2017.04.16-15.53.37:564][  0]LogLinker:Error: HOTRELOADED_Inventory_0 has an inappropriate outermost, it was probably saved with a deprecated outer (file: ../../../../../../Users/DohyunYun/Desktop/GP 170416/Noah/Noah/Content/ProjectContents/UI/Inventory/InventorySlot.uasset)
[2017.04.16-15.53.37:565][  0]LogLinker:Error: HOTRELOADED_Inventory_0 has an inappropriate outermost, it was probably saved with a deprecated outer (file: ../../../../../../Users/DohyunYun/Desktop/GP 170416/Noah/Noah/Content/ProjectContents/UI/Inventory/InventorySlot.uasset)
[2017.04.16-15.53.37:590][  0]LogLinker:Error: HOTRELOADED_Inventory_0 has an inappropriate outermost, it was probably saved with a deprecated outer (file: ../../../../../../Users/DohyunYun/Desktop/GP 170416/Noah/Noah/Content/ProjectContents/UI/Inventory/InventorySlot.uasset)
[2017.04.16-15.53.37:592][  0]LogLinker:Error: HOTRELOADED_Inventory_0 has an inappropriate outermost, it was probably saved with a deprecated outer (file: ../../../../../../Users/DohyunYun/Desktop/GP 170416/Noah/Noah/Content/ProjectContents/UI/Inventory/InventorySlot.uasset)
[2017.04.16-15.53.37:592][  0]LogLinker:Error: HOTRELOADED_Inventory_0 has an inappropriate outermost, it was probably saved with a deprecated outer (file: ../../../../../../Users/DohyunYun/Desktop/GP 170416/Noah/Noah/Content/ProjectContents/UI/Inventory/InventorySlot.uasset)
[2017.04.16-15.53.37:593][  0]LogLinker:Error: HOTRELOADED_Inventory_0 has an inappropriate outermost, it was probably saved with a deprecated outer (file: ../../../../../../Users/DohyunYun/Desktop/GP 170416/Noah/Noah/Content/ProjectContents/UI/Inventory/InventorySlot.uasset)
[2017.04.16-15.53.37:661][  0]LogClass: Noah:AItem Init
[2017.04.16-15.53.37:684][  0]LogClass: Noah:AItem Init
[2017.04.16-15.53.37:700][  0]LogClass: Noah:UInventory Init
[2017.04.16-15.53.37:702][  0]LogClass: Noah:UInventory Init
[2017.04.16-15.53.37:709][  0]LogClass: Noah:UInventory Init
[2017.04.16-15.53.37:715][  0]LogClass: Noah:AItem Init
[2017.04.16-15.53.37:779][  0]LogClass: Noah:UInventory Init
[2017.04.16-15.53.37:785][  0]LogClass: Noah:UInventory Init
[2017.04.16-15.53.39:420][  0]LogMaterial: Uniform references updated for custom material expression Custom.
[2017.04.16-15.53.41:378][  0]SourceControl: 정보 소스 콘트롤이 꺼졌습니다.
[2017.04.16-15.53.41:474][  0]SourceControl: 정보 소스 콘트롤이 꺼졌습니다.
[2017.04.16-15.53.41:687][  0]SourceControl: 정보 소스 콘트롤이 꺼졌습니다.
[2017.04.16-15.53.41:903][  0]SourceControl: 정보 소스 콘트롤이 꺼졌습니다.
[2017.04.16-15.53.47:302][  0]LogEngine: Initializing Engine...
[2017.04.16-15.53.47:303][  0]LogHMD: Failed to initialize OpenVR with code 110
[2017.04.16-15.53.48:014][  0]LogAIModule: Creating AISystem for world Untitled
[2017.04.16-15.53.48:072][  0]LogInit: XAudio2 using '스피커(Realtek High Definition Audio)' : 2 channels at 48 kHz using 32 bits per sample (channel mask 0x3)
[2017.04.16-15.53.48:120][  0]LogInit: FAudioDevice initialized.
[2017.04.16-15.53.48:144][  0]LogDerivedDataCache: Saved boot cache 0.02s 51MB C:/Users/DohyunYun/AppData/Local/UnrealEngine/4.15/DerivedDataCache/Boot.ddc.
[2017.04.16-15.53.48:147][  0]LogInit: Texture streaming: Enabled
[2017.04.16-15.53.48:663][  0]LogEngineSessionManager: EngineSessionManager initialized
[2017.04.16-15.53.49:074][  0]LogInit: Transaction tracking system initialized
[2017.04.16-15.53.50:780][  0]BlueprintLog: New page: 에디터 로드
[2017.04.16-15.53.55:189][  0]LocalizationService: 정보 현지화 서비스가 비활성화되었습니다.
[2017.04.16-15.53.58:626][  0]LogConsoleResponse:Display: 
[2017.04.16-15.53.58:864][  0]LogCook:Display: Max memory allowance for cook 16384mb min free memory 0mb
[2017.04.16-15.53.58:864][  0]LogCook:Display: Mobile HDR setting 1
[2017.04.16-15.53.59:513][  0]LogFileCache: Scanning file cache for directory 'C:/Users/DohyunYun/Desktop/GP 170416/Noah/Noah/Content/' took 0.02s
[2017.04.16-15.54.03:551][  0]SourceControl: 정보 소스 콘트롤이 꺼졌습니다.
[2017.04.16-15.54.03:551][  0]Cmd: MAP LOAD FILE="../../../../../../Users/DohyunYun/Desktop/GP 170416/Noah/Noah/Content/World.umap" TEMPLATE=0 SHOWPROGRESS=1 FEATURELEVEL=3
[2017.04.16-15.54.03:552][  0]LightingResults: New page: 라이팅 빌드
[2017.04.16-15.54.03:743][  0]MapCheck: New page: 맵 체크
[2017.04.16-15.54.03:743][  0]LightingResults: New page: 라이팅 빌드
[2017.04.16-15.54.03:877][  0]LogAIModule: Creating AISystem for world World
[2017.04.16-15.54.03:897][  0]LogEditorServer: Finished looking for orphan Actors (0.000 secs)
[2017.04.16-15.54.03:898][  0]Cmd: MAP CHECKDEP NOCLEARLOG
[2017.04.16-15.54.04:025][  0]MapCheck: 정보 맵 체크 완료: 오류 0 회, 경고 0 회, 소요 시간 127.284ms.
[2017.04.16-15.54.04:025][  0]LogFileHelpers: Loading map 'World' took 0.474
[2017.04.16-15.54.04:111][  0]LogWindowsTextInputMethodSystem:Display: IME system now activated using TSF (Microsoft 입력기).
[2017.04.16-15.54.04:324][  0]LogCollectionManager: Loaded 0 collections in 0.001557 seconds
[2017.04.16-15.54.04:556][  0]LogFileCache: Scanning file cache for directory 'C:/Users/DohyunYun/Desktop/GP 170416/Noah/Noah/Saved/Collections/' took 0.01s
[2017.04.16-15.54.04:556][  0]LogFileCache: Scanning file cache for directory 'C:/Users/DohyunYun/Desktop/GP 170416/Noah/Noah/Content/Developers/DohyunYun/Collections/' took 0.01s
[2017.04.16-15.54.04:556][  0]LogFileCache: Scanning file cache for directory 'C:/Users/DohyunYun/Desktop/GP 170416/Noah/Noah/Content/Collections/' took 0.01s
[2017.04.16-15.54.04:556][  0]LogCollectionManager: Rebuilt the GUID cache for 0 collections in 0.000002 seconds
[2017.04.16-15.54.04:565][  0]LogContentBrowser: Native class hierarchy populated in 0.0088 seconds. Added 2254 classes and 455 folders.
[2017.04.16-15.54.04:575][  0]LogStats: UGameplayTagsManager::ConstructGameplayTagTree: Construct from data asset -  0.000 s
[2017.04.16-15.54.04:575][  0]LogStats: UGameplayTagsManager::ConstructGameplayTagTree: GameplayTagTreeChangedEvent.Broadcast -  0.000 s
[2017.04.16-15.54.04:870][  0]LogContentBrowser: Native class hierarchy updated for 'WidgetCarousel' in 0.0015 seconds. Added 0 classes and 0 folders.
[2017.04.16-15.54.04:924][  0]LogContentBrowser: Native class hierarchy updated for 'AddContentDialog' in 0.0017 seconds. Added 0 classes and 0 folders.
[2017.04.16-15.54.05:115][  0]LogContentBrowser: Native class hierarchy updated for 'SceneOutliner' in 0.0015 seconds. Added 1 classes and 2 folders.
[2017.04.16-15.54.05:321][  0]LogCrashTracker: Crashtracker disabled due to settings.
[2017.04.16-15.54.05:329][  0]LogUObjectGlobals:Warning: 'Class 없음.' 오브젝트를 찾는 데 실패했습니다.
[2017.04.16-15.54.05:562][  0]LogContentBrowser: Native class hierarchy updated for 'HierarchicalLODOutliner' in 0.0018 seconds. Added 1 classes and 2 folders.
[2017.04.16-15.54.05:562][  0]LogLoad: (Engine Initialization) Total time: 57.12 seconds
[2017.04.16-15.54.05:562][  0]LogLoad: (Engine Initialization) Total Blueprint compile time: 0.45 seconds
[2017.04.16-15.54.05:562][  0]LogExternalProfiler: Found external profiler: VSPerf
[2017.04.16-15.54.05:562][  0]LogExternalProfiler: Using external profiler: VSPerf
[2017.04.16-15.54.05:573][  0]LogOcInput: OculusInput pre-init called
[2017.04.16-15.54.05:574][  0]LoadErrors:Error: 오류 오래된 클래스 LandscapeProxy 에 대한 리디렉터 다수가 포함된 콜리전이 ActiveClassRedirects 에 들어있습니다.
[2017.04.16-15.54.05:595][  0]LogContentStreaming: Texture pool size now 1000 MB
[2017.04.16-15.54.05:611][  0]LogSlate: Took 0.000302 seconds to synchronously load lazily loaded font '../../../Engine/Content/Slate/Fonts/Roboto-Regular.ttf' (155K)
[2017.04.16-15.54.05:616][  0]LogSlate: Took 0.002703 seconds to synchronously load lazily loaded font '../../../Engine/Content/Slate/Fonts/NanumGothic.ttf' (4243K)
[2017.04.16-15.54.05:618][  0]LogSlate: Took 0.000266 seconds to synchronously load lazily loaded font '../../../Engine/Content/Slate/Fonts/Roboto-Bold.ttf' (160K)
[2017.04.16-15.54.05:623][  0]LogSlate: Took 0.000315 seconds to synchronously load lazily loaded font '../../../Engine/Content/Editor/Slate/Fonts/FontAwesome.ttf' (139K)
[2017.04.16-15.54.05:753][  0]LogSlate: Took 0.000258 seconds to synchronously load lazily loaded font '../../../Engine/Content/Slate/Fonts/Roboto-Light.ttf' (159K)
[2017.04.16-15.54.05:828][  0]LogRenderer: Reallocating scene render targets to support 1176x568 NumSamples 1 (Frame:2).
[2017.04.16-15.54.05:848][  1]LogClass: Noah:UInventory Init
[2017.04.16-15.54.05:854][  1]LogAssetRegistry: Asset discovery search completed in 37.8272 seconds
[2017.04.16-15.54.05:854][  1]LogCollectionManager: Rebuilt the object cache for 0 collections in 0.000005 seconds (found 0 objects)
[2017.04.16-15.54.05:854][  1]LogCollectionManager: Fixed up redirectors for 0 collections in 0.000056 seconds (updated 0 objects)
[2017.04.16-15.54.14:899][ 26]LogBlueprintUserMessages: Early PlayInEditor Detection: Level '/Game/World.World:PersistentLevel' has LevelScriptBlueprint '/Game/World.World:PersistentLevel.World' with GeneratedClass '/Game/World.World_C' with ClassGeneratedBy '/Game/World.World:PersistentLevel.World'
[2017.04.16-15.54.14:899][ 26]LogPlayLevel: PlayLevel: No blueprints needed recompiling
[2017.04.16-15.54.14:899][ 26]PIE: New page: PIE 세션: World (2017. 4. 17. 오전 9:54:14)
[2017.04.16-15.54.14:899][ 26]LogPlayLevel: Creating play world package: /Game/UEDPIE_0_World
[2017.04.16-15.54.14:902][ 26]LogPlayLevel: PIE: StaticDuplicateObject took: (0.002641s)
[2017.04.16-15.54.14:903][ 26]LogAIModule: Creating AISystem for world World
[2017.04.16-15.54.14:904][ 26]LogPlayLevel: PIE: World Init took: (0.001580s)
[2017.04.16-15.54.14:905][ 26]LogPlayLevel: PIE: Created PIE world by copying editor world from /Game/World.World to /Game/UEDPIE_0_World.World (0.005630s)
[2017.04.16-15.54.14:950][ 26]LogInit: XAudio2 using '스피커(Realtek High Definition Audio)' : 2 channels at 48 kHz using 32 bits per sample (channel mask 0x3)
[2017.04.16-15.54.14:977][ 26]LogInit: FAudioDevice initialized.
[2017.04.16-15.54.15:027][ 26]LogLoad: Game class is 'NoahGameModeBase'
[2017.04.16-15.54.15:029][ 26]LogWorld: Bringing World /Game/UEDPIE_0_World.World up for play (max tick rate 0) at 2017.04.17-00.54.15
[2017.04.16-15.54.15:029][ 26]LogWorld: Bringing up level for play took: 0.000991
[2017.04.16-15.54.15:030][ 26]LogClass: Noah:AItem Init
[2017.04.16-15.54.15:031][ 26]LogClass: Noah:AItem Init
[2017.04.16-15.54.15:218][ 26]LogContentBrowser: Native class hierarchy updated for 'MovieSceneCapture' in 0.0016 seconds. Added 11 classes and 0 folders.
[2017.04.16-15.54.15:218][ 26]LogClass: Noah:UInventory Init
[2017.04.16-15.54.15:220][ 26]LogClass: Noah:AItem BeginPlay
[2017.04.16-15.54.15:220][ 26]LogClass: Noah:AItem Init
[2017.04.16-15.54.15:220][ 26]LogClass: Noah:AItem Init
[2017.04.16-15.54.15:220][ 26]LogClass: Noah:AItem Init
[2017.04.16-15.54.15:220][ 26]LogClass: Noah:AItem Init
[2017.04.16-15.54.15:220][ 26]LogClass: Noah:AItem Init
[2017.04.16-15.54.15:220][ 26]LogClass: Noah:AItem Init
[2017.04.16-15.54.15:221][ 26]LogClass: Noah:AItem Init
[2017.04.16-15.54.15:221][ 26]LogClass: Noah:AItem Init
[2017.04.16-15.54.15:221][ 26]LogClass: Noah:AItem Init
[2017.04.16-15.54.15:221][ 26]LogClass: Noah:AItem Init
[2017.04.16-15.54.15:221][ 26]LogClass: Noah:AItem Init
[2017.04.16-15.54.15:221][ 26]LogClass: Noah:AItem Init
[2017.04.16-15.54.15:221][ 26]LogClass: Noah:AItem Init
[2017.04.16-15.54.15:221][ 26]LogClass: Noah:AItem Init
[2017.04.16-15.54.15:221][ 26]LogClass: Noah:AItem Init
[2017.04.16-15.54.15:221][ 26]LogClass: Noah:AItem Init
[2017.04.16-15.54.15:221][ 26]LogClass: Noah:AItem Init
[2017.04.16-15.54.15:221][ 26]LogClass: Noah:AItem Init
[2017.04.16-15.54.15:222][ 26]LogClass: Noah:AItem Init
[2017.04.16-15.54.15:222][ 26]LogClass: Noah:AItem Init
[2017.04.16-15.54.15:222][ 26]LogClass: Noah:AItem Init
[2017.04.16-15.54.15:222][ 26]LogClass: Noah:AItem Init
[2017.04.16-15.54.15:222][ 26]LogClass: Noah:AItem Init
[2017.04.16-15.54.15:222][ 26]LogClass: Noah:AItem Init
[2017.04.16-15.54.15:222][ 26]LogClass: Noah:UInventory BeginPlay
[2017.04.16-15.54.15:222][ 26]LogClass: Noah:ANoahCharacter BeginPlay
[2017.04.16-15.54.15:231][ 26]PIE: 정보 /Game/UEDPIE_0_World 에 대한 에디터에서 플레이 시작 시간: 0.443
[2017.04.16-15.54.15:231][ 26]LogBlueprintUserMessages: Late PlayInEditor Detection: Level '/Game/World.World:PersistentLevel' has LevelScriptBlueprint '/Game/World.World:PersistentLevel.World' with GeneratedClass '/Game/World.World_C' with ClassGeneratedBy '/Game/World.World:PersistentLevel.World'
[2017.04.16-15.54.16:324][148]LogBlueprintUserMessages: Early EndPlayMap Detection: Level '/Game/World.World:PersistentLevel' has LevelScriptBlueprint '/Game/World.World:PersistentLevel.World' with GeneratedClass '/Game/World.World_C' with ClassGeneratedBy '/Game/World.World:PersistentLevel.World'
[2017.04.16-15.54.16:363][148]LogBlueprintUserMessages: Late EndPlayMap Detection: Level '/Game/World.World:PersistentLevel' has LevelScriptBlueprint '/Game/World.World:PersistentLevel.World' with GeneratedClass '/Game/World.World_C' with ClassGeneratedBy '/Game/World.World:PersistentLevel.World'
[2017.04.16-15.54.16:780][194]LogTemp: Repeting last play command: 선택된 뷰포트
[2017.04.16-15.54.16:804][194]LogBlueprintUserMessages: Early PlayInEditor Detection: Level '/Game/World.World:PersistentLevel' has LevelScriptBlueprint '/Game/World.World:PersistentLevel.World' with GeneratedClass '/Game/World.World_C' with ClassGeneratedBy '/Game/World.World:PersistentLevel.World'
[2017.04.16-15.54.16:805][194]LogPlayLevel: PlayLevel: No blueprints needed recompiling
[2017.04.16-15.54.16:806][194]PIE: New page: PIE 세션: World (2017. 4. 17. 오전 9:54:16)
[2017.04.16-15.54.16:806][194]LogPlayLevel: Creating play world package: /Game/UEDPIE_0_World
[2017.04.16-15.54.16:810][194]LogPlayLevel: PIE: StaticDuplicateObject took: (0.001998s)
[2017.04.16-15.54.16:811][194]LogAIModule: Creating AISystem for world World
[2017.04.16-15.54.16:811][194]LogPlayLevel: PIE: World Init took: (0.000677s)
[2017.04.16-15.54.16:815][194]LogPlayLevel: PIE: Created PIE world by copying editor world from /Game/World.World to /Game/UEDPIE_0_World.World (0.009019s)
[2017.04.16-15.54.16:856][194]LogInit: XAudio2 using '스피커(Realtek High Definition Audio)' : 2 channels at 48 kHz using 32 bits per sample (channel mask 0x3)
[2017.04.16-15.54.16:879][194]LogInit: FAudioDevice initialized.
[2017.04.16-15.54.16:920][194]LogLoad: Game class is 'NoahGameModeBase'
[2017.04.16-15.54.16:921][194]LogWorld: Bringing World /Game/UEDPIE_0_World.World up for play (max tick rate 0) at 2017.04.17-00.54.16
[2017.04.16-15.54.16:922][194]LogWorld: Bringing up level for play took: 0.001080
[2017.04.16-15.54.16:922][194]LogClass: Noah:AItem Init
[2017.04.16-15.54.16:922][194]LogClass: Noah:AItem Init
[2017.04.16-15.54.16:923][194]LogClass: Noah:UInventory Init
[2017.04.16-15.54.16:924][194]LogClass: Noah:AItem BeginPlay
[2017.04.16-15.54.16:925][194]LogClass: Noah:AItem Init
[2017.04.16-15.54.16:925][194]LogClass: Noah:AItem Init
[2017.04.16-15.54.16:925][194]LogClass: Noah:AItem Init
[2017.04.16-15.54.16:925][194]LogClass: Noah:AItem Init
[2017.04.16-15.54.16:925][194]LogClass: Noah:AItem Init
[2017.04.16-15.54.16:925][194]LogClass: Noah:AItem Init
[2017.04.16-15.54.16:925][194]LogClass: Noah:AItem Init
[2017.04.16-15.54.16:925][194]LogClass: Noah:AItem Init
[2017.04.16-15.54.16:925][194]LogClass: Noah:AItem Init
[2017.04.16-15.54.16:925][194]LogClass: Noah:AItem Init
[2017.04.16-15.54.16:925][194]LogClass: Noah:AItem Init
[2017.04.16-15.54.16:925][194]LogClass: Noah:AItem Init
[2017.04.16-15.54.16:925][194]LogClass: Noah:AItem Init
[2017.04.16-15.54.16:925][194]LogClass: Noah:AItem Init
[2017.04.16-15.54.16:925][194]LogClass: Noah:AItem Init
[2017.04.16-15.54.16:925][194]LogClass: Noah:AItem Init
[2017.04.16-15.54.16:925][194]LogClass: Noah:AItem Init
[2017.04.16-15.54.16:926][194]LogClass: Noah:AItem Init
[2017.04.16-15.54.16:926][194]LogClass: Noah:AItem Init
[2017.04.16-15.54.16:926][194]LogClass: Noah:AItem Init
[2017.04.16-15.54.16:926][194]LogClass: Noah:AItem Init
[2017.04.16-15.54.16:926][194]LogClass: Noah:AItem Init
[2017.04.16-15.54.16:926][194]LogClass: Noah:AItem Init
[2017.04.16-15.54.16:926][194]LogClass: Noah:AItem Init
[2017.04.16-15.54.16:926][194]LogClass: Noah:UInventory BeginPlay
[2017.04.16-15.54.16:926][194]LogClass: Noah:ANoahCharacter BeginPlay
[2017.04.16-15.54.16:934][194]PIE: 정보 /Game/UEDPIE_0_World 에 대한 에디터에서 플레이 시작 시간: 0.146
[2017.04.16-15.54.16:935][194]LogBlueprintUserMessages: Late PlayInEditor Detection: Level '/Game/World.World:PersistentLevel' has LevelScriptBlueprint '/Game/World.World:PersistentLevel.World' with GeneratedClass '/Game/World.World_C' with ClassGeneratedBy '/Game/World.World:PersistentLevel.World'
[2017.04.16-15.55.13:155][893]LogScriptCore:Warning: Script Msg: Attempted to access index 0 from array OverlapItemArray of length 0!
[2017.04.16-15.55.15:058][121]LogClass: Noah:AItem Init
[2017.04.16-15.55.15:224][140]LogClass: Noah:AItem Init
[2017.04.16-15.55.16:357][271]LogClass: Noah:AItem Init
[2017.04.16-15.55.16:357][271]LogClass: Noah:AItem BeginPlay
[2017.04.16-15.55.16:361][271]LogActorComponent: RegisterComponentWithWorld: (/Game/UEDPIE_0_World.World:PersistentLevel.Item_26.ItemMesh) Already registered. Aborting.
[2017.04.16-15.55.16:361][271]LogClass: adsf /Game/Resource/Mesh/Mesh_Wood.Mesh_Wood
[2017.04.16-15.55.17:935][458]LogClass: Noah:AItem Init
[2017.04.16-15.55.17:935][458]LogClass: Noah:AItem BeginPlay
[2017.04.16-15.55.17:936][458]LogActorComponent: RegisterComponentWithWorld: (/Game/UEDPIE_0_World.World:PersistentLevel.Item_27.ItemMesh) Already registered. Aborting.
[2017.04.16-15.55.17:936][458]LogClass: adsf /Game/Resource/Mesh/Mesh_Wood.Mesh_Wood
[2017.04.16-15.55.18:712][550]LogClass: Noah:AItem Init
[2017.04.16-15.55.18:712][550]LogClass: Noah:AItem BeginPlay
[2017.04.16-15.55.18:712][550]LogActorComponent: RegisterComponentWithWorld: (/Game/UEDPIE_0_World.World:PersistentLevel.Item_28.ItemMesh) Already registered. Aborting.
[2017.04.16-15.55.18:712][550]LogClass: adsf /Game/Resource/Mesh/Mesh_Wood.Mesh_Wood
[2017.04.16-15.55.19:680][665]LogClass: Noah:AItem Init
[2017.04.16-15.55.19:680][665]LogClass: Noah:AItem BeginPlay
[2017.04.16-15.55.19:680][665]LogActorComponent: RegisterComponentWithWorld: (/Game/UEDPIE_0_World.World:PersistentLevel.Item_29.ItemMesh) Already registered. Aborting.
[2017.04.16-15.55.19:680][665]LogClass: adsf /Game/Resource/Mesh/Mesh_Wood.Mesh_Wood
[2017.04.16-15.55.21:023][825]LogClass: Noah:AItem Init
[2017.04.16-15.55.21:024][825]LogClass: Noah:AItem BeginPlay
[2017.04.16-15.55.21:024][825]LogActorComponent: RegisterComponentWithWorld: (/Game/UEDPIE_0_World.World:PersistentLevel.Item_30.ItemMesh) Already registered. Aborting.
[2017.04.16-15.55.21:024][825]LogClass: adsf /Game/Resource/Mesh/Mesh_Wood.Mesh_Wood
[2017.04.16-15.55.22:012][942]LogClass: Noah:AItem Init
[2017.04.16-15.55.22:012][942]LogClass: Noah:AItem BeginPlay
[2017.04.16-15.55.22:015][942]LogActorComponent: RegisterComponentWithWorld: (/Game/UEDPIE_0_World.World:PersistentLevel.Item_31.ItemMesh) Already registered. Aborting.
[2017.04.16-15.55.22:016][942]LogClass: adsf /Game/Resource/Mesh/Mesh_Ston.Mesh_Ston
[2017.04.16-15.55.22:741][ 28]LogClass: Noah:AItem Init
[2017.04.16-15.55.22:741][ 28]LogClass: Noah:AItem BeginPlay
[2017.04.16-15.55.22:741][ 28]LogActorComponent: RegisterComponentWithWorld: (/Game/UEDPIE_0_World.World:PersistentLevel.Item_32.ItemMesh) Already registered. Aborting.
[2017.04.16-15.55.22:741][ 28]LogClass: adsf /Game/Resource/Mesh/Mesh_Ston.Mesh_Ston
[2017.04.16-15.55.23:385][104]LogClass: Noah:AItem Init
[2017.04.16-15.55.23:385][104]LogClass: Noah:AItem BeginPlay
[2017.04.16-15.55.23:385][104]LogActorComponent: RegisterComponentWithWorld: (/Game/UEDPIE_0_World.World:PersistentLevel.Item_33.ItemMesh) Already registered. Aborting.
[2017.04.16-15.55.23:386][104]LogClass: adsf /Game/Resource/Mesh/Mesh_Ston.Mesh_Ston
[2017.04.16-15.55.24:095][188]LogClass: Noah:AItem Init
[2017.04.16-15.55.24:095][188]LogClass: Noah:AItem BeginPlay
[2017.04.16-15.55.24:095][188]LogActorComponent: RegisterComponentWithWorld: (/Game/UEDPIE_0_World.World:PersistentLevel.Item_34.ItemMesh) Already registered. Aborting.
[2017.04.16-15.55.24:095][188]LogClass: adsf /Game/Resource/Mesh/Mesh_Ston.Mesh_Ston
[2017.04.16-15.55.24:746][265]LogClass: Noah:AItem Init
[2017.04.16-15.55.24:747][265]LogClass: Noah:AItem BeginPlay
[2017.04.16-15.55.24:747][265]LogActorComponent: RegisterComponentWithWorld: (/Game/UEDPIE_0_World.World:PersistentLevel.Item_35.ItemMesh) Already registered. Aborting.
[2017.04.16-15.55.24:748][265]LogClass: adsf /Game/Resource/Mesh/Mesh_Ston.Mesh_Ston
[2017.04.16-15.55.25:380][340]LogClass: Noah:AItem Init
[2017.04.16-15.55.25:381][340]LogClass: Noah:AItem BeginPlay
[2017.04.16-15.55.25:381][340]LogActorComponent: RegisterComponentWithWorld: (/Game/UEDPIE_0_World.World:PersistentLevel.Item_36.ItemMesh) Already registered. Aborting.
[2017.04.16-15.55.25:381][340]LogClass: adsf /Game/Resource/Mesh/Mesh_Ston.Mesh_Ston
[2017.04.16-15.55.25:921][404]LogClass: Noah:AItem Init
[2017.04.16-15.55.25:921][404]LogClass: Noah:AItem BeginPlay
[2017.04.16-15.55.25:921][404]LogActorComponent: RegisterComponentWithWorld: (/Game/UEDPIE_0_World.World:PersistentLevel.Item_37.ItemMesh) Already registered. Aborting.
[2017.04.16-15.55.25:922][404]LogClass: adsf /Game/Resource/Mesh/Mesh_Ston.Mesh_Ston
[2017.04.16-15.55.27:114][546]LogClass: Noah:AItem Init
[2017.04.16-15.55.27:844][630]LogClass: Noah:AItem Init
[2017.04.16-15.55.28:000][648]LogScriptCore:Warning: Script Msg: Attempted to access index 0 from array OverlapItemArray of length 0!
[2017.04.16-15.55.28:464][702]LogScriptCore:Warning: Script Msg: Attempted to access index 0 from array OverlapItemArray of length 0!
[2017.04.16-15.55.28:638][723]LogScriptCore:Warning: Script Msg: Attempted to access index 0 from array OverlapItemArray of length 0!
[2017.04.16-15.55.28:798][742]LogScriptCore:Warning: Script Msg: Attempted to access index 0 from array OverlapItemArray of length 0!
[2017.04.16-15.55.28:965][762]LogScriptCore:Warning: Script Msg: Attempted to access index 0 from array OverlapItemArray of length 0!
[2017.04.16-15.55.29:475][822]LogScriptCore:Warning: Script Msg: Attempted to access index 0 from array OverlapItemArray of length 0!
[2017.04.16-15.55.29:634][841]LogScriptCore:Warning: Script Msg: Attempted to access index 0 from array OverlapItemArray of length 0!
[2017.04.16-15.55.29:776][858]LogScriptCore:Warning: Script Msg: Attempted to access index 0 from array OverlapItemArray of length 0!
[2017.04.16-15.55.29:935][877]LogScriptCore:Warning: Script Msg: Attempted to access index 0 from array OverlapItemArray of length 0!
[2017.04.16-15.55.30:101][897]LogScriptCore:Warning: Script Msg: Attempted to access index 0 from array OverlapItemArray of length 0!
[2017.04.16-15.55.30:285][919]LogScriptCore:Warning: Script Msg: Attempted to access index 0 from array OverlapItemArray of length 0!
[2017.04.16-15.55.30:477][942]LogScriptCore:Warning: Script Msg: Attempted to access index 0 from array OverlapItemArray of length 0!
[2017.04.16-15.55.30:669][965]LogScriptCore:Warning: Script Msg: Attempted to access index 0 from array OverlapItemArray of length 0!
[2017.04.16-15.55.30:872][989]LogScriptCore:Warning: Script Msg: Attempted to access index 0 from array OverlapItemArray of length 0!
[2017.04.16-15.55.31:064][ 12]LogScriptCore:Warning: Script Msg: Attempted to access index 0 from array OverlapItemArray of length 0!
[2017.04.16-15.55.31:258][ 35]LogScriptCore:Warning: Script Msg: Attempted to access index 0 from array OverlapItemArray of length 0!
[2017.04.16-15.55.31:466][ 60]LogScriptCore:Warning: Script Msg: Attempted to access index 0 from array OverlapItemArray of length 0!
[2017.04.16-15.55.31:658][ 83]LogScriptCore:Warning: Script Msg: Attempted to access index 0 from array OverlapItemArray of length 0!
[2017.04.16-15.55.31:998][123]LogScriptCore:Warning: Script Msg: Attempted to access index 0 from array OverlapItemArray of length 0!
[2017.04.16-15.55.32:338][163]LogScriptCore:Warning: Script Msg: Attempted to access index 0 from array OverlapItemArray of length 0!
[2017.04.16-15.55.32:472][179]LogScriptCore:Warning: Script Msg: Attempted to access index 0 from array OverlapItemArray of length 0!
[2017.04.16-15.55.32:622][197]LogScriptCore:Warning: Script Msg: Attempted to access index 0 from array OverlapItemArray of length 0!
[2017.04.16-15.55.32:806][219]LogScriptCore:Warning: Script Msg: Attempted to access index 0 from array OverlapItemArray of length 0!
[2017.04.16-15.55.32:998][242]LogScriptCore:Warning: Script Msg: Attempted to access index 0 from array OverlapItemArray of length 0!
[2017.04.16-15.55.33:191][265]LogScriptCore:Warning: Script Msg: Attempted to access index 0 from array OverlapItemArray of length 0!
[2017.04.16-15.55.33:358][285]LogScriptCore:Warning: Script Msg: Attempted to access index 0 from array OverlapItemArray of length 0!
[2017.04.16-15.55.33:516][304]LogScriptCore:Warning: Script Msg: Attempted to access index 0 from array OverlapItemArray of length 0!
[2017.04.16-15.55.34:435][414]LogClass: Noah:AItem Init
[2017.04.16-15.55.34:435][414]LogClass: Noah:AItem BeginPlay
[2017.04.16-15.55.34:435][414]LogActorComponent: RegisterComponentWithWorld: (/Game/UEDPIE_0_World.World:PersistentLevel.Item_38.ItemMesh) Already registered. Aborting.
[2017.04.16-15.55.34:435][414]LogClass: adsf /Game/Resource/Mesh/Mesh_Ston.Mesh_Ston
[2017.04.16-15.55.34:984][479]LogClass: Noah:AItem Init
[2017.04.16-15.55.34:985][479]LogClass: Noah:AItem BeginPlay
[2017.04.16-15.55.34:985][479]LogActorComponent: RegisterComponentWithWorld: (/Game/UEDPIE_0_World.World:PersistentLevel.Item_39.ItemMesh) Already registered. Aborting.
[2017.04.16-15.55.34:985][479]LogClass: adsf /Game/Resource/Mesh/Mesh_Ston.Mesh_Ston
[2017.04.16-15.55.35:527][543]LogClass: Noah:AItem Init
[2017.04.16-15.55.35:527][543]LogClass: Noah:AItem BeginPlay
[2017.04.16-15.55.35:527][543]LogActorComponent: RegisterComponentWithWorld: (/Game/UEDPIE_0_World.World:PersistentLevel.Item_40.ItemMesh) Already registered. Aborting.
[2017.04.16-15.55.35:527][543]LogClass: adsf /Game/Resource/Mesh/Mesh_Ston.Mesh_Ston
[2017.04.16-15.55.36:176][620]LogClass: Noah:AItem Init
[2017.04.16-15.55.36:176][620]LogClass: Noah:AItem BeginPlay
[2017.04.16-15.55.36:177][620]LogActorComponent: RegisterComponentWithWorld: (/Game/UEDPIE_0_World.World:PersistentLevel.Item_41.ItemMesh) Already registered. Aborting.
[2017.04.16-15.55.36:177][620]LogClass: adsf /Game/Resource/Mesh/Mesh_Ston.Mesh_Ston
[2017.04.16-15.55.36:783][692]LogClass: Noah:AItem Init
[2017.04.16-15.55.36:783][692]LogClass: Noah:AItem BeginPlay
[2017.04.16-15.55.36:783][692]LogActorComponent: RegisterComponentWithWorld: (/Game/UEDPIE_0_World.World:PersistentLevel.Item_42.ItemMesh) Already registered. Aborting.
[2017.04.16-15.55.36:784][692]LogClass: adsf /Game/Resource/Mesh/Mesh_Ston.Mesh_Ston
[2017.04.16-15.55.37:651][795]LogClass: Noah:AItem Init
[2017.04.16-15.55.37:652][795]LogClass: Noah:AItem BeginPlay
[2017.04.16-15.55.37:652][795]LogActorComponent: RegisterComponentWithWorld: (/Game/UEDPIE_0_World.World:PersistentLevel.Item_43.ItemMesh) Already registered. Aborting.
[2017.04.16-15.55.37:652][795]LogClass: adsf /Game/Resource/Mesh/Mesh_Ston.Mesh_Ston
[2017.04.16-15.55.38:166][856]LogClass: Noah:AItem Init
[2017.04.16-15.55.38:167][856]LogClass: Noah:AItem BeginPlay
[2017.04.16-15.55.38:167][856]LogActorComponent: RegisterComponentWithWorld: (/Game/UEDPIE_0_World.World:PersistentLevel.Item_44.ItemMesh) Already registered. Aborting.
[2017.04.16-15.55.38:167][856]LogClass: adsf /Game/Resource/Mesh/Mesh_Ston.Mesh_Ston
[2017.04.16-15.55.38:718][921]LogClass: Noah:AItem Init
[2017.04.16-15.55.38:883][940]LogScriptCore:Warning: Script Msg: Attempted to access index 0 from array OverlapItemArray of length 0!
[2017.04.16-15.55.39:050][960]LogScriptCore:Warning: Script Msg: Attempted to access index 0 from array OverlapItemArray of length 0!
[2017.04.16-15.55.39:250][984]LogScriptCore:Warning: Script Msg: Attempted to access index 0 from array OverlapItemArray of length 0!
[2017.04.16-15.55.39:608][ 26]LogScriptCore:Warning: Script Msg: Attempted to access index 0 from array OverlapItemArray of length 0!
[2017.04.16-15.55.39:792][ 48]LogScriptCore:Warning: Script Msg: Attempted to access index 0 from array OverlapItemArray of length 0!
[2017.04.16-15.55.39:975][ 70]LogScriptCore:Warning: Script Msg: Attempted to access index 0 from array OverlapItemArray of length 0!
[2017.04.16-15.55.40:350][114]LogScriptCore:Warning: Script Msg: Attempted to access index 0 from array OverlapItemArray of length 0!
[2017.04.16-15.55.40:534][136]LogScriptCore:Warning: Script Msg: Attempted to access index 0 from array OverlapItemArray of length 0!
[2017.04.16-15.55.40:907][180]LogScriptCore:Warning: Script Msg: Attempted to access index 0 from array OverlapItemArray of length 0!
[2017.04.16-15.55.41:058][198]LogScriptCore:Warning: Script Msg: Attempted to access index 0 from array OverlapItemArray of length 0!
[2017.04.16-15.55.41:241][220]LogScriptCore:Warning: Script Msg: Attempted to access index 0 from array OverlapItemArray of length 0!
[2017.04.16-15.55.41:613][264]LogScriptCore:Warning: Script Msg: Attempted to access index 0 from array OverlapItemArray of length 0!
[2017.04.16-15.55.41:995][309]LogScriptCore:Warning: Script Msg: Attempted to access index 0 from array OverlapItemArray of length 0!
[2017.04.16-15.55.42:178][331]LogScriptCore:Warning: Script Msg: Attempted to access index 0 from array OverlapItemArray of length 0!
[2017.04.16-15.55.42:355][352]LogScriptCore:Warning: Script Msg: Attempted to access index 0 from array OverlapItemArray of length 0!
[2017.04.16-15.55.42:711][394]LogScriptCore:Warning: Script Msg: Attempted to access index 0 from array OverlapItemArray of length 0!
[2017.04.16-15.55.42:895][416]LogScriptCore:Warning: Script Msg: Attempted to access index 0 from array OverlapItemArray of length 0!
[2017.04.16-15.55.43:072][437]LogScriptCore:Warning: Script Msg: Attempted to access index 0 from array OverlapItemArray of length 0!
[2017.04.16-15.55.43:230][456]LogScriptCore:Warning: Script Msg: Attempted to access index 0 from array OverlapItemArray of length 0!
[2017.04.16-15.55.43:539][493]LogBlueprintUserMessages: Early EndPlayMap Detection: Level '/Game/World.World:PersistentLevel' has LevelScriptBlueprint '/Game/World.World:PersistentLevel.World' with GeneratedClass '/Game/World.World_C' with ClassGeneratedBy '/Game/World.World:PersistentLevel.World'
[2017.04.16-15.55.43:576][493]LogBlueprintUserMessages: Late EndPlayMap Detection: Level '/Game/World.World:PersistentLevel' has LevelScriptBlueprint '/Game/World.World:PersistentLevel.World' with GeneratedClass '/Game/World.World_C' with ClassGeneratedBy '/Game/World.World:PersistentLevel.World'
[2017.04.16-15.55.51:808][462]LogSlate: Took 0.000219 seconds to synchronously load lazily loaded font '../../../Engine/Content/Slate/Fonts/Roboto-Light.ttf' (159K)
[2017.04.16-15.55.51:848][462]LogSlate: Took 0.000305 seconds to synchronously load lazily loaded font '../../../Engine/Content/Editor/Slate/Fonts/Roboto-BoldCondensed.ttf' (158K)
[2017.04.16-15.56.10:068][565]Running C:/Program Files/Epic Games/UE_4.15/Engine/Binaries/DotNET/UnrealBuildTool.exe Noah Win64 DebugGame -editorrecompile "C:/Users/DohyunYun/Desktop/GP 170416/Noah/Noah/Noah.uproject" -invalidatemakefilesonly
[2017.04.16-15.56.10:479][565]Invalidating makefiles only in this run.
[2017.04.16-15.56.10:582][565]LogSlate: Took 0.000213 seconds to synchronously load lazily loaded font '../../../Engine/Content/Slate/Fonts/Roboto-Regular.ttf' (155K)
[2017.04.16-15.56.10:612][565]Recompiling Noah...
[2017.04.16-15.56.10:612][565]Launching UnrealBuildTool... [C:/Program Files/Epic Games/UE_4.15/Engine/Binaries/DotNET/UnrealBuildTool.exe Noah -ModuleWithSuffix Noah 8144 Win64 DebugGame -editorrecompile -canskiplink "C:/Users/DohyunYun/Desktop/GP 170416/Noah/Noah/Noah.uproject" ]
[2017.04.16-15.56.21:410][565]CompilerResultsLog: New page: 컴파일 - 2017. 4. 17. 오전 9:56:21
[2017.04.16-15.56.21:410][565]CompilerResultsLog: 정보 Compiling game modules for hot reload
[2017.04.16-15.56.21:410][565]CompilerResultsLog: 정보 Parsing headers for NoahEditor
[2017.04.16-15.56.21:410][565]CompilerResultsLog: 정보   Running UnrealHeaderTool "C:\Users\DohyunYun\Desktop\GP 170416\Noah\Noah\Noah.uproject" "C:\Users\DohyunYun\Desktop\GP 170416\Noah\Noah\Intermediate\Build\Win64\NoahEditor\DebugGame\NoahEditor.uhtmanifest" -LogCmds="loginit warning, logexit warning, logdatabase error" -Unattended -WarningsAsErrors -installed
[2017.04.16-15.56.21:410][565]CompilerResultsLog: 정보 Reflection code generated for NoahEditor in 3.1209071 seconds
[2017.04.16-15.56.21:410][565]CompilerResultsLog: 정보 Performing 4 actions (4 in parallel)
[2017.04.16-15.56.21:410][565]CompilerResultsLog: 정보 Noah.generated.cpp
[2017.04.16-15.56.21:410][565]CompilerResultsLog: 정보 NoahGameStateBase.cpp
[2017.04.16-15.56.21:411][565]CompilerResultsLog: 정보 [3/4] Link UE4Editor-Noah-8144-Win64-DebugGame.dll
[2017.04.16-15.56.21:411][565]CompilerResultsLog: 정보 [4/4] Link UE4Editor-Noah-8144-Win64-DebugGame.lib
[2017.04.16-15.56.21:411][565]CompilerResultsLog: 정보    C:\Users\DohyunYun\Desktop\GP 170416\Noah\Noah\Intermediate\Build\Win64\UE4Editor\DebugGame\UE4Editor-Noah-8144-Win64-DebugGame.lib ???̺귯?? ?? C:\Users\DohyunYun\Desktop\GP 170416\Noah\Noah\Intermediate\Build\Win64\UE4Editor\DebugGame\UE4Editor-Noah-8144-Win64-DebugGame.exp ??ü?? ?????ϰ? ?ֽ??ϴ?.
[2017.04.16-15.56.21:411][565]CompilerResultsLog: 정보    C:\Users\DohyunYun\Desktop\GP 170416\Noah\Noah\Intermediate\Build\Win64\UE4Editor\DebugGame\UE4Editor-Noah-8144-Win64-DebugGame.suppressed.lib ???̺귯?? ?? C:\Users\DohyunYun\Desktop\GP 170416\Noah\Noah\Intermediate\Build\Win64\UE4Editor\DebugGame\UE4Editor-Noah-8144-Win64-DebugGame.suppressed.exp ??ü?? ?????ϰ? ?ֽ??ϴ?.
[2017.04.16-15.56.21:411][565]CompilerResultsLog: 정보 Total build time: 10.46 seconds (Local executor: 3.84 seconds)
[2017.04.16-15.56.21:411][565]LogMainFrame: MainFrame: Module compiling took 10.806 seconds
[2017.04.16-15.56.21:620][565]LogClass: Noah:AItem Init
[2017.04.16-15.56.21:620][565]LogClass: Noah:UInventory Init
[2017.04.16-15.56.21:620][565]LogClass: Noah:UInventory Init
[2017.04.16-15.56.21:621][565]LogClass: Noah:UInventory Init
[2017.04.16-15.56.21:621][565]LogClass: Noah:UInventory Init
[2017.04.16-15.56.21:625][565]LogClass: Could not find existing class NoahGameStateBase in package /Script/Noah for HotReload, assuming new class
[2017.04.16-15.56.21:627][565]LogClass: ItemStruct HotReload.
[2017.04.16-15.56.21:627][565]LogClass: CraftItemStruct HotReload.
[2017.04.16-15.56.21:627][565]LogClass: SimpleItemStruct HotReload.
[2017.04.16-15.56.21:628][565]LogClass: Noah:AItem Init
[2017.04.16-15.56.21:628][565]LogClass: Noah:UInventory Init
[2017.04.16-15.56.21:629][565]LogClass: Noah:UInventory Init
[2017.04.16-15.56.21:632][565]LogContentBrowser: Native class hierarchy updated for 'Noah' in 0.0015 seconds. Added 10 classes and 2 folders.
[2017.04.16-15.56.21:633][565]Display: HotReload successful (10 functions remapped  3 scriptstructs remapped)
[2017.04.16-15.56.21:695][565]LogContentBrowser: Native class hierarchy populated in 0.0090 seconds. Added 2257 classes and 459 folders.
[2017.04.16-15.56.21:695][565]Display: HotReload took 11.1s.
[2017.04.16-15.56.21:696][565]Warning: HotReload operation took 11.1s.
[2017.04.16-15.56.21:834][565]LogVSAccessor:Warning: Couldn't goto line number '0' in 'C:/Users/DohyunYun/Desktop/GP 170416/Noah/Noah/Source/Noah/NoahGameStateBase.h'
[2017.04.16-15.56.21:894][565]LogVSAccessor:Warning: Couldn't goto line number '0' in 'C:/Users/DohyunYun/Desktop/GP 170416/Noah/Noah/Source/Noah/NoahGameStateBase.cpp'
[2017.04.16-15.56.21:911][565]LogHotReload: New module detected: UE4Editor-Noah-8144-Win64-DebugGame.dll
[2017.04.16-15.56.21:976][566]LogHotReload: Starting Hot-Reload from IDE
[2017.04.16-15.56.22:257][566]LogContentBrowser: Native class hierarchy updated for 'Noah' in 0.0017 seconds. Added 10 classes and 2 folders.
[2017.04.16-15.56.22:259][566]Display: HotReload successful (0 functions remapped  3 scriptstructs remapped)
[2017.04.16-15.56.22:270][566]LogContentBrowser: Native class hierarchy populated in 0.0089 seconds. Added 2257 classes and 459 folders.
[2017.04.16-15.56.22:278][566]Display: HotReload took  0.3s.
[2017.04.16-15.56.52:071][ 11]LogEditorViewport: Clicking on Actor (LMB): StaticMeshActor (Floor)
[2017.04.16-15.56.55:333][373]Cmd: DELETE
[2017.04.16-15.56.55:333][373]Cmd: ACTOR DELETE
[2017.04.16-15.56.55:336][373]LogEditorActor: Deleted Actor: StaticMeshActor
[2017.04.16-15.56.55:344][373]LogEditorActor: Deleted 1 Actors (0.011 secs)
[2017.04.16-15.56.57:644][645]Cmd: TRANSACTION UNDO
[2017.04.16-15.56.57:645][645]LogEditorTransaction: Undo 액터 삭제
[2017.04.16-15.56.57:701][645]LogSlate: Took 0.000332 seconds to synchronously load lazily loaded font '../../../Engine/Content/Slate/Fonts/Roboto-Light.ttf' (159K)
[2017.04.16-15.57.22:337][615]Cmd: OBJ SAVEPACKAGE PACKAGE="/Game/GameMode/BP_NoahGameStateBase" FILE="../../../../../../Users/DohyunYun/Desktop/GP 170416/Noah/Noah/Content/GameMode/BP_NoahGameStateBase.uasset" SILENT=true
[2017.04.16-15.57.22:350][615]LogSavePackage: Save=9.78ms
[2017.04.16-15.57.22:350][615]LogSavePackage: Moving '../../../../../../Users/DohyunYun/Desktop/GP 170416/Noah/Noah/Saved/BP_NoahGameStateBase0AD5E7F2454D30321B970C89D5673291.tmp' to '../../../../../../Users/DohyunYun/Desktop/GP 170416/Noah/Noah/Content/GameMode/BP_NoahGameStateBase.uasset'
[2017.04.16-15.57.22:356][615]LogSavePackage:Display: Finished SavePackage ../../../../../../Users/DohyunYun/Desktop/GP 170416/Noah/Noah/Content/GameMode/BP_NoahGameStateBase.uasset
[2017.04.16-15.57.22:485][615]Cmd: OBJ SAVEPACKAGE PACKAGE="/Game/World" FILE="../../../../../../Users/DohyunYun/Desktop/GP 170416/Noah/Noah/Content/World.umap" SILENT=true AUTOSAVING=false KEEPDIRTY=false
[2017.04.16-15.57.22:630][615]LogSavePackage: Save=61.12ms
[2017.04.16-15.57.22:630][615]LogSavePackage: Moving '../../../../../../Users/DohyunYun/Desktop/GP 170416/Noah/Noah/Saved/World1B2DFF2C40931382B87E36B662D73CF5.tmp' to '../../../../../../Users/DohyunYun/Desktop/GP 170416/Noah/Noah/Content/World.umap'
[2017.04.16-15.57.22:636][615]LogSavePackage:Display: Finished SavePackage ../../../../../../Users/DohyunYun/Desktop/GP 170416/Noah/Noah/Content/World.umap
[2017.04.16-15.57.22:689][615]LogFileHelpers: Saving map 'World' took 0.329
[2017.04.16-15.57.40:289][668]LogWindowsTextInputMethodSystem:Display: IME system now activated using TSF (Microsoft 입력기).
[2017.04.16-15.57.40:489][669]Cmd: QUIT_EDITOR
[2017.04.16-15.57.40:651][669]LogExit: Preparing to exit.
[2017.04.16-15.57.41:146][669]LogActorComponent: UnregisterComponent: (None.None) Not registered. Aborting.
[2017.04.16-15.57.41:147][669]LogActorComponent: UnregisterComponent: (None.None) Not registered. Aborting.
[2017.04.16-15.57.41:147][669]LogActorComponent: UnregisterComponent: (None.None) Not registered. Aborting.
[2017.04.16-15.57.41:147][669]LogActorComponent: UnregisterComponent: (None.None) Not registered. Aborting.
[2017.04.16-15.57.41:147][669]LogActorComponent: UnregisterComponent: (None.None) Not registered. Aborting.
[2017.04.16-15.57.41:147][669]LogActorComponent: UnregisterComponent: (None.None) Not registered. Aborting.
[2017.04.16-15.57.41:156][669]LogDirectoryWatcher: A directory notification for 'C:/Users/DohyunYun/Desktop/GP 170416/Noah/Noah/Content/' was aborted.
[2017.04.16-15.57.41:172][669]LogExit: Editor shut down
[2017.04.16-15.57.41:173][669]LogExit: Transaction tracking system shut down
[2017.04.16-15.57.41:220][669]LogObj: Freed 0b from 0 cluster array pools.
[2017.04.16-15.57.41:220][669]LogExit: Object subsystem successfully closed.
[2017.04.16-15.57.41:239][669]LogD3D11RHI: Shutdown
[2017.04.16-15.57.41:239][669]LogD3D11RHI: CleanupD3DDevice
[2017.04.16-15.57.41:314][669]LogD3D11RHI: ~FD3D11DynamicRHI
[2017.04.16-15.57.41:366][669]LogModuleManager: Shutting down and abandoning module Noah (504)
[2017.04.16-15.57.41:366][669]LogModuleManager: Shutting down and abandoning module MovieSceneCapture (502)
[2017.04.16-15.57.41:366][669]LogModuleManager: Shutting down and abandoning module HierarchicalLODOutliner (500)
[2017.04.16-15.57.41:366][669]LogModuleManager: Shutting down and abandoning module CrashTracker (498)
[2017.04.16-15.57.41:366][669]LogModuleManager: Shutting down and abandoning module SceneOutliner (496)
[2017.04.16-15.57.41:366][669]LogModuleManager: Shutting down and abandoning module AddContentDialog (494)
[2017.04.16-15.57.41:366][669]LogDirectoryWatcher: A directory notification for 'C:/Program Files/Epic Games/UE_4.15/FeaturePacks/' was aborted.
[2017.04.16-15.57.41:367][669]LogModuleManager: Shutting down and abandoning module WidgetCarousel (493)
[2017.04.16-15.57.41:367][669]LogModuleManager: Shutting down and abandoning module EditorWidgets (490)
[2017.04.16-15.57.41:367][669]LogModuleManager: Shutting down and abandoning module CollectionManager (488)
[2017.04.16-15.57.41:367][669]LogDirectoryWatcher: A directory notification for 'C:/Users/DohyunYun/Desktop/GP 170416/Noah/Noah/Content/Collections/' was aborted.
[2017.04.16-15.57.41:368][669]LogDirectoryWatcher: A directory notification for 'C:/Users/DohyunYun/Desktop/GP 170416/Noah/Noah/Content/Developers/DohyunYun/Collections/' was aborted.
[2017.04.16-15.57.41:368][669]LogDirectoryWatcher: A directory notification for 'C:/Users/DohyunYun/Desktop/GP 170416/Noah/Noah/Saved/Collections/' was aborted.
[2017.04.16-15.57.41:368][669]LogModuleManager: Shutting down and abandoning module StatsViewer (486)
[2017.04.16-15.57.41:368][669]LogModuleManager: Shutting down and abandoning module FoliageEdit (484)
[2017.04.16-15.57.41:368][669]LogModuleManager: Shutting down and abandoning module LandscapeEditor (482)
[2017.04.16-15.57.41:368][669]LogModuleManager: Shutting down and abandoning module SceneDepthPickerMode (480)
[2017.04.16-15.57.41:368][669]LogModuleManager: Shutting down and abandoning module ActorPickerMode (478)
[2017.04.16-15.57.41:369][669]LogModuleManager: Shutting down and abandoning module GeometryMode (476)
[2017.04.16-15.57.41:369][669]LogModuleManager: Shutting down and abandoning module TextureAlignMode (474)
[2017.04.16-15.57.41:369][669]LogModuleManager: Shutting down and abandoning module BspMode (472)
[2017.04.16-15.57.41:369][669]LogModuleManager: Shutting down and abandoning module HardwareSurvey (470)
[2017.04.16-15.57.41:369][669]LogModuleManager: Shutting down and abandoning module SequenceRecorderSections (468)
[2017.04.16-15.57.41:369][669]LogModuleManager: Shutting down and abandoning module AutomationWorker (466)
[2017.04.16-15.57.41:369][669]LogModuleManager: Shutting down and abandoning module MatineeToLevelSequence (464)
[2017.04.16-15.57.41:369][669]LogModuleManager: Shutting down and abandoning module LevelSequenceEditor (462)
[2017.04.16-15.57.41:369][669]LogModuleManager: Shutting down and abandoning module PlacementMode (461)
[2017.04.16-15.57.41:369][669]LogModuleManager: Shutting down and abandoning module WmfMediaFactory (458)
[2017.04.16-15.57.41:370][669]LogModuleManager: Shutting down and abandoning module WmfMediaEditor (456)
[2017.04.16-15.57.41:370][669]LogModuleManager: Shutting down and abandoning module MfMediaFactory (454)
[2017.04.16-15.57.41:370][669]LogModuleManager: Shutting down and abandoning module MfMediaEditor (452)
[2017.04.16-15.57.41:370][669]LogModuleManager: Shutting down and abandoning module AvfMediaFactory (450)
[2017.04.16-15.57.41:370][669]LogModuleManager: Shutting down and abandoning module AvfMediaEditor (448)
[2017.04.16-15.57.41:370][669]LogModuleManager: Shutting down and abandoning module AndroidMediaFactory (446)
[2017.04.16-15.57.41:370][669]LogModuleManager: Shutting down and abandoning module Media (445)
[2017.04.16-15.57.41:370][669]LogModuleManager: Shutting down and abandoning module AndroidMediaEditor (442)
[2017.04.16-15.57.41:370][669]LogModuleManager: Shutting down and abandoning module CharacterAI (440)
[2017.04.16-15.57.41:371][669]LogModuleManager: Shutting down and abandoning module AudioCapture (438)
[2017.04.16-15.57.41:371][669]LogModuleManager: Shutting down and abandoning module SequenceRecorder (437)
[2017.04.16-15.57.41:371][669]LogModuleManager: Shutting down and abandoning module SmartSnapping (434)
[2017.04.16-15.57.41:371][669]LogModuleManager: Shutting down and abandoning module SessionServices (432)
[2017.04.16-15.57.41:371][669]LogModuleManager: Shutting down and abandoning module ViewportSnapping (430)
[2017.04.16-15.57.41:372][669]LogModuleManager: Shutting down and abandoning module ViewportInteraction (428)
[2017.04.16-15.57.41:372][669]LogModuleManager: Shutting down and abandoning module LogVisualizer (426)
[2017.04.16-15.57.41:372][669]LogModuleManager: Shutting down and abandoning module IntroTutorials (424)
[2017.04.16-15.57.41:372][669]LogModuleManager: Shutting down and abandoning module GameProjectGeneration (423)
[2017.04.16-15.57.41:372][669]LogModuleManager: Shutting down and abandoning module EditorLiveStreaming (420)
[2017.04.16-15.57.41:373][669]LogModuleManager: Shutting down and abandoning module IOSPlatformEditor (418)
[2017.04.16-15.57.41:373][669]LogModuleManager: Shutting down and abandoning module HTML5PlatformEditor (416)
[2017.04.16-15.57.41:373][669]LogModuleManager: Shutting down and abandoning module AndroidPlatformEditor (414)
[2017.04.16-15.57.41:373][669]LogModuleManager: Shutting down and abandoning module AndroidDeviceDetection (413)
[2017.04.16-15.57.41:760][669]LogModuleManager: Shutting down and abandoning module IOSRuntimeSettings (410)
[2017.04.16-15.57.41:760][669]LogModuleManager: Shutting down and abandoning module AndroidRuntimeSettings (408)
[2017.04.16-15.57.41:760][669]LogModuleManager: Shutting down and abandoning module InputBindingEditor (406)
[2017.04.16-15.57.41:761][669]LogModuleManager: Shutting down and abandoning module NiagaraEditor (404)
[2017.04.16-15.57.41:761][669]LogModuleManager: Shutting down and abandoning module MergeActors (402)
[2017.04.16-15.57.41:761][669]LogModuleManager: Shutting down and abandoning module SizeMap (400)
[2017.04.16-15.57.41:763][669]LogModuleManager: Shutting down and abandoning module TreeMap (398)
[2017.04.16-15.57.41:763][669]LogModuleManager: Shutting down and abandoning module ReferenceViewer (396)
[2017.04.16-15.57.41:764][669]LogModuleManager: Shutting down and abandoning module LocalizationDashboard (394)
[2017.04.16-15.57.41:764][669]LogModuleManager: Shutting down and abandoning module LocalizationService (393)
[2017.04.16-15.57.41:764][669]LogModuleManager: Shutting down and abandoning module HardwareTargeting (390)
[2017.04.16-15.57.41:764][669]LogModuleManager: Shutting down and abandoning module DeviceProfileEditor (388)
[2017.04.16-15.57.41:764][669]LogModuleManager: Shutting down and abandoning module UndoHistory (386)
[2017.04.16-15.57.41:764][669]LogModuleManager: Shutting down and abandoning module UserFeedback (384)
[2017.04.16-15.57.41:764][669]LogModuleManager: Shutting down and abandoning module XmlParser (382)
[2017.04.16-15.57.41:764][669]LogModuleManager: Shutting down and abandoning module Blutility (380)
[2017.04.16-15.57.41:764][669]LogModuleManager: Shutting down and abandoning module ProjectSettingsViewer (378)
[2017.04.16-15.57.41:765][669]LogModuleManager: Shutting down and abandoning module ProjectTargetPlatformEditor (377)
[2017.04.16-15.57.41:765][669]LogModuleManager: Shutting down and abandoning module EditorSettingsViewer (374)
[2017.04.16-15.57.41:765][669]LogModuleManager: Shutting down and abandoning module SettingsEditor (372)
[2017.04.16-15.57.41:765][669]LogModuleManager: Shutting down and abandoning module ProjectLauncher (370)
[2017.04.16-15.57.41:765][669]LogModuleManager: Shutting down and abandoning module SessionFrontend (368)
[2017.04.16-15.57.41:766][669]LogModuleManager: Shutting down and abandoning module ProfilerClient (366)
[2017.04.16-15.57.41:766][669]LogModuleManager: Shutting down and abandoning module DeviceManager (364)
[2017.04.16-15.57.41:766][669]LogModuleManager: Shutting down and abandoning module TargetDeviceServices (363)
[2017.04.16-15.57.41:808][669]LogModuleManager: Shutting down and abandoning module AutomationController (360)
[2017.04.16-15.57.41:808][669]LogModuleManager: Shutting down and abandoning module AutomationWindow (358)
[2017.04.16-15.57.41:808][669]LogModuleManager: Shutting down and abandoning module Layers (356)
[2017.04.16-15.57.41:808][669]LogModuleManager: Shutting down and abandoning module ComponentVisualizers (354)
[2017.04.16-15.57.41:808][669]LogModuleManager: Shutting down and abandoning module DetailCustomizations (352)
[2017.04.16-15.57.41:808][669]LogModuleManager: Shutting down and abandoning module PackagesDialog (350)
[2017.04.16-15.57.41:809][669]LogModuleManager: Shutting down and abandoning module Persona (348)
[2017.04.16-15.57.41:809][669]LogModuleManager: Shutting down and abandoning module AnimGraph (347)
[2017.04.16-15.57.41:809][669]LogModuleManager: Shutting down and abandoning module Kismet (344)
[2017.04.16-15.57.41:810][669]LogModuleManager: Shutting down and abandoning module GraphEditor (342)
[2017.04.16-15.57.41:810][669]LogModuleManager: Shutting down and abandoning module ClassViewer (340)
[2017.04.16-15.57.41:811][669]LogModuleManager: Shutting down and abandoning module Toolbox (338)
[2017.04.16-15.57.41:812][669]LogModuleManager: Shutting down and abandoning module ModuleUI (336)
[2017.04.16-15.57.41:812][669]LogModuleManager: Shutting down and abandoning module MovieSceneTools (334)
[2017.04.16-15.57.41:812][669]LogModuleManager: Shutting down and abandoning module OutputLog (332)
[2017.04.16-15.57.41:812][669]LogModuleManager: Shutting down and abandoning module GammaUI (330)
[2017.04.16-15.57.41:812][669]LogModuleManager: Shutting down and abandoning module Documentation (328)
[2017.04.16-15.57.41:812][669]LogModuleManager: Shutting down and abandoning module Niagara (326)
[2017.04.16-15.57.41:812][669]LogModuleManager: Shutting down and abandoning module StreamingPauseRendering (324)
[2017.04.16-15.57.41:812][669]LogModuleManager: Shutting down and abandoning module AnalyticsET (322)
[2017.04.16-15.57.41:812][669]LogModuleManager: Shutting down and abandoning module PortalServices (320)
[2017.04.16-15.57.41:812][669]LogModuleManager: Shutting down and abandoning module PortalRpc (318)
[2017.04.16-15.57.41:812][669]LogModuleManager: Shutting down and abandoning module MessagingRpc (316)
[2017.04.16-15.57.41:813][669]LogModuleManager: Shutting down and abandoning module AIModule (314)
[2017.04.16-15.57.41:813][669]LogModuleManager: Shutting down and abandoning module GameplayDebugger (313)
[2017.04.16-15.57.41:813][669]LogModuleManager: Shutting down and abandoning module AITestSuite (311)
[2017.04.16-15.57.41:813][669]LogModuleManager: Shutting down and abandoning module ProfilerService (308)
[2017.04.16-15.57.42:014][669]LogModuleManager: Shutting down and abandoning module TaskGraph (306)
[2017.04.16-15.57.42:014][669]LogModuleManager: Shutting down and abandoning module SteamVRController (304)
[2017.04.16-15.57.42:014][669]LogModuleManager: Shutting down and abandoning module SteamVR (302)
[2017.04.16-15.57.42:014][669]LogModuleManager: Shutting down and abandoning module ProceduralMeshComponentEditor (300)
[2017.04.16-15.57.42:014][669]LogModuleManager: Shutting down and abandoning module ProceduralMeshComponent (298)
[2017.04.16-15.57.42:014][669]LogModuleManager: Shutting down and abandoning module OculusLibrary (296)
[2017.04.16-15.57.42:014][669]LogModuleManager: Shutting down and abandoning module OculusInput (294)
[2017.04.16-15.57.42:014][669]LogModuleManager: Shutting down and abandoning module MobilePatchingUtils (292)
[2017.04.16-15.57.42:014][669]LogModuleManager: Shutting down and abandoning module CustomMeshComponent (290)
[2017.04.16-15.57.42:014][669]LogModuleManager: Shutting down and abandoning module CableComponent (288)
[2017.04.16-15.57.42:015][669]LogModuleManager: Shutting down and abandoning module ArchVisCharacter (286)
[2017.04.16-15.57.42:015][669]LogModuleManager: Shutting down and abandoning module MediaPlayerEditor (282)
[2017.04.16-15.57.42:015][669]LogModuleManager: Shutting down and abandoning module HTML5Networking (280)
[2017.04.16-15.57.42:015][669]LogModuleManager: Shutting down and abandoning module AlembicImporter (278)
[2017.04.16-15.57.42:015][669]LogModuleManager: Shutting down and abandoning module AlembicLibrary (277)
[2017.04.16-15.57.42:015][669]LogModuleManager: Shutting down and abandoning module GeometryCache (276)
[2017.04.16-15.57.42:015][669]LogModuleManager: Shutting down and abandoning module GeometryCacheEd (275)
[2017.04.16-15.57.42:015][669]LogModuleManager: Shutting down and abandoning module SuperSearchEditor (270)
[2017.04.16-15.57.42:015][669]LogModuleManager: Shutting down and abandoning module SuperSearch (269)
[2017.04.16-15.57.42:016][669]LogModuleManager: Shutting down and abandoning module SpeedTreeImporter (266)
[2017.04.16-15.57.42:016][669]LogModuleManager: Shutting down and abandoning module PluginBrowser (264)
[2017.04.16-15.57.42:016][669]LogModuleManager: Shutting down and abandoning module MobileLauncherProfileWizard (262)
[2017.04.16-15.57.42:016][669]LogModuleManager: Shutting down and abandoning module EpicSurvey (260)
[2017.04.16-15.57.42:016][669]LogModuleManager: Shutting down and abandoning module VisualStudioSourceCodeAccess (258)
[2017.04.16-15.57.42:016][669]LogModuleManager: Shutting down and abandoning module DesktopPlatform (257)
[2017.04.16-15.57.42:016][669]LogModuleManager: Shutting down and abandoning module UObjectPlugin (254)
[2017.04.16-15.57.42:016][669]LogModuleManager: Shutting down and abandoning module SubversionSourceControl (252)
[2017.04.16-15.57.42:016][669]LogModuleManager: Shutting down and abandoning module PerforceSourceControl (250)
[2017.04.16-15.57.42:016][669]LogModuleManager: Shutting down and abandoning module GitSourceControl (248)
[2017.04.16-15.57.42:016][669]LogModuleManager: Shutting down and abandoning module SourceControl (247)
[2017.04.16-15.57.42:017][669]LogModuleManager: Shutting down and abandoning module LightPropagationVolumeEditor (244)
[2017.04.16-15.57.42:017][669]LogModuleManager: Shutting down and abandoning module PaperTiledImporter (242)
[2017.04.16-15.57.42:017][669]LogModuleManager: Shutting down and abandoning module PaperSpriteSheetImporter (240)
[2017.04.16-15.57.42:017][669]LogModuleManager: Shutting down and abandoning module Paper2DEditor (238)
[2017.04.16-15.57.42:017][669]LogModuleManager: Shutting down and abandoning module MeshPaint (237)
[2017.04.16-15.57.42:017][669]LogModuleManager: Shutting down and abandoning module LevelEditor (235)
[2017.04.16-15.57.42:018][669]LogModuleManager: Shutting down and abandoning module PixelInspectorModule (234)
[2017.04.16-15.57.42:018][669]LogModuleManager: Shutting down and abandoning module MainFrame (232)
[2017.04.16-15.57.42:018][669]LogModuleManager: Shutting down and abandoning module HotReload (231)
[2017.04.16-15.57.42:018][669]LogDirectoryWatcher: A directory notification for 'C:/Users/DohyunYun/Desktop/GP 170416/Noah/Noah/Binaries/Win64' was aborted.
[2017.04.16-15.57.42:019][669]LogModuleManager: Shutting down and abandoning module ContentBrowser (227)
[2017.04.16-15.57.42:020][669]LogModuleManager: Shutting down and abandoning module PhysXVehiclesEditor (222)
[2017.04.16-15.57.42:020][669]LogModuleManager: Shutting down and abandoning module PhysXVehicles (220)
[2017.04.16-15.57.42:020][669]LogModuleManager: Shutting down and abandoning module LocationServicesBPLibrary (218)
[2017.04.16-15.57.42:021][669]LogModuleManager: Shutting down and abandoning module UdpMessaging (216)
[2017.04.16-15.57.42:165][669]LogModuleManager: Shutting down and abandoning module TcpMessaging (214)
[2017.04.16-15.57.42:266][669]LogModuleManager: Shutting down and abandoning module GameplayTagsEditor (212)
[2017.04.16-15.57.42:266][669]LogModuleManager: Shutting down and abandoning module FacialAnimationEditor (210)
[2017.04.16-15.57.42:266][669]LogModuleManager: Shutting down and abandoning module FacialAnimation (208)
[2017.04.16-15.57.42:266][669]LogModuleManager: Shutting down and abandoning module LightPropagationVolumeRuntime (206)
[2017.04.16-15.57.42:266][669]LogModuleManager: Shutting down and abandoning module Paper2D (204)
[2017.04.16-15.57.42:266][669]LogModuleManager: Shutting down and abandoning module WindowsMoviePlayer (202)
[2017.04.16-15.57.42:266][669]LogModuleManager: Shutting down and abandoning module WmfMedia (200)
[2017.04.16-15.57.42:266][669]LogModuleManager: Shutting down and abandoning module MfMedia (198)
[2017.04.16-15.57.42:267][669]LogModuleManager: Shutting down and abandoning module MediaAssets (196)
[2017.04.16-15.57.42:267][669]LogModuleManager: Shutting down and abandoning module GameLiveStreaming (194)
[2017.04.16-15.57.42:267][669]LogModuleManager: Shutting down and abandoning module VREditor (192)
[2017.04.16-15.57.42:267][669]LogModuleManager: Shutting down and abandoning module GameplayTasksEditor (190)
[2017.04.16-15.57.42:267][669]LogModuleManager: Shutting down and abandoning module BehaviorTreeEditor (188)
[2017.04.16-15.57.42:267][669]LogModuleManager: Shutting down and abandoning module FunctionalTesting (186)
[2017.04.16-15.57.42:267][669]LogModuleManager: Shutting down and abandoning module CollisionAnalyzer (184)
[2017.04.16-15.57.42:267][669]LogModuleManager: Shutting down and abandoning module UMG (182)
[2017.04.16-15.57.42:267][669]LogModuleManager: Shutting down and abandoning module UMGEditor (181)
[2017.04.16-15.57.42:268][669]LogModuleManager: Shutting down and abandoning module Sequencer (180)
[2017.04.16-15.57.42:268][669]LogModuleManager: Shutting down and abandoning module AssetTools (178)
[2017.04.16-15.57.42:268][669]LogModuleManager: Shutting down and abandoning module MessageLog (177)
[2017.04.16-15.57.42:268][669]LogModuleManager: Shutting down and abandoning module WorkspaceMenuStructure (176)
[2017.04.16-15.57.42:268][669]LogModuleManager: Shutting down and abandoning module SlateReflector (170)
[2017.04.16-15.57.42:268][669]LogModuleManager: Shutting down and abandoning module Slate (168)
[2017.04.16-15.57.42:268][669]LogModuleManager: Shutting down and abandoning module EditorStyle (166)
[2017.04.16-15.57.42:273][669]LogModuleManager: Shutting down and abandoning module SourceCodeAccess (164)
[2017.04.16-15.57.42:273][669]LogModuleManager: Shutting down and abandoning module HeadMountedDisplay (162)
[2017.04.16-15.57.42:273][669]LogModuleManager: Shutting down and abandoning module XAudio2 (160)
[2017.04.16-15.57.42:273][669]LogModuleManager: Shutting down and abandoning module Networking (158)
[2017.04.16-15.57.42:273][669]LogModuleManager: Shutting down and abandoning module Core (154)
[2017.04.16-15.57.42:273][669]LogModuleManager: Shutting down and abandoning module AssetRegistry (152)
[2017.04.16-15.57.42:459][669]LogDirectoryWatcher: A directory notification for '../../../Engine/Content/' was aborted.
[2017.04.16-15.57.42:459][669]LogDirectoryWatcher: A directory notification for '../../../../../../Users/DohyunYun/Desktop/GP 170416/Noah/Noah/Content/' was aborted.
[2017.04.16-15.57.42:460][669]LogDirectoryWatcher: A directory notification for '../../../Engine/Plugins/2D/Paper2D/Content/' was aborted.
[2017.04.16-15.57.42:460][669]LogModuleManager: Shutting down and abandoning module DirectoryWatcher (151)
[2017.04.16-15.57.42:461][669]LogModuleManager: Shutting down and abandoning module KismetCompiler (148)
[2017.04.16-15.57.42:461][669]LogModuleManager: Shutting down and abandoning module PhysXFormats (146)
[2017.04.16-15.57.42:461][669]LogModuleManager: Shutting down and abandoning module MeshUtilities (144)
[2017.04.16-15.57.42:461][669]LogModuleManager: Shutting down and abandoning module SimplygonSwarm (143)
[2017.04.16-15.57.42:461][669]LogModuleManager: Shutting down and abandoning module SimplygonMeshReduction (141)
[2017.04.16-15.57.42:461][669]LogModuleManager: Shutting down and abandoning module QuadricMeshReduction (139)
[2017.04.16-15.57.42:461][669]LogModuleManager: Shutting down and abandoning module PropertyEditor (137)
[2017.04.16-15.57.42:462][669]LogModuleManager: Shutting down and abandoning module DerivedDataCache (134)
[2017.04.16-15.57.42:515][669]LogDerivedDataCache: Shutdown
[2017.04.16-15.57.42:516][669]LogModuleManager: Shutting down and abandoning module TargetPlatform (132)
[2017.04.16-15.57.42:516][669]LogModuleManager: Shutting down and abandoning module VulkanShaderFormat (131)
[2017.04.16-15.57.42:516][669]LogModuleManager: Shutting down and abandoning module ShaderFormatOpenGL (129)
[2017.04.16-15.57.42:516][669]LogModuleManager: Shutting down and abandoning module ShaderFormatD3D (127)
[2017.04.16-15.57.42:516][669]LogModuleManager: Shutting down and abandoning module MetalShaderFormat (125)
[2017.04.16-15.57.42:516][669]LogModuleManager: Shutting down and abandoning module TextureFormatUncompressed (123)
[2017.04.16-15.57.42:516][669]LogModuleManager: Shutting down and abandoning module TextureFormatPVR (121)
[2017.04.16-15.57.42:516][669]LogModuleManager: Shutting down and abandoning module TextureFormatDXT (119)
[2017.04.16-15.57.42:516][669]LogModuleManager: Shutting down and abandoning module TextureFormatIntelISPCTexComp (117)
[2017.04.16-15.57.42:517][669]LogModuleManager: Shutting down and abandoning module TextureFormatASTC (115)
[2017.04.16-15.57.42:518][669]LogModuleManager: Shutting down and abandoning module ImageWrapper (114)
[2017.04.16-15.57.42:518][669]LogModuleManager: Shutting down and abandoning module TextureFormatAndroid (111)
[2017.04.16-15.57.42:518][669]LogModuleManager: Shutting down and abandoning module AudioFormatOpus (109)
[2017.04.16-15.57.42:518][669]LogModuleManager: Shutting down and abandoning module AudioFormatOgg (107)
[2017.04.16-15.57.42:518][669]LogModuleManager: Shutting down and abandoning module AudioFormatADPCM (105)
[2017.04.16-15.57.42:518][669]LogModuleManager: Shutting down and abandoning module LinuxTargetPlatform (103)
[2017.04.16-15.57.42:518][669]LogModuleManager: Shutting down and abandoning module LinuxServerTargetPlatform (101)
[2017.04.16-15.57.42:518][669]LogModuleManager: Shutting down and abandoning module LinuxNoEditorTargetPlatform (99)
[2017.04.16-15.57.42:519][669]LogModuleManager: Shutting down and abandoning module LinuxClientTargetPlatform (97)
[2017.04.16-15.57.42:519][669]LogModuleManager: Shutting down and abandoning module TVOSTargetPlatform (95)
[2017.04.16-15.57.42:519][669]LogModuleManager: Shutting down and abandoning module Messaging (93)
[2017.04.16-15.57.42:519][669]LogModuleManager: Shutting down and abandoning module IOSTargetPlatform (91)
[2017.04.16-15.57.42:519][669]LogModuleManager: Shutting down and abandoning module HTML5TargetPlatform (89)
[2017.04.16-15.57.42:519][669]LogModuleManager: Shutting down and abandoning module Android_PVRTCTargetPlatform (87)
[2017.04.16-15.57.42:519][669]LogModuleManager: Shutting down and abandoning module Android_MultiTargetPlatform (85)
[2017.04.16-15.57.42:519][669]LogModuleManager: Shutting down and abandoning module Android_ETC2TargetPlatform (83)
[2017.04.16-15.57.42:519][669]LogModuleManager: Shutting down and abandoning module Android_ETC1TargetPlatform (81)
[2017.04.16-15.57.42:519][669]LogModuleManager: Shutting down and abandoning module Android_DXTTargetPlatform (79)
[2017.04.16-15.57.42:519][669]LogModuleManager: Shutting down and abandoning module Android_ATCTargetPlatform (77)
[2017.04.16-15.57.42:519][669]LogModuleManager: Shutting down and abandoning module Android_ASTCTargetPlatform (75)
[2017.04.16-15.57.42:520][669]LogModuleManager: Shutting down and abandoning module AndroidTargetPlatform (73)
[2017.04.16-15.57.42:520][669]LogModuleManager: Shutting down and abandoning module WindowsTargetPlatform (71)
[2017.04.16-15.57.42:520][669]LogModuleManager: Shutting down and abandoning module WindowsServerTargetPlatform (69)
[2017.04.16-15.57.42:520][669]LogModuleManager: Shutting down and abandoning module WindowsNoEditorTargetPlatform (67)
[2017.04.16-15.57.42:520][669]LogModuleManager: Shutting down and abandoning module WindowsClientTargetPlatform (65)
[2017.04.16-15.57.42:520][669]LogModuleManager: Shutting down and abandoning module MacTargetPlatform (63)
[2017.04.16-15.57.42:520][669]LogModuleManager: Shutting down and abandoning module MacServerTargetPlatform (61)
[2017.04.16-15.57.42:520][669]LogModuleManager: Shutting down and abandoning module MacNoEditorTargetPlatform (59)
[2017.04.16-15.57.42:520][669]LogModuleManager: Shutting down and abandoning module MacClientTargetPlatform (57)
[2017.04.16-15.57.42:520][669]LogModuleManager: Shutting down and abandoning module AllDesktopTargetPlatform (55)
[2017.04.16-15.57.42:521][669]LogModuleManager: Shutting down and abandoning module InputCore (52)
[2017.04.16-15.57.42:521][669]LogModuleManager: Shutting down and abandoning module Settings (50)
[2017.04.16-15.57.42:521][669]LogModuleManager: Shutting down and abandoning module OculusRift (48)
[2017.04.16-15.57.42:521][669]LogModuleManager: Shutting down and abandoning module GearVR (46)
[2017.04.16-15.57.42:521][669]LogModuleManager: Shutting down and abandoning module ExampleDeviceProfileSelector (44)
[2017.04.16-15.57.42:521][669]LogModuleManager: Shutting down and abandoning module OnlineBlueprintSupport (42)
[2017.04.16-15.57.42:521][669]LogModuleManager: Shutting down and abandoning module OnlineSubsystem (38)
[2017.04.16-15.57.42:521][669]LogOnline:Display: Unloading online subsystem: NULL
[2017.04.16-15.57.42:521][669]LogModuleManager: Shutting down and abandoning module XMPP (37)
[2017.04.16-15.57.42:521][669]LogModuleManager: Shutting down and abandoning module HTTP (35)
[2017.04.16-15.57.42:522][669]LogHttp:Display: Http module shutting down, but needs to wait on 1 outstanding Http requests:
[2017.04.16-15.57.42:522][669]LogHttp:Display: 	verb=[POST] url=[https://datarouter.ol.epicgames.com/datarouter/api/v1/public/data?SessionID=%7B3FD26A15-472B-1789-4E36-36BA1B703AF9%7D&AppID=UEEditor.Rocket.Release&AppVersion=4.15.1-3348071%2B%2B%2BUE4%2BRelease-4.15&UserID=0f2da69c4170e62f77df6c9086e0699d%7Cbdb34c0d9b6b4f248f01d9fd1a627e5a%7C97c83a11-2d3c-48dc-be1e-fbb3989baefe&AppEnvironment=datacollector-binary&UploadType=eteventstream] status=Processing
[2017.04.16-15.57.42:545][669]LogModuleManager: Shutting down and abandoning module SSL (34)
[2017.04.16-15.57.42:546][669]LogModuleManager: Shutting down and abandoning module AudioEditor (30)
[2017.04.16-15.57.42:546][669]LogModuleManager: Shutting down and abandoning module TextureCompressor (28)
[2017.04.16-15.57.42:549][669]LogModuleManager: Shutting down and abandoning module ShaderCore (26)
[2017.04.16-15.57.42:549][669]LogModuleManager: Shutting down and abandoning module Landscape (24)
[2017.04.16-15.57.42:549][669]LogModuleManager: Shutting down and abandoning module SlateRHIRenderer (22)
[2017.04.16-15.57.42:551][669]LogModuleManager: Shutting down and abandoning module OpenGLDrv (20)
[2017.04.16-15.57.42:551][669]LogModuleManager: Shutting down and abandoning module D3D11RHI (18)
[2017.04.16-15.57.42:551][669]LogModuleManager: Shutting down and abandoning module AnimGraphRuntime (16)
[2017.04.16-15.57.42:551][669]LogModuleManager: Shutting down and abandoning module Renderer (14)
[2017.04.16-15.57.42:551][669]LogModuleManager: Shutting down and abandoning module Engine (12)
[2017.04.16-15.57.42:551][669]LogModuleManager: Shutting down and abandoning module CoreUObject (10)
[2017.04.16-15.57.42:551][669]LogModuleManager: Shutting down and abandoning module NetworkFile (8)
[2017.04.16-15.57.42:551][669]LogModuleManager: Shutting down and abandoning module StreamingFile (6)
[2017.04.16-15.57.42:552][669]LogModuleManager: Shutting down and abandoning module SandboxFile (4)
[2017.04.16-15.57.42:552][669]LogModuleManager: Shutting down and abandoning module PakFile (2)
[2017.04.16-15.57.42:556][669]LogExit: Exiting.
[2017.04.16-15.57.42:557][669]Log file closed, 04/17/17 00:57:42
