Log file open, 04/14/17 02:33:41
LogInit:Display: Running engine for game: Noah
LogPlatformFile: Not using cached read wrapper
LogInit:Display: RandInit(926594855) SRandInit(926594855).
LogTaskGraph: Started task graph with 5 named threads and 8 total threads with 1 sets of task threads.
LogStats: Stats thread started at 0.602212
LogInit: Using libcurl 7.47.1
LogInit:  - built for x86_64-pc-win32
LogInit:  - supports SSL with OpenSSL/1.0.2g
LogInit:  - supports HTTP deflate (compression) using libz 1.2.8
LogInit:  - other features:
LogInit:      CURL_VERSION_SSL
LogInit:      CURL_VERSION_LIBZ
LogInit:      CURL_VERSION_IPV6
LogInit:      CURL_VERSION_ASYNCHDNS
LogInit:      CURL_VERSION_LARGEFILE
LogInit:      CURL_VERSION_IDN
LogInit:  CurlRequestOptions (configurable via config and command line):
LogInit:  - bVerifyPeer = false  - Libcurl will NOT verify peer certificate
LogInit:  - bUseHttpProxy = false  - Libcurl will NOT use HTTP proxy
LogInit:  - bDontReuseConnections = false  - Libcurl will reuse connections
LogInit:  - CertBundlePath = nullptr  - Libcurl will use whatever was configured at build time.
LogInit: Build: ++UE4+Release-4.15-CL-3348071
LogInit: Engine Version: 4.15.1-3348071+++UE4+Release-4.15
LogInit: Compatible Engine Version: 4.15.0-3299760+++UE4+Release-4.15
LogInit: Net CL: 3299760
LogDevObjectVersion: Number of dev versions registered: 14
LogDevObjectVersion:   Dev-Blueprints (B0D832E4-1F89-4F0D-ACCF-7EB736FD4AA2): 8
LogDevObjectVersion:   Dev-Build (E1C64328-A22C-4D53-A36C-8E866417BD8C): 0
LogDevObjectVersion:   Dev-Core (375EC13C-06E4-48FB-B500-84F0262A717E): 2
LogDevObjectVersion:   Dev-Editor (E4B068ED-F494-42E9-A231-DA0B2E46BB41): 14
LogDevObjectVersion:   Dev-Framework (CFFC743F-43B0-4480-9391-14DF171D2073): 22
LogDevObjectVersion:   Dev-Mobile (B02B49B5-BB20-44E9-A304-32B752E40360): 0
LogDevObjectVersion:   Dev-Networking (A4E4105C-59A1-49B5-A7C5-40C4547EDFEE): 0
LogDevObjectVersion:   Dev-Online (39C831C9-5AE6-47DC-9A44-9C173E1C8E7C): 0
LogDevObjectVersion:   Dev-Physics (78F01B33-EBEA-4F98-B9B4-84EACCB95AA2): 0
LogDevObjectVersion:   Dev-Platform (6631380F-2D4D-43E0-8009-CF276956A95A): 0
LogDevObjectVersion:   Dev-Rendering (12F88B9F-8875-4AFC-A67C-D90C383ABD29): 12
LogDevObjectVersion:   Dev-Sequencer (7B5AE74C-D270-4C10-A958-57980B212A5A): 3
LogDevObjectVersion:   Dev-VR (D7296918-1DD6-4BDD-9DE2-64A83CC13884): 0
LogDevObjectVersion:   Dev-LoadTimes (C2A15278-BFE7-4AFE-6C17-90FF531DF755): 1
LogInit: Compiled (64-bit): Mar 15 2017 16:52:47
LogInit: Compiled with Visual C++: 19.00.23026.00
LogInit: Build Configuration: DebugGame
LogInit: Branch Name: ++UE4+Release-4.15
LogInit: Command line:  -skipcompile -debug
LogInit: Base directory: C:/Program Files/Epic Games/UE_4.15/Engine/Binaries/Win64/
LogInit: Installed Engine Build: 1
LogInit: Presizing for max 8388607 objects, including 0 objects not considered by GC, pre-allocating 0 bytes for permanent pool.
LogInit: Object subsystem initialized
[2017.04.13-17.33.42:950][  0]LogInit: Selected Device Profile: [Windows]
[2017.04.13-17.33.42:950][  0]LogInit: Applying CVar settings loaded from the selected device profile: [Windows]
[2017.04.13-17.33.43:010][  0]LogInit: Computer: MODERNKIM
[2017.04.13-17.33.43:010][  0]LogInit: User: ModernKim
[2017.04.13-17.33.43:011][  0]LogInit: CPU Page size=65536, Cores=4
[2017.04.13-17.33.43:011][  0]LogInit: High frequency timer resolution =3.117189 MHz
[2017.04.13-17.33.43:011][  0]LogMemory: Memory total: Physical=15.9GB (16GB approx)
[2017.04.13-17.33.43:011][  0]LogMemory: Platform Memory Stats for Windows
[2017.04.13-17.33.43:011][  0]LogMemory: Process Physical Memory: 265.71 MB used, 265.71 MB peak
[2017.04.13-17.33.43:011][  0]LogMemory: Process Virtual Memory: 265.54 MB used, 265.54 MB peak
[2017.04.13-17.33.43:011][  0]LogMemory: Physical Memory: 5167.68 MB used,  11096.86 MB free, 16264.54 MB total
[2017.04.13-17.33.43:011][  0]LogMemory: Virtual Memory: 646.16 MB used,  11096.86 MB free, 134217728.00 MB total
[2017.04.13-17.33.43:340][  0]LogTextLocalizationManager: No specific translations for ('ko-KR') exist, so ('ko') translations will be used.
[2017.04.13-17.33.43:405][  0]LogTextLocalizationManager:Warning: Loaded localization resources contain conflicting entries for (Namespace:KismetSchema, Key:Default):
Localization Resource: (C:/Program Files/Epic Games/UE_4.15/Engine/Content/Localization/EditorTutorials/ko/EditorTutorials.locres) Source String Hash: (940523119) Localized String: (디폴트)
Localization Resource: (C:/Program Files/Epic Games/UE_4.15/Engine/Content/Localization/Engine/ko/Engine.locres) Source String Hash: (940523119) Localized String: (기본)
[2017.04.13-17.33.43:405][  0]LogTextLocalizationManager:Warning: Loaded localization resources contain conflicting entries for (Namespace:UObjectToolTips, Key:AnimNode_AssetPlayerBase:InternalTimeAccumulator):
Localization Resource: (C:/Program Files/Epic Games/UE_4.15/Engine/Content/Localization/EditorTutorials/ko/EditorTutorials.locres) Source String Hash: (502993589) Localized String: (이 노드에서 애셋을 레퍼런싱하는 데 사용되는 누적 시간입니다.)
Localization Resource: (C:/Program Files/Epic Games/UE_4.15/Engine/Content/Localization/ToolTips/ko/ToolTips.locres) Source String Hash: (502993589) Localized String: (내부 시간 누산기 - 이 노드에서 애셋을 레퍼런싱하는 데 사용된 누적 시간입니다.)
Localization Resource: (C:/Program Files/Epic Games/UE_4.15/Engine/Content/Localization/Engine/ko/Engine.locres) Source String Hash: (502993589) Localized String: (이 노드에서 애셋을 레퍼런싱하는 데 사용된 누적 시간입니다.)
[2017.04.13-17.33.43:405][  0]LogTextLocalizationManager:Warning: Loaded localization resources contain conflicting entries for (Namespace:UObjectToolTips, Key:AnimNode_AssetPlayerBase:bIgnoreForRelevancyTest):
Localization Resource: (C:/Program Files/Epic Games/UE_4.15/Engine/Content/Localization/EditorTutorials/ko/EditorTutorials.locres) Source String Hash: (319969718) Localized String: (True 면, 스테이트에서 최고 가중치 애니메이션을 찾는 "Relevant anim" 노드는 이 노드를 무시합니다.
 )
Localization Resource: (C:/Program Files/Epic Games/UE_4.15/Engine/Content/Localization/ToolTips/ko/ToolTips.locres) Source String Hash: (319969718) Localized String: (연관성 테스트에 무시 - true 인 경우 스테이트 내 최고 웨이팅된 애니메이션을 찾는 "Relevant anim" (연관 애님) 노드가
이 노드를 무시합니다.)
Localization Resource: (C:/Program Files/Epic Games/UE_4.15/Engine/Content/Localization/Engine/ko/Engine.locres) Source String Hash: (319969718) Localized String: (True 면 스테이트 내 최고 웨이팅된 애니메이션을 찾는 "Relevant anim" 노드가 무시됩니다.
 )
[2017.04.13-17.33.43:406][  0]LogTextLocalizationManager:Warning: Loaded localization resources contain conflicting entries for (Namespace:UObjectToolTips, Key:AnimNode_AssetPlayerBase:BlendWeight):
Localization Resource: (C:/Program Files/Epic Games/UE_4.15/Engine/Content/Localization/EditorTutorials/ko/EditorTutorials.locres) Source String Hash: (-1232800293) Localized String: (이 노드에 마지막 걸린 블렌드웨이트 입니다.)
Localization Resource: (C:/Program Files/Epic Games/UE_4.15/Engine/Content/Localization/ToolTips/ko/ToolTips.locres) Source String Hash: (-1232800293) Localized String: (블렌드 웨이트 - 이 노드에 대해 마지막으로 접한 블렌드 웨이트입니다.)
Localization Resource: (C:/Program Files/Epic Games/UE_4.15/Engine/Content/Localization/Engine/ko/Engine.locres) Source String Hash: (-1232800293) Localized String: (이 노드에 대해 마지막 접한 블렌드 웨이트)
[2017.04.13-17.33.43:406][  0]LogTextLocalizationManager:Warning: Loaded localization resources contain conflicting entries for (Namespace:UObjectToolTips, Key:AnimNode_BlendSpacePlayer:bLoop):
Localization Resource: (C:/Program Files/Epic Games/UE_4.15/Engine/Content/Localization/EditorTutorials/ko/EditorTutorials.locres) Source String Hash: (2133979316) Localized String: (애니메이션이 끝까지 재생되면 반복할까요?)
Localization Resource: (C:/Program Files/Epic Games/UE_4.15/Engine/Content/Localization/ToolTips/ko/ToolTips.locres) Source String Hash: (2133979316) Localized String: (루프 - 애니메이션이 끝에 도달했을 때 계속 반복할까요?)
[2017.04.13-17.33.43:406][  0]LogTextLocalizationManager:Warning: Loaded localization resources contain conflicting entries for (Namespace:UObjectToolTips, Key:AnimNode_StateMachine:bSkipFirstUpdateTransition):
Localization Resource: (C:/Program Files/Epic Games/UE_4.15/Engine/Content/Localization/EditorTutorials/ko/EditorTutorials.locres) Source String Hash: (1865475011) Localized String: (첫 업데이트시 도입 상태에서의 트랜지션을 건너뛸까요? 
기본은 true 로, 첫 업데이트시에는 트랜지션 데이터를 버립니다.)
Localization Resource: (C:/Program Files/Epic Games/UE_4.15/Engine/Content/Localization/ToolTips/ko/ToolTips.locres) Source String Hash: (1865475011) Localized String: (첫 번째 업데이트 트랜지션 건너뛰기 - 첫 번째 업데이트에서 입력 스테이트의 트랜지션을 건너뜁니까?
디폴트는 true 고 첫 번째 업데이트의 트랜지션 데이터를 버립니다.)
[2017.04.13-17.33.43:406][  0]LogTextLocalizationManager:Warning: Loaded localization resources contain conflicting entries for (Namespace:UObjectToolTips, Key:AnimNode_BlendSpacePlayer:X):
Localization Resource: (C:/Program Files/Epic Games/UE_4.15/Engine/Content/Localization/EditorTutorials/ko/EditorTutorials.locres) Source String Hash: (2060772590) Localized String: (블렌드스페이스에서 샘플링할 X 좌표입니다.)
Localization Resource: (C:/Program Files/Epic Games/UE_4.15/Engine/Content/Localization/ToolTips/ko/ToolTips.locres) Source String Hash: (2060772590) Localized String: (X - 블렌드스페이스 샘플의 X 좌표입니다.)
[2017.04.13-17.33.43:406][  0]LogTextLocalizationManager:Warning: Loaded localization resources contain conflicting entries for (Namespace:UObjectToolTips, Key:AnimNode_BlendSpacePlayer:Y):
Localization Resource: (C:/Program Files/Epic Games/UE_4.15/Engine/Content/Localization/EditorTutorials/ko/EditorTutorials.locres) Source String Hash: (-1719607538) Localized String: (블렌드스페이스에서 샘플링할 Y 좌표입니다.)
Localization Resource: (C:/Program Files/Epic Games/UE_4.15/Engine/Content/Localization/ToolTips/ko/ToolTips.locres) Source String Hash: (-1719607538) Localized String: (Y - 블렌드스페이스 샘플의 Y 좌표입니다.)
[2017.04.13-17.33.43:406][  0]LogTextLocalizationManager:Warning: Loaded localization resources contain conflicting entries for (Namespace:UObjectToolTips, Key:AnimNode_BlendSpacePlayer:Z):
Localization Resource: (C:/Program Files/Epic Games/UE_4.15/Engine/Content/Localization/EditorTutorials/ko/EditorTutorials.locres) Source String Hash: (1728943471) Localized String: (블렌드스페이스에서 샘플링할 Z 좌표입니다.)
Localization Resource: (C:/Program Files/Epic Games/UE_4.15/Engine/Content/Localization/ToolTips/ko/ToolTips.locres) Source String Hash: (1728943471) Localized String: (Z - 블렌드스페이스 샘플의 Z 좌표입니다.)
[2017.04.13-17.33.43:406][  0]LogTextLocalizationManager:Warning: Loaded localization resources contain conflicting entries for (Namespace:UObjectToolTips, Key:AnimNode_BlendSpacePlayer:BlendSpace):
Localization Resource: (C:/Program Files/Epic Games/UE_4.15/Engine/Content/Localization/EditorTutorials/ko/EditorTutorials.locres) Source String Hash: (1599043277) Localized String: (재생할 블렌드스페이스 애셋입니다.)
Localization Resource: (C:/Program Files/Epic Games/UE_4.15/Engine/Content/Localization/ToolTips/ko/ToolTips.locres) Source String Hash: (1599043277) Localized String: (블렌드스페이스 - 재생할 블렌드스페이스 애셋입니다.)
[2017.04.13-17.33.43:406][  0]LogTextLocalizationManager:Warning: Loaded localization resources contain conflicting entries for (Namespace:UObjectToolTips, Key:AnimNode_StateMachine:MaxTransitionsPerFrame):
Localization Resource: (C:/Program Files/Epic Games/UE_4.15/Engine/Content/Localization/EditorTutorials/ko/EditorTutorials.locres) Source String Hash: (1567650430) Localized String: (이 머신에서 한 프레임 내 '동시에' 취할 수 있는 트랜지션 최대 수입니다.)
Localization Resource: (C:/Program Files/Epic Games/UE_4.15/Engine/Content/Localization/ToolTips/ko/ToolTips.locres) Source String Hash: (1567650430) Localized String: (프레임 당 최대 트랜지션 - 한 프레임에서 이 머신이 동시에 취할 수 있는 트랜지션 최대 수입니다.)
[2017.04.13-17.33.43:406][  0]LogTextLocalizationManager:Warning: Loaded localization resources contain conflicting entries for (Namespace:UObjectToolTips, Key:AnimNode_BlendSpacePlayer:PlayRate):
Localization Resource: (C:/Program Files/Epic Games/UE_4.15/Engine/Content/Localization/EditorTutorials/ko/EditorTutorials.locres) Source String Hash: (-1274923958) Localized String: (재생 속도 배수입니다. 음수가 되면 애니메이션을 역순으로 재생하게 됩니다.)
Localization Resource: (C:/Program Files/Epic Games/UE_4.15/Engine/Content/Localization/ToolTips/ko/ToolTips.locres) Source String Hash: (-1274923958) Localized String: (재생 속도 - 재생 속도 배수입니다. 음수가 되면 애니메이션을 거꾸로 재생합니다.)
[2017.04.13-17.33.43:406][  0]LogTextLocalizationManager:Warning: Loaded localization resources contain conflicting entries for (Namespace:UObjectToolTips, Key:AnimNode_BlendSpacePlayer:StartPosition):
Localization Resource: (C:/Program Files/Epic Games/UE_4.15/Engine/Content/Localization/EditorTutorials/ko/EditorTutorials.locres) Source String Hash: (-207153555) Localized String: (시작 위치 범위는 [0,1] 이며, 재초기화시에만 적용됩니다.
루핑을 하면, 1 회전 후 0.f 부터 시작할 것입니다.)
Localization Resource: (C:/Program Files/Epic Games/UE_4.15/Engine/Content/Localization/ToolTips/ko/ToolTips.locres) Source String Hash: (-207153555) Localized String: (시작 위치 - [0, 1] 범위의 시작 위치로, 재초기화할 때만 적용됩니다.
반복하면 1회전 후 0.f 부터 시작됩니다.)
[2017.04.13-17.33.43:406][  0]LogTextLocalizationManager:Warning: Loaded localization resources contain conflicting entries for (Namespace:UObjectToolTips, Key:CameraFilmbackSettings:SensorWidth):
Localization Resource: (C:/Program Files/Epic Games/UE_4.15/Engine/Content/Localization/ToolTips/ko/ToolTips.locres) Source String Hash: (-1448580153) Localized String: (센서 폭 - 필름백 또는 디지털 센서의 가로 크기로, mm 단위입니다.)
Localization Resource: (C:/Program Files/Epic Games/UE_4.15/Engine/Content/Localization/Engine/ko/Engine.locres) Source String Hash: (-1448580153) Localized String: (필름백 또는 디지털 센서의 가로 크기로, mm 단위입니다.)
[2017.04.13-17.33.43:406][  0]LogTextLocalizationManager:Warning: Loaded localization resources contain conflicting entries for (Namespace:UObjectToolTips, Key:CameraFilmbackSettings:SensorAspectRatio):
Localization Resource: (C:/Program Files/Epic Games/UE_4.15/Engine/Content/Localization/ToolTips/ko/ToolTips.locres) Source String Hash: (-194807515) Localized String: (센서 종횡비 - 읽기 전용입니다. 센서 치수에서 계산했습니다.)
Localization Resource: (C:/Program Files/Epic Games/UE_4.15/Engine/Content/Localization/Engine/ko/Engine.locres) Source String Hash: (-194807515) Localized String: (읽기 전용입니다. 센서 크기에서 계산했습니다.)
[2017.04.13-17.33.43:406][  0]LogTextLocalizationManager:Warning: Loaded localization resources contain conflicting entries for (Namespace:UObjectToolTips, Key:AnimNode_SequencePlayer:bLoopAnimation):
Localization Resource: (C:/Program Files/Epic Games/UE_4.15/Engine/Content/Localization/ToolTips/ko/ToolTips.locres) Source String Hash: (2133979316) Localized String: (루프 - 애니메이션이 끝에 도달했을 때 계속 반복시켜야 할까요?)
Localization Resource: (C:/Program Files/Epic Games/UE_4.15/Engine/Content/Localization/Engine/ko/Engine.locres) Source String Hash: (2133979316) Localized String: (애니메이션이 끝에 도달하면 계속해서 루핑시킬것인지 입니다.)
[2017.04.13-17.33.43:406][  0]LogTextLocalizationManager:Warning: Loaded localization resources contain conflicting entries for (Namespace:UObjectToolTips, Key:AnimNode_SequencePlayer:Sequence):
Localization Resource: (C:/Program Files/Epic Games/UE_4.15/Engine/Content/Localization/ToolTips/ko/ToolTips.locres) Source String Hash: (421436424) Localized String: (시퀀스 - 재생할 애니메이션 시퀀스 애셋입니다.)
Localization Resource: (C:/Program Files/Epic Games/UE_4.15/Engine/Content/Localization/Engine/ko/Engine.locres) Source String Hash: (421436424) Localized String: (재생할 애니메이션 시퀀스 애셋입니다.)
[2017.04.13-17.33.43:407][  0]LogTextLocalizationManager:Warning: Loaded localization resources contain conflicting entries for (Namespace:UObjectToolTips, Key:AnimNode_SequencePlayer:PlayRate):
Localization Resource: (C:/Program Files/Epic Games/UE_4.15/Engine/Content/Localization/ToolTips/ko/ToolTips.locres) Source String Hash: (-1274923958) Localized String: (재생 속도 - 재생 속도 배수입니다. 음수가 될 수 있으며, 그러면 애니메이션이 거꾸로 재생됩니다.)
Localization Resource: (C:/Program Files/Epic Games/UE_4.15/Engine/Content/Localization/Engine/ko/Engine.locres) Source String Hash: (-1274923958) Localized String: (플레이 속도 배수입니다. 음수가 되면 애니메이션이 역방향으로 재생됩니다.)
[2017.04.13-17.33.43:407][  0]LogTextLocalizationManager:Warning: Loaded localization resources contain conflicting entries for (Namespace:UObjectToolTips, Key:AnimNode_SequencePlayer:StartPosition):
Localization Resource: (C:/Program Files/Epic Games/UE_4.15/Engine/Content/Localization/ToolTips/ko/ToolTips.locres) Source String Hash: (771611000) Localized String: (시작 위치 - 시작 위치로 재초기화할 때만 적용됩니다.
반복하면, 1회전 후 0.f 부터 시작됩니다.)
Localization Resource: (C:/Program Files/Epic Games/UE_4.15/Engine/Content/Localization/Engine/ko/Engine.locres) Source String Hash: (771611000) Localized String: (시작 위치로, 재초기화시에만 적용됩니다.
루핑을 하면, 1회전 후 0.f 부터 시작할 것입니다.)
[2017.04.13-17.33.43:407][  0]LogTextLocalizationManager:Warning: Loaded localization resources contain conflicting entries for (Namespace:UObjectToolTips, Key:CameraFilmbackSettings:SensorHeight):
Localization Resource: (C:/Program Files/Epic Games/UE_4.15/Engine/Content/Localization/ToolTips/ko/ToolTips.locres) Source String Hash: (-1311569777) Localized String: (센서 높이 - 필름백 또는 디지털 센서의 세로 크기로, mm 단위입니다.)
Localization Resource: (C:/Program Files/Epic Games/UE_4.15/Engine/Content/Localization/Engine/ko/Engine.locres) Source String Hash: (-1311569777) Localized String: (필름백 또는 디지털 센서의 세로 크기로, mm 단위입니다.)
[2017.04.13-17.33.44:652][  0]LogD3D11RHI: D3D11 adapters:
[2017.04.13-17.33.44:675][  0]LogD3D11RHI:    0. 'Intel(R) HD Graphics 530' (Feature Level 11_0)
[2017.04.13-17.33.44:675][  0]LogD3D11RHI:       128/0/8132 MB DedicatedVideo/DedicatedSystem/SharedSystem, Outputs:1, VendorId:0x8086
[2017.04.13-17.33.45:241][  0]LogD3D11RHI:    1. 'NVIDIA GeForce GTX 960' (Feature Level 11_0)
[2017.04.13-17.33.45:241][  0]LogD3D11RHI:       2016/0/8132 MB DedicatedVideo/DedicatedSystem/SharedSystem, Outputs:1, VendorId:0x10de
[2017.04.13-17.33.45:251][  0]LogD3D11RHI:    2. 'Microsoft Basic Render Driver' (Feature Level 11_0)
[2017.04.13-17.33.45:251][  0]LogD3D11RHI:       0/0/8132 MB DedicatedVideo/DedicatedSystem/SharedSystem, Outputs:0, VendorId:0x1414
[2017.04.13-17.33.45:251][  0]LogD3D11RHI: Chosen D3D11 Adapter: 1
[2017.04.13-17.33.45:258][  0]LogD3D11RHI: Creating new Direct3DDevice
[2017.04.13-17.33.45:258][  0]LogD3D11RHI:     GPU DeviceId: 0x1401 (for the marketing name, search the web for "GPU Device Id")
[2017.04.13-17.33.45:258][  0]LogWindows: EnumDisplayDevices:
[2017.04.13-17.33.45:258][  0]LogWindows:    0. 'NVIDIA GeForce GTX 960' (P:0 D:1)
[2017.04.13-17.33.45:259][  0]LogWindows:    1. 'NVIDIA GeForce GTX 960' (P:0 D:0)
[2017.04.13-17.33.45:259][  0]LogWindows:    2. 'NVIDIA GeForce GTX 960' (P:0 D:0)
[2017.04.13-17.33.45:260][  0]LogWindows:    3. 'NVIDIA GeForce GTX 960' (P:0 D:0)
[2017.04.13-17.33.45:261][  0]LogWindows:    4. 'Intel(R) HD Graphics 530' (P:1 D:1)
[2017.04.13-17.33.45:261][  0]LogWindows:    5. 'Intel(R) HD Graphics 530' (P:0 D:0)
[2017.04.13-17.33.45:262][  0]LogWindows:    6. 'Intel(R) HD Graphics 530' (P:0 D:0)
[2017.04.13-17.33.45:262][  0]LogWindows: DebugString: PrimaryIsNotTheChoosenAdapter PrimaryIsNotTheChoosenAdapter PrimaryIsNotTheChoosenAdapter FoundDriverCount:4 
[2017.04.13-17.33.45:262][  0]LogD3D11RHI:     Adapter Name: NVIDIA GeForce GTX 960
[2017.04.13-17.33.45:263][  0]LogD3D11RHI:   Driver Version: 378.77 (internal:21.21.13.7877, unified:378.77)
[2017.04.13-17.33.45:263][  0]LogD3D11RHI:      Driver Date: 2-23-2017
[2017.04.13-17.33.45:263][  0]LogRHI: Texture pool is 1361 MB (70% of 1945 MB)
[2017.04.13-17.33.45:798][  0]LogD3D11RHI: Async texture creation enabled
[2017.04.13-17.33.46:038][  0]LogD3D11RHI: GPU Timing Frequency: 1000.000000 (Debug: 2 1)
[2017.04.13-17.33.46:097][  0]LogShaderCompilers: Guid format shader working directory is 15 characters bigger than the processId version (E:/NoahProject/GP 170413/Noah/Noah/Intermediate/Shaders/WorkingDirectory/38152/).
[2017.04.13-17.33.46:098][  0]LogShaderCompilers: Cleaned the shader compiler working directory 'C:/Users/ModernKim/AppData/Local/Temp/UnrealShaderWorkingDir/34C2665E4F5AC0353D52BA971C942E75/'.
[2017.04.13-17.33.46:098][  0]LogShaderCompilers:Display: Using Local Shader Compiler.
[2017.04.13-17.33.48:059][  0]LogTemp:Display: Loaded TP AllDesktopTargetPlatform
[2017.04.13-17.33.48:271][  0]LogTemp:Display: Loaded TP MacClientTargetPlatform
[2017.04.13-17.33.48:482][  0]LogTemp:Display: Loaded TP MacNoEditorTargetPlatform
[2017.04.13-17.33.48:694][  0]LogTemp:Display: Loaded TP MacServerTargetPlatform
[2017.04.13-17.33.48:908][  0]LogTemp:Display: Loaded TP MacTargetPlatform
[2017.04.13-17.33.49:123][  0]LogTemp:Display: Loaded TP WindowsClientTargetPlatform
[2017.04.13-17.33.49:340][  0]LogTemp:Display: Loaded TP WindowsNoEditorTargetPlatform
[2017.04.13-17.33.49:557][  0]LogTemp:Display: Loaded TP WindowsServerTargetPlatform
[2017.04.13-17.33.49:676][  0]LogTemp:Display: Loaded TP WindowsTargetPlatform
[2017.04.13-17.33.49:884][  0]LogTemp:Display: Loaded TP AndroidTargetPlatform
[2017.04.13-17.33.50:095][  0]LogTemp:Display: Loaded TP Android_ASTCTargetPlatform
[2017.04.13-17.33.50:306][  0]LogTemp:Display: Loaded TP Android_ATCTargetPlatform
[2017.04.13-17.33.50:514][  0]LogTemp:Display: Loaded TP Android_DXTTargetPlatform
[2017.04.13-17.33.50:727][  0]LogTemp:Display: Loaded TP Android_ETC1TargetPlatform
[2017.04.13-17.33.50:938][  0]LogTemp:Display: Loaded TP Android_ETC2TargetPlatform
[2017.04.13-17.33.51:363][  0]LogTemp:Display: Loaded TP Android_MultiTargetPlatform
[2017.04.13-17.33.51:363][  0]LogTemp:Display: Loaded TP Android_PVRTCTargetPlatform
[2017.04.13-17.33.51:473][  0]LogTemp:Display: Loaded TP HTML5TargetPlatform
[2017.04.13-17.33.51:794][  0]LogTemp:Display: Loaded TP IOSTargetPlatform
[2017.04.13-17.33.51:942][  0]LogTemp:Display: Loaded TP TVOSTargetPlatform
[2017.04.13-17.33.52:150][  0]LogTemp:Display: Loaded TP LinuxClientTargetPlatform
[2017.04.13-17.33.52:357][  0]LogTemp:Display: Loaded TP LinuxNoEditorTargetPlatform
[2017.04.13-17.33.52:565][  0]LogTemp:Display: Loaded TP LinuxServerTargetPlatform
[2017.04.13-17.33.52:777][  0]LogTemp:Display: Loaded TP LinuxTargetPlatform
[2017.04.13-17.33.52:778][  0]LogTargetPlatformManager:Display: Building Assets For Windows
[2017.04.13-17.33.54:233][  0]LogDerivedDataCache:Display: Max Cache Size: 512 MB
[2017.04.13-17.33.54:410][  0]LogDerivedDataCache: Loaded boot cache 0.18s 51MB C:/Users/ModernKim/AppData/Local/UnrealEngine/4.15/DerivedDataCache/Boot.ddc.
[2017.04.13-17.33.54:410][  0]LogDerivedDataCache:Display: Loaded Boot cache: C:/Users/ModernKim/AppData/Local/UnrealEngine/4.15/DerivedDataCache/Boot.ddc
[2017.04.13-17.33.54:410][  0]LogDerivedDataCache: FDerivedDataBackendGraph:  Pak pak cache file E:/NoahProject/GP 170413/Noah/Noah/DerivedDataCache/DDC.ddp not found, will not use a pak cache.
[2017.04.13-17.33.54:410][  0]LogDerivedDataCache: Unable to find inner node Pak for hierarchical cache Hierarchy.
[2017.04.13-17.33.54:410][  0]LogDerivedDataCache: FDerivedDataBackendGraph:  CompressedPak pak cache file E:/NoahProject/GP 170413/Noah/Noah/DerivedDataCache/Compressed.ddp not found, will not use a pak cache.
[2017.04.13-17.33.54:410][  0]LogDerivedDataCache: Unable to find inner node CompressedPak for hierarchical cache Hierarchy.
[2017.04.13-17.33.54:433][  0]LogDerivedDataCache:Display: Pak cache opened for reading ../../../Engine/DerivedDataCache/Compressed.ddp.
[2017.04.13-17.33.54:447][  0]LogDerivedDataCache: Using Local data cache path C:/Users/ModernKim/AppData/Local/UnrealEngine/Common/DerivedDataCache: Writable
[2017.04.13-17.33.54:466][  0]LogSlate: Using Freetype 2.6.0
[2017.04.13-17.33.54:472][  0]LogSlate: SlateFontCache - WITH_FREETYPE: 1, WITH_HARFBUZZ: 1
[2017.04.13-17.33.54:472][  0]LogSlate: SlateFontCache - WITH_FREETYPE: 1, WITH_HARFBUZZ: 1
[2017.04.13-17.33.58:229][  0]LogInit: Selected Device Profile: [Windows]
[2017.04.13-17.33.58:238][  0]LogContentStreaming: Texture pool size is 0.00 MB
[2017.04.13-17.33.58:676][  0]LogMeshUtilities: Using QuadricMeshReduction for automatic static mesh reduction
[2017.04.13-17.33.58:803][  0]LogSimplygon: Simplygon DLL not present - disabling.
[2017.04.13-17.33.58:931][  0]LogMeshUtilities: Using SimplygonSwarm for distributed automatic mesh merging
[2017.04.13-17.33.58:931][  0]LogMeshUtilities: No automatic skeletal mesh reduction module available
[2017.04.13-17.33.58:931][  0]LogMeshUtilities: No automatic mesh merging module available
[2017.04.13-17.34.00:204][  0]LogNetVersion: GetLocalNetworkVersion: CL: 3299760, ProjectName: noah, ProjectVersion: , EngineNetworkVersion: 2, GameNetworkVersion: 0, NetworkChecksum: 3984355841
[2017.04.13-17.34.00:289][  0]LogAssetRegistry: FAssetRegistry took 0.0234 seconds to start up
[2017.04.13-17.34.00:714][  0]LogPackageLocalizationCache: Processed 3 localized package path(s) for 2 prioritized culture(s) in 0.372294 seconds
[2017.04.13-17.34.00:721][  0]LogUObjectArray: 32493 objects as part of root set at end of initial load.
[2017.04.13-17.34.00:721][  0]LogUObjectAllocator: 7077032 out of 0 bytes used by permanent object pool.
[2017.04.13-17.34.00:721][  0]LogUObjectArray: CloseDisregardForGC: 0/0 objects in disregard for GC pool
[2017.04.13-17.34.00:894][  0]LogInit: WinSock: version 1.1 (2.2), MaxSocks=32767, MaxUdp=65467
[2017.04.13-17.34.06:385][  0]LogTcpMessaging: Initializing TcpMessaging bridge
[2017.04.13-17.34.06:464][  0]LogUdpMessaging: Initializing bridge on interface 0.0.0.0:0 to multicast group 230.0.0.1:6666.
[2017.04.13-17.34.07:049][  0]LogClass: Noah:AItem Init
[2017.04.13-17.34.07:049][  0]LogClass: Noah:UInventory Init
[2017.04.13-17.34.07:049][  0]LogClass: Noah:UInventory Init
[2017.04.13-17.34.07:212][  0]LogClass: Noah:UInventory Init
[2017.04.13-17.34.07:227][  0]LogClass: Noah:UInventory Init
[2017.04.13-17.34.07:230][  0]LogClass: Noah:UInventory Init
[2017.04.13-17.34.07:233][  0]LogClass: Noah:UInventory Init
[2017.04.13-17.34.07:239][  0]LogClass: Noah:UInventory Init
[2017.04.13-17.34.07:240][  0]LogClass: Noah:UInventory Init
[2017.04.13-17.34.07:544][  0]LogClass: Noah:AItem Init
[2017.04.13-17.34.07:547][  0]LogClass: Noah:AItem Init
[2017.04.13-17.34.07:552][  0]LogClass: Noah:AItem Init
[2017.04.13-17.34.07:559][  0]LogTexture:Display: 텍스처 빌드중: WhiteImage (AutoDXT, 100X100) - 44 MB 총 VRAM
[2017.04.13-17.34.08:375][  0]LogMaterial: Uniform references updated for custom material expression Custom.
[2017.04.13-17.34.09:352][  0]SourceControl: 정보 소스 콘트롤이 꺼졌습니다.
[2017.04.13-17.34.09:432][  0]SourceControl: 정보 소스 콘트롤이 꺼졌습니다.
[2017.04.13-17.34.09:565][  0]SourceControl: 정보 소스 콘트롤이 꺼졌습니다.
[2017.04.13-17.34.09:691][  0]SourceControl: 정보 소스 콘트롤이 꺼졌습니다.
[2017.04.13-17.34.12:938][  0]LogEngine: Initializing Engine...
[2017.04.13-17.34.12:939][  0]LogHMD: Failed to initialize OpenVR with code 110
[2017.04.13-17.34.13:395][  0]LogAIModule: Creating AISystem for world Untitled
[2017.04.13-17.34.13:456][  0]LogInit: XAudio2 using 'TV-4(NVIDIA High Definition Audio)' : 2 channels at 48 kHz using 16 bits per sample (channel mask 0x3)
[2017.04.13-17.34.13:551][  0]LogInit: FAudioDevice initialized.
[2017.04.13-17.34.13:577][  0]LogDerivedDataCache: Saved boot cache 0.03s 51MB C:/Users/ModernKim/AppData/Local/UnrealEngine/4.15/DerivedDataCache/Boot.ddc.
[2017.04.13-17.34.13:580][  0]LogInit: Texture streaming: Enabled
[2017.04.13-17.34.13:818][  0]LogEngineSessionManager: EngineSessionManager initialized
[2017.04.13-17.34.13:818][  0]LogEngineSessionManager: EngineSessionManager sent abnormal shutdown report. Type=Debugger, SessionId={E5FE6F7B-4080-4B21-6E5B-DDAC5BF5CA96}
[2017.04.13-17.34.14:063][  0]LogInit: Transaction tracking system initialized
[2017.04.13-17.34.15:036][  0]BlueprintLog: New page: 에디터 로드
[2017.04.13-17.34.17:629][  0]LocalizationService: 정보 현지화 서비스가 비활성화되었습니다.
[2017.04.13-17.34.19:454][  0]LogConsoleResponse:Display: 
[2017.04.13-17.34.19:649][  0]LogCook:Display: Max memory allowance for cook 16384mb min free memory 0mb
[2017.04.13-17.34.19:649][  0]LogCook:Display: Mobile HDR setting 1
[2017.04.13-17.34.20:310][  0]LogFileCache: Scanning file cache for directory 'E:/NoahProject/GP 170413/Noah/Noah/Content/' took 0.02s
[2017.04.13-17.34.22:391][  0]SourceControl: 정보 소스 콘트롤이 꺼졌습니다.
[2017.04.13-17.34.22:394][  0]Cmd: MAP LOAD FILE="E:/NoahProject/GP 170413/Noah/Noah/Content/World.umap" TEMPLATE=0 SHOWPROGRESS=1 FEATURELEVEL=3
[2017.04.13-17.34.22:476][  0]LightingResults: New page: 라이팅 빌드
[2017.04.13-17.34.22:631][  0]MapCheck: New page: 맵 체크
[2017.04.13-17.34.22:631][  0]LightingResults: New page: 라이팅 빌드
[2017.04.13-17.34.22:820][  0]LogAIModule: Creating AISystem for world World
[2017.04.13-17.34.22:856][  0]LogEditorServer: Finished looking for orphan Actors (0.000 secs)
[2017.04.13-17.34.22:858][  0]Cmd: MAP CHECKDEP NOCLEARLOG
[2017.04.13-17.34.22:933][  0]MapCheck: 정보 맵 체크 완료: 오류 0 회, 경고 0 회, 소요 시간 74.805ms.
[2017.04.13-17.34.22:933][  0]LogFileHelpers: Loading map 'World' took 0.540
[2017.04.13-17.34.23:021][  0]LogWindowsTextInputMethodSystem:Display: IME system now activated using TSF (Microsoft 입력기).
[2017.04.13-17.34.23:236][  0]LogCollectionManager: Loaded 0 collections in 0.001696 seconds
[2017.04.13-17.34.23:419][  0]LogFileCache: Scanning file cache for directory 'E:/NoahProject/GP 170413/Noah/Noah/Saved/Collections/' took 0.01s
[2017.04.13-17.34.23:419][  0]LogFileCache: Scanning file cache for directory 'E:/NoahProject/GP 170413/Noah/Noah/Content/Developers/ModernKim/Collections/' took 0.01s
[2017.04.13-17.34.23:419][  0]LogFileCache: Scanning file cache for directory 'E:/NoahProject/GP 170413/Noah/Noah/Content/Collections/' took 0.01s
[2017.04.13-17.34.23:420][  0]LogCollectionManager: Rebuilt the GUID cache for 0 collections in 0.000003 seconds
[2017.04.13-17.34.23:434][  0]LogContentBrowser: Native class hierarchy populated in 0.0112 seconds. Added 2254 classes and 455 folders.
[2017.04.13-17.34.23:449][  0]LogStats: UGameplayTagsManager::ConstructGameplayTagTree: Construct from data asset -  0.000 s
[2017.04.13-17.34.23:449][  0]LogStats: UGameplayTagsManager::ConstructGameplayTagTree: GameplayTagTreeChangedEvent.Broadcast -  0.000 s
[2017.04.13-17.34.23:614][  0]LogContentBrowser: Native class hierarchy updated for 'WidgetCarousel' in 0.0015 seconds. Added 0 classes and 0 folders.
[2017.04.13-17.34.23:797][  0]LogContentBrowser: Native class hierarchy updated for 'AddContentDialog' in 0.0016 seconds. Added 0 classes and 0 folders.
[2017.04.13-17.34.23:920][  0]LogContentBrowser: Native class hierarchy updated for 'SceneOutliner' in 0.0014 seconds. Added 1 classes and 2 folders.
[2017.04.13-17.34.24:169][  0]LogCrashTracker: Crashtracker disabled due to settings.
[2017.04.13-17.34.24:180][  0]LogUObjectGlobals:Warning: 'Class 없음.' 오브젝트를 찾는 데 실패했습니다.
[2017.04.13-17.34.24:345][  0]LogContentBrowser: Native class hierarchy updated for 'HierarchicalLODOutliner' in 0.0015 seconds. Added 1 classes and 2 folders.
[2017.04.13-17.34.24:345][  0]LogLoad: (Engine Initialization) Total time: 47.20 seconds
[2017.04.13-17.34.24:345][  0]LogLoad: (Engine Initialization) Total Blueprint compile time: 0.33 seconds
[2017.04.13-17.34.24:345][  0]LogExternalProfiler: Found external profiler: VSPerf
[2017.04.13-17.34.24:345][  0]LogExternalProfiler: Using external profiler: VSPerf
[2017.04.13-17.34.24:358][  0]LogOcInput: OculusInput pre-init called
[2017.04.13-17.34.24:359][  0]LoadErrors:Error: 오류 오래된 클래스 LandscapeProxy 에 대한 리디렉터 다수가 포함된 콜리전이 ActiveClassRedirects 에 들어있습니다.
[2017.04.13-17.34.24:385][  0]LogContentStreaming: Texture pool size now 1000 MB
[2017.04.13-17.34.24:410][  0]LogSlate: Took 0.004779 seconds to synchronously load lazily loaded font '../../../Engine/Content/Slate/Fonts/Roboto-Regular.ttf' (155K)
[2017.04.13-17.34.24:429][  0]LogSlate: Took 0.016639 seconds to synchronously load lazily loaded font '../../../Engine/Content/Slate/Fonts/NanumGothic.ttf' (4243K)
[2017.04.13-17.34.24:434][  0]LogSlate: Took 0.003003 seconds to synchronously load lazily loaded font '../../../Engine/Content/Slate/Fonts/Roboto-Bold.ttf' (160K)
[2017.04.13-17.34.24:444][  0]LogSlate: Took 0.003020 seconds to synchronously load lazily loaded font '../../../Engine/Content/Editor/Slate/Fonts/FontAwesome.ttf' (139K)
[2017.04.13-17.34.24:590][  0]LogSlate: Took 0.004186 seconds to synchronously load lazily loaded font '../../../Engine/Content/Slate/Fonts/Roboto-Light.ttf' (159K)
[2017.04.13-17.34.24:676][  0]LogRenderer: Reallocating scene render targets to support 1260x508 NumSamples 1 (Frame:2).
[2017.04.13-17.34.24:707][  1]LogAssetRegistry: Asset discovery search completed in 24.4419 seconds
[2017.04.13-17.34.24:707][  1]LogCollectionManager: Rebuilt the object cache for 0 collections in 0.000014 seconds (found 0 objects)
[2017.04.13-17.34.24:708][  1]LogCollectionManager: Fixed up redirectors for 0 collections in 0.000103 seconds (updated 0 objects)
[2017.04.13-17.34.31:092][677]LogTemp: Repeting last play command: 선택된 뷰포트
[2017.04.13-17.34.31:105][677]LogBlueprintUserMessages: Early PlayInEditor Detection: Level '/Game/World.World:PersistentLevel' has LevelScriptBlueprint '/Game/World.World:PersistentLevel.World' with GeneratedClass '/Game/World.World_C' with ClassGeneratedBy '/Game/World.World:PersistentLevel.World'
[2017.04.13-17.34.31:105][677]LogPlayLevel: PlayLevel: No blueprints needed recompiling
[2017.04.13-17.34.31:106][677]PIE: New page: PIE 세션: World (2017. 4. 14. 오전 11:34:31)
[2017.04.13-17.34.31:106][677]LogPlayLevel: Creating play world package: /Game/UEDPIE_0_World
[2017.04.13-17.34.31:109][677]LogPlayLevel: PIE: StaticDuplicateObject took: (0.002653s)
[2017.04.13-17.34.31:110][677]LogAIModule: Creating AISystem for world World
[2017.04.13-17.34.31:110][677]LogPlayLevel: PIE: World Init took: (0.001046s)
[2017.04.13-17.34.31:110][677]LogPlayLevel: PIE: Created PIE world by copying editor world from /Game/World.World to /Game/UEDPIE_0_World.World (0.004476s)
[2017.04.13-17.34.31:155][677]LogInit: XAudio2 using 'TV-4(NVIDIA High Definition Audio)' : 2 channels at 48 kHz using 16 bits per sample (channel mask 0x3)
[2017.04.13-17.34.31:171][677]LogInit: FAudioDevice initialized.
[2017.04.13-17.34.31:224][677]LogLoad: Game class is 'NoahGameModeBase'
[2017.04.13-17.34.31:229][677]LogWorld: Bringing World /Game/UEDPIE_0_World.World up for play (max tick rate 0) at 2017.04.14-02.34.31
[2017.04.13-17.34.31:230][677]LogWorld: Bringing up level for play took: 0.001890
[2017.04.13-17.34.31:231][677]LogClass: Noah:AItem Init
[2017.04.13-17.34.31:231][677]LogClass: Noah:AItem Init
[2017.04.13-17.34.31:345][677]LogContentBrowser: Native class hierarchy updated for 'MovieSceneCapture' in 0.0015 seconds. Added 11 classes and 0 folders.
[2017.04.13-17.34.31:346][677]LogClass: Noah:UInventory Init
[2017.04.13-17.34.31:350][677]LogClass: Noah:AItem BeginPlay
[2017.04.13-17.34.31:351][677]LogClass: Noah:AItem Init
[2017.04.13-17.34.31:351][677]LogClass: Noah:AItem Init
[2017.04.13-17.34.31:351][677]LogClass: Noah:AItem Init
[2017.04.13-17.34.31:351][677]LogClass: Noah:AItem Init
[2017.04.13-17.34.31:351][677]LogClass: Noah:AItem Init
[2017.04.13-17.34.31:351][677]LogClass: Noah:AItem Init
[2017.04.13-17.34.31:351][677]LogClass: Noah:AItem Init
[2017.04.13-17.34.31:351][677]LogClass: Noah:AItem Init
[2017.04.13-17.34.31:352][677]LogClass: Noah:AItem Init
[2017.04.13-17.34.31:352][677]LogClass: Noah:AItem Init
[2017.04.13-17.34.31:352][677]LogClass: Noah:AItem Init
[2017.04.13-17.34.31:352][677]LogClass: Noah:AItem Init
[2017.04.13-17.34.31:352][677]LogClass: Noah:AItem Init
[2017.04.13-17.34.31:352][677]LogClass: Noah:AItem Init
[2017.04.13-17.34.31:352][677]LogClass: Noah:AItem Init
[2017.04.13-17.34.31:352][677]LogClass: Noah:AItem Init
[2017.04.13-17.34.31:352][677]LogClass: Noah:AItem Init
[2017.04.13-17.34.31:352][677]LogClass: Noah:AItem Init
[2017.04.13-17.34.31:353][677]LogClass: Noah:AItem Init
[2017.04.13-17.34.31:353][677]LogClass: Noah:AItem Init
[2017.04.13-17.34.31:353][677]LogClass: Noah:AItem Init
[2017.04.13-17.34.31:353][677]LogClass: Noah:AItem Init
[2017.04.13-17.34.31:353][677]LogClass: Noah:AItem Init
[2017.04.13-17.34.31:353][677]LogClass: Noah:AItem Init
[2017.04.13-17.34.31:353][677]LogClass: Noah:UInventory BeginPlay
[2017.04.13-17.34.31:353][677]LogClass: Noah:ANoahCharacter BeginPlay
[2017.04.13-17.34.31:365][677]PIE: 정보 /Game/UEDPIE_0_World 에 대한 에디터에서 플레이 시작 시간: 0.65
[2017.04.13-17.34.31:366][677]LogBlueprintUserMessages: Late PlayInEditor Detection: Level '/Game/World.World:PersistentLevel' has LevelScriptBlueprint '/Game/World.World:PersistentLevel.World' with GeneratedClass '/Game/World.World_C' with ClassGeneratedBy '/Game/World.World:PersistentLevel.World'
[2017.04.13-17.34.38:712][528]LogClass: Noah:AItem Init
[2017.04.13-17.34.38:891][544]LogClass: Noah:AItem Init
[2017.04.13-17.34.40:082][675]LogClass: Noah:AItem Init
[2017.04.13-17.34.55:322][433]LogClass: Noah:AItem Init
[2017.04.13-17.34.55:323][433]LogClass: Noah:AItem BeginPlay
[2017.04.13-17.35.02:905][314]LogClass: Noah:AItem Init
[2017.04.13-17.35.02:906][314]LogClass: Noah:AItem BeginPlay
[2017.04.13-17.35.02:906][314]LogClass: Noah:AItem Init
[2017.04.13-17.35.07:333][823]LogBlueprintUserMessages: Early EndPlayMap Detection: Level '/Game/World.World:PersistentLevel' has LevelScriptBlueprint '/Game/World.World:PersistentLevel.World' with GeneratedClass '/Game/World.World_C' with ClassGeneratedBy '/Game/World.World:PersistentLevel.World'
[2017.04.13-17.35.07:379][823]LogBlueprintUserMessages: Late EndPlayMap Detection: Level '/Game/World.World:PersistentLevel' has LevelScriptBlueprint '/Game/World.World:PersistentLevel.World' with GeneratedClass '/Game/World.World_C' with ClassGeneratedBy '/Game/World.World:PersistentLevel.World'
[2017.04.13-17.44.51:470][662]LogSlate: Took 0.000388 seconds to synchronously load lazily loaded font '../../../Engine/Content/Slate/Fonts/Roboto-Light.ttf' (159K)
