"../../../Engine/Content/Functions/Engine_MaterialFunctions01/Opacity/CameraDepthFade.uasset" 0
"../../../Engine/Content/EngineMaterials/T_Default_Material_Grid_M.uasset" 1
"../../../Engine/Content/EngineMaterials/T_Default_Material_Grid_N.uasset" 2
"../../../Engine/Content/EngineMaterials/DefaultMaterial.uasset" 3
"../../../Engine/Content/BasicShapes/Cone.uasset" 4
"../../../Engine/Content/EngineMaterials/WorldGridMaterial.uasset" 5
"../../../Engine/Content/BasicShapes/Cube.uasset" 6
"../../../Engine/Content/BasicShapes/Plane.uasset" 7
"../../../Engine/Content/BasicShapes/Sphere.uasset" 8
"../../../Engine/Content/EditorLandscapeResources/DataLayer.uasset" 9
"../../../Engine/Content/EditorMaterials/GizmoMaterial.uasset" 10
"../../../Engine/Content/EditorMaterials/MAT_Groups_Toggle.uasset" 11
"../../../Engine/Content/EditorMaterials/MAT_Groups_Visibility.uasset" 12
"../../../Engine/Content/EditorMaterials/PreviewShadowIndicator.uasset" 13
"../../../Engine/Content/EditorMaterials/PreviewShadowIndicatorMaterial.uasset" 14
"../../../Engine/Content/EditorMaterials/AssetViewer/EpicQuadPanorama_CC+EV1.uasset" 15
"../../../Engine/Content/EditorMaterials/MatineeGroups/MAT_ColorTrack.uasset" 16
"../../../Engine/Content/EditorMaterials/MatineeGroups/MAT_Groups_Anim.uasset" 17
"../../../Engine/Content/EditorMaterials/MatineeGroups/MAT_Groups_AudioMaster.uasset" 18
"../../../Engine/Content/EditorMaterials/MatineeGroups/MAT_Groups_Director.uasset" 19
"../../../Engine/Content/EditorMaterials/MatineeGroups/MAT_Groups_Event.uasset" 20
"../../../Engine/Content/EditorMaterials/MatineeGroups/MAT_Groups_Fade.uasset" 21
"../../../Engine/Content/EditorMaterials/MatineeGroups/MAT_Groups_Float.uasset" 22
"../../../Engine/Content/EditorMaterials/MatineeGroups/MAT_Groups_Move.uasset" 23
"../../../Engine/Content/EditorMaterials/MatineeGroups/MAT_Groups_Slomo.uasset" 24
"../../../Engine/Content/EditorMaterials/MatineeGroups/MAT_Groups_Sound.uasset" 25
"../../../Engine/Content/EditorMaterials/MatineeGroups/MAT_Groups_Vector.uasset" 26
"../../../Engine/Content/EditorMaterials/ParticleSystems/PSysThumbnail_NoImage.uasset" 27
"../../../Engine/Content/EditorMaterials/ParticleSystems/PSysThumbnail_OOD.uasset" 28
"../../../Engine/Content/EditorMaterials/Camera/CineMat.uasset" 29
"../../../Engine/Content/EditorMaterials/Camera/MI_CineMat_Rig.uasset" 30
"../../../Engine/Content/EditorMeshes/Camera/SM_CraneRig_Arm.uasset" 31
"../../../Engine/Content/EditorMeshes/Camera/SM_CraneRig_Base.uasset" 32
"../../../Engine/Content/EditorMeshes/Camera/SM_CraneRig_Body.uasset" 33
"../../../Engine/Content/EditorMeshes/Camera/SM_CraneRig_Mount.uasset" 34
"../../../Engine/Content/EditorMeshes/Camera/SM_RailRig_Mount.uasset" 35
"../../../Engine/Content/EditorMeshes/Camera/SM_RailRig_Track.uasset" 36
"../../../Engine/Content/EditorMeshes/ColorCalibrator/M_ChromeBall.uasset" 37
"../../../Engine/Content/EditorMeshes/ColorCalibrator/M_ClearCoat.uasset" 38
"../../../Engine/Content/EditorMeshes/ColorCalibrator/M_ClearCoatBlack.uasset" 39
"../../../Engine/Content/EditorMeshes/ColorCalibrator/T_ColorGrid.uasset" 40
"../../../Engine/Content/EditorMeshes/ColorCalibrator/M_ColorGrid.uasset" 41
"../../../Engine/Content/EditorMeshes/ColorCalibrator/M_GreyBall.uasset" 42
"../../../Engine/Content/EditorMeshes/ColorCalibrator/SM_ColorCalibrator.uasset" 43
"../../../Engine/Content/EditorResources/BSPVertex.uasset" 44
"../../../Engine/Content/EditorResources/EmptyActor.uasset" 45
"../../../Engine/Content/EditorResources/RGBTable16x1_AssetViewer.uasset" 46
"../../../Engine/Content/EditorResources/S_Actor.uasset" 47
"../../../Engine/Content/EditorResources/S_Trigger.uasset" 48
"../../../Engine/Content/EditorResources/LightIcons/S_LightError.uasset" 49
"../../../Engine/Content/EditorResources/SequenceRecorder/Countdown.uasset" 50
"../../../Engine/Content/EditorResources/SequenceRecorder/RecordingIndicator.uasset" 51
"../../../Engine/Content/EditorSounds/Notifications/CompileFailed.uasset" 52
"../../../Engine/Content/EditorSounds/Notifications/CompileFailed_Cue.uasset" 53
"../../../Engine/Content/EditorSounds/Notifications/CompileSuccess.uasset" 54
"../../../Engine/Content/EditorSounds/Notifications/CompileStart_Cue.uasset" 55
"../../../Engine/Content/EditorSounds/Notifications/CompileSuccess_Cue.uasset" 56
"../../../Engine/Content/EngineDamageTypes/DmgTypeBP_Environmental.uasset" 57
"../../../Engine/Content/EngineDebugMaterials/HeatmapGradient.uasset" 58
"../../../Engine/Content/EngineDebugMaterials/BoneWeightMaterial.uasset" 59
"../../../Engine/Content/EngineDebugMaterials/DebugMeshMaterial.uasset" 60
"../../../Engine/Content/EngineDebugMaterials/GeomMaterial.uasset" 61
"../../../Engine/Content/EngineFonts/Faces/RobotoBold.uasset" 62
"../../../Engine/Content/EngineFonts/Faces/RobotoBoldItalic.uasset" 63
"../../../Engine/Content/EngineFonts/Faces/RobotoItalic.uasset" 64
"../../../Engine/Content/EngineFonts/Faces/RobotoLight.uasset" 65
"../../../Engine/Content/EngineFonts/Faces/RobotoRegular.uasset" 66
"../../../Engine/Content/EngineFonts/Roboto.uasset" 67
"../../../Engine/Content/EngineFonts/Faces/RobotoTiny.uasset" 68
"../../../Engine/Content/EngineFonts/RobotoTiny.uasset" 69
"../../../Engine/Content/EngineMaterials/DefaultBokeh.uasset" 70
"../../../Engine/Content/EngineMaterials/DefaultDiffuse.uasset" 71
"../../../Engine/Content/EngineMaterials/DefaultDeferredDecalMaterial.uasset" 72
"../../../Engine/Content/EngineMaterials/DefaultLightFunctionMaterial.uasset" 73
"../../../Engine/Content/Functions/Engine_MaterialFunctions02/Utility/BreakOutFloat2Components.uasset" 74
"../../../Engine/Content/EngineMaterials/DefaultPostProcessMaterial.uasset" 75
"../../../Engine/Content/EngineFonts/RobotoDistanceField.uasset" 76
"../../../Engine/Content/EngineMaterials/DefaultTextMaterialOpaque.uasset" 77
"../../../Engine/Content/EngineMaterials/DefaultWhiteGrid.uasset" 78
"../../../Engine/Content/EngineMaterials/EditorBrushMaterial.uasset" 79
"../../../Engine/Content/EngineMaterials/Good64x64TilingNoiseHighFreq.uasset" 80
"../../../Engine/Content/EngineMaterials/MiniFont.uasset" 81
"../../../Engine/Content/EngineMaterials/InvalidLightmapSettings.uasset" 82
"../../../Engine/Content/EngineMaterials/M_InvalidLightmapSettings.uasset" 83
"../../../Engine/Content/EngineMaterials/PhAT_JointLimitMaterial.uasset" 84
"../../../Engine/Content/EngineMaterials/PreintegratedSkinBRDF.uasset" 85
"../../../Engine/Content/EngineMaterials/RemoveSurfaceMaterial.uasset" 86
"../../../Engine/Content/EngineMaterials/WeightMapPlaceholderTexture.uasset" 87
"../../../Engine/Content/EngineResources/WhiteSquareTexture.uasset" 88
"../../../Engine/Content/EngineMaterials/Widget3DPassThrough.uasset" 89
"../../../Engine/Content/EngineMaterials/Widget3DPassThrough_Masked.uasset" 90
"../../../Engine/Content/EngineMaterials/Widget3DPassThrough_Opaque.uasset" 91
"../../../Engine/Content/EngineMaterials/Widget3DPassThrough_Masked_OneSided.uasset" 92
"../../../Engine/Content/EngineMaterials/Widget3DPassThrough_Opaque_OneSided.uasset" 93
"../../../Engine/Content/EngineMaterials/Widget3DPassThrough_Translucent.uasset" 94
"../../../Engine/Content/EngineMaterials/Widget3DPassThrough_Translucent_OneSided.uasset" 95
"../../../Engine/Content/EngineMeshes/Cube.uasset" 96
"../../../Engine/Content/EngineMeshes/Cylinder.uasset" 97
"../../../Engine/Content/EngineMeshes/Sphere.uasset" 98
"../../../Engine/Content/EngineResources/Black.uasset" 99
"../../../Engine/Content/EngineResources/DefaultTexture.uasset" 100
"../../../Engine/Content/EngineResources/DefaultTextureCube.uasset" 101
"../../../Engine/Content/EngineResources/GradientTexture0.uasset" 102
"../../../Engine/Content/EngineSounds/Master.uasset" 103
"../../../Engine/Content/Functions/Engine_MaterialFunctions01/Shading/ConvertFromDiffSpec.uasset" 104
"../../../Engine/Content/Functions/Engine_MaterialFunctions01/Shading/PowerToRoughness.uasset" 105
"../../../Engine/Content/Maps/Templates/Thumbnails/Default.uasset" 106
"../../../Engine/Content/Maps/Templates/Thumbnails/VR-Basic.uasset" 107
"../../../Engine/Content/MobileResources/T_MobileControls_texture.uasset" 108
"../../../Engine/Content/MobileResources/T_MobileMenu2.uasset" 109
"../../../Engine/Content/MobileResources/HUD/AnalogHat.uasset" 110
"../../../Engine/Content/MobileResources/HUD/VirtualJoystick_Background.uasset" 111
"../../../Engine/Content/MobileResources/HUD/VirtualJoystick_Thumb.uasset" 112
"../../../Engine/Content/MobileResources/HUD/DefaultVirtualJoysticks.uasset" 113
"../../../Engine/Content/MobileResources/HUD/LeftVirtualJoystickOnly.uasset" 114
"../../../Engine/Content/MobileResources/HUD/MobileHUDButton1_off.uasset" 115
"../../../Engine/Content/MobileResources/HUD/MobileHUDButton1_on.uasset" 116
"../../../Engine/Content/MobileResources/HUD/MobileHUDButton2_off.uasset" 117
"../../../Engine/Content/MobileResources/HUD/MobileHUDButton2_on.uasset" 118
"../../../Engine/Content/MobileResources/HUD/MobileHUDButton3.uasset" 119
"../../../Engine/Content/MobileResources/HUD/MobileHUDButtonFire.uasset" 120
"../../../Engine/Content/MobileResources/HUD/MobileHUDDirectionPad.uasset" 121
"../../../Engine/Content/MobileResources/HUD/MobileHUDDirectionPad2.uasset" 122
"../../../Engine/Content/MobileResources/HUD/MobileHUDDirectionPad3.uasset" 123
"../../../Engine/Content/MobileResources/HUD/MobileHUDDirectionStick.uasset" 124
"../../../Engine/Content/MobileResources/HUD/T_Castle_ThumbstickInner.uasset" 125
"../../../Engine/Content/MobileResources/HUD/T_Castle_ThumbstickOutter.uasset" 126
"../../../Engine/Content/Tutorial/ContentIntroCurve.uasset" 127
"../../../Engine/Content/Tutorial/Basics/TutorialAssets/icon_tab_Levels_40x.uasset" 128
"../../../Engine/Content/Tutorial/BlueprintTutorials/TutorialAssets/BlueprintInterface_64x.uasset" 129
"../../../Engine/Content/Tutorial/BlueprintTutorials/TutorialAssets/BlueprintMacroLibrary_64x.uasset" 130
"../../../Engine/Content/Tutorial/BlueprintTutorials/TutorialAssets/Blueprint_64x.uasset" 131
"../../../Engine/Content/Tutorial/BlueprintTutorials/TutorialAssets/Tutorial_BP_Interface.uasset" 132
"../../../Engine/Content/Tutorial/Foliage/TutorialAssets/Foliage.uasset" 133
"../../../Engine/Content/Tutorial/Landscape/TutorialAssets/Landscape.uasset" 134
"../../../Engine/Content/Tutorial/Paper2D/TutorialAssets/Paper2DFlipbook_TutorialIcon.uasset" 135
"../../../Engine/Content/Tutorial/Paper2D/TutorialAssets/Paper2DSprite_TutorialIcon.uasset" 136
"../../../Engine/Content/Tutorial/SubEditors/TutorialAssets/icon_Editor_Preferences_General_40x.uasset" 137
"../../../Engine/Content/Tutorial/SubEditors/TutorialAssets/icon_ShowSkeletalMeshes_40x.uasset" 138
"../../../Engine/Content/Tutorial/SubEditors/TutorialAssets/TutorialMaterial.uasset" 139
"../../../Engine/Content/Tutorial/SubEditors/TutorialAssets/T_SmokeSubUV_8X8.uasset" 140
"../../../Engine/Content/Tutorial/SubEditors/TutorialAssets/T_soft_smoke.uasset" 141
"../../../Engine/Content/Tutorial/SubEditors/TutorialAssets/M_smoke_subUV_blackbody.uasset" 142
"../../../Engine/Content/Tutorial/SubEditors/TutorialAssets/TutorialParticleSystem.uasset" 143
"../../../Engine/Content/EditorMeshes/EditorCube.uasset" 144
"../../../Engine/Content/Tutorial/SubEditors/TutorialAssets/Tutorial_DM.uasset" 145
"../../../Engine/Content/VREditor/Devices/Generic/GenericHMDMaterial.uasset" 146
"../../../Engine/Content/VREditor/Devices/Generic/GenericHMD.uasset" 147
"../../../Engine/Content/VREditor/FloatingText/LineMaterial.uasset" 148
"../../../Engine/Content/VREditor/FloatingText/JointSphere.uasset" 149
"../../../Engine/Content/VREditor/FloatingText/LineSegmentCylinder.uasset" 150
"../../../Engine/Content/VREditor/Fonts/VRText_RobotoLarge.uasset" 151
"../../../Engine/Content/VREditor/Fonts/VRTextMaterial.uasset" 152
"../../../Engine/Content/VREditor/Fonts/TranslucentVRTextMaterial.uasset" 153
"../../../Engine/Content/VREditor/LaserPointer/VR_LaserPower_01.uasset" 154
"../../../Engine/Content/VREditor/LaserPointer/LaserPointerMaterial.uasset" 155
"../../../Engine/Content/VREditor/LaserPointer/LaserPointerMaterialInst.uasset" 156
"../../../Engine/Content/VREditor/LaserPointer/TranslucentLaserPointerMaterialInst.uasset" 157
"../../../Engine/Content/VREditor/LaserPointer/LaserPointerMesh.uasset" 158
"../../../Engine/Content/VREditor/Sounds/VR_grab_Cue.uasset" 159
"../../../Engine/Content/VREditor/Sounds/VR_teleport_Cue.uasset" 160
"../../../Engine/Content/VREditor/TransformGizmo/TransformGizmoMaterial.uasset" 161
"../../../Engine/Content/VREditor/TransformGizmo/TranslucentTransformGizmoMaterial.uasset" 162
"../../../Engine/Content/VREditor/TransformGizmo/BoundingBoxCorner.uasset" 163
"../../../Engine/Content/VREditor/TransformGizmo/BoundingBoxEdge.uasset" 164
"../../../Engine/Content/VREditor/TransformGizmo/PlaneTranslationHandle.uasset" 165
"../../../Engine/Content/VREditor/TransformGizmo/RotationHandle.uasset" 166
"../../../Engine/Content/VREditor/TransformGizmo/RotationHandleFull.uasset" 167
"../../../Engine/Content/VREditor/TransformGizmo/StretchingHandle.uasset" 168
"../../../Engine/Content/VREditor/TransformGizmo/TranslateHandleLong.uasset" 169
"../../../Engine/Content/VREditor/TransformGizmo/TranslationHandle.uasset" 170
"../../../Engine/Content/VREditor/TransformGizmo/UniformScaleHandle.uasset" 171
"../../../Engine/Content/VREditor/UI/CloseButtonMesh.uasset" 172
"../../../Engine/Content/VREditor/UI/SelectionBarMesh.uasset" 173
"../../../Engine/Content/Functions/Engine_MaterialFunctions01/Gradient/RadialGradient.uasset" 174
"../../../Engine/Content/VREditor/WorldMovementGrid/SimpleGrid.uasset" 175
"../../../Engine/Content/VREditor/WorldMovementGrid/GridMaterial.uasset" 176
"../../../Engine/Content/Functions/Engine_MaterialFunctions01/Density/ExponentialDensity.uasset" 177
"../../../Engine/Content/VREditor/WorldMovementGrid/GridPostProcess.uasset" 178
"../../../Engine/Content/EditorLandscapeResources/FlattenHeightMat.uasset" 179
"../../../Engine/Content/VREditor/WorldMovementGrid/PlaneMesh.uasset" 180
"../../../Noah/Content/Animal/Deer/deer_dead_Skeleton.uasset" 181
"../../../Noah/Content/Animal/Deer/deer_dead_Anim.uasset" 182
"../../../Noah/Content/Animal/Deer/deer_run_Skeleton.uasset" 183
"../../../Noah/Content/Animal/Deer/deer_run_Anim.uasset" 184
"../../../Noah/Content/Animal/Deer/deer_wait_Skeleton.uasset" 185
"../../../Noah/Content/Animal/Deer/deer_wait_Anim.uasset" 186
"../../../Noah/Content/Animal/Deer/deer_walk_Skeleton.uasset" 187
"../../../Noah/Content/Animal/Deer/deer_walk_Anim.uasset" 188
"../../../Noah/Content/Animal/Wolf/Skeleton_Wolf.uasset" 189
"../../../Noah/Content/Animal/Wolf/Anim_Wolf_Attack.uasset" 190
"../../../Noah/Content/Animal/Wolf/Anim_Wolf_Dead.uasset" 191
"../../../Engine/Content/EngineMeshes/Humanoid.uasset" 192
"../../../Noah/Content/Character/Skeleton_Noah.uasset" 193
"../../../Noah/Content/Character/Animation/Anim_Noah_Death_1.uasset" 194
"../../../Noah/Content/Character/Animation/Anim_Noah_Death_2.uasset" 195
"../../../Noah/Content/Character/Animation/Anim_Noah_Death_3.uasset" 196
"../../../Noah/Content/Character/Animation/Anim_Noah_Jump.uasset" 197
"../../../Noah/Content/Character/Animation/Stand_to_Crouch_Rifle_Hip.uasset" 198
"../../../Noah/Content/GameMode/BP_NoahPlayerState.uasset" 199
"../../../Noah/Content/MapEnvironment/Curve_SunColor.uasset" 200
"../../../Noah/Content/Resource/Img/Img_Axe.uasset" 201
"../../../Noah/Content/Resource/Img/Img_Stone.uasset" 202
"../../../Noah/Content/Resource/Img/Img_Wood.uasset" 203
"../../../Noah/Content/Resource/Img/Img_ObjectTexture_01.uasset" 204
"../../../Noah/Content/Resource/Material/MAT_PolygonAdventure_01.uasset" 205
"../../../Noah/Content/Resource/Mesh/Mesh_Wood.uasset" 206
"../../../Noah/Content/UI/Craft/WhiteImage.uasset" 207
"../../../Noah/Content/UI/UIImg/CRAFT/CRAFT_BASE.uasset" 208
"../../../Noah/Content/UI/UIImg/CRAFT/CRAFT_BUTTON.uasset" 209
"../../../Noah/Content/UI/UIImg/CRAFT/MENU_A.uasset" 210
"../../../Noah/Content/UI/UIImg/CRAFT/MENU_B.uasset" 211
"../../../Noah/Content/UI/UIImg/CRAFT/MENU_C.uasset" 212
"../../../Noah/Content/UI/UIImg/CRAFT/MENU_D.uasset" 213
"../../../Noah/Content/UI/UIImg/CRAFT/UP_DOWN.uasset" 214
"../../../Noah/Content/UI/UIImg/INVENTORY/INVENTORY_ALL.uasset" 215
"../../../Noah/Content/UI/UIImg/INVENTORY/INVENTORY_SLOT.uasset" 216
"../../../Noah/Content/UI/UIImg/INVENTORY/UP_DOWN.uasset" 217
"../../../Engine/Plugins/2D/Paper2D/Content/DummySprite.uasset" 218
"../../../Engine/Plugins/2D/Paper2D/Content/DefaultPaperTerrainMaterial.uasset" 219
"../../../Engine/Plugins/2D/Paper2D/Content/DefaultSpriteMaterial.uasset" 220
"../../../Engine/Plugins/2D/Paper2D/Content/MaskedUnlitSpriteMaterial.uasset" 221
"../../../Engine/Plugins/2D/Paper2D/Content/OpaqueUnlitSpriteMaterial.uasset" 222
"../../../Engine/Plugins/2D/Paper2D/Content/PlaceholderTextures/DummySpriteTexture.uasset" 223
"../../../Engine/Content/EditorBlueprintResources/StandardMacros.uasset" 224
"../../../Engine/Content/EngineSky/C_Sky_Cloud_Color.uasset" 225
"../../../Engine/Content/EngineSky/C_Sky_Horizon_Color.uasset" 226
"../../../Engine/Content/EngineSky/C_Sky_Zenith_Color.uasset" 227
"../../../Engine/Content/EngineSky/T_Sky_Blue.uasset" 228
"../../../Engine/Content/EngineSky/T_Sky_Clouds_M.uasset" 229
"../../../Engine/Content/EngineSky/T_Sky_Stars.uasset" 230
"../../../Engine/Content/EngineSky/M_Sky_Panning_Clouds2.uasset" 231
"../../../Engine/Content/EngineSky/SM_SkySphere.uasset" 232
"../../../Engine/Content/EngineSky/BP_Sky_Sphere.uasset" 233
"../../../Noah/Content/Character/Animation/Anim_Noah_JumpEnd.uasset" 234
"../../../Noah/Content/Character/Animation/Anim_Noah_JumpLoop.uasset" 235
"../../../Noah/Content/Character/Animation/Anim_Noah_JumpStart.uasset" 236
"../../../Noah/Content/Character/Animation/Anim_Noah_Idle.uasset" 237
"../../../Noah/Content/Character/Animation/Anim_Noah_Run.uasset" 238
"../../../Noah/Content/Character/Animation/Anim_Noah_Walk.uasset" 239
"../../../Noah/Content/Character/Animation/AnimBlend_Noah_IdleWalk.uasset" 240
"../../../Noah/Content/Character/Animation/AnimBP_Noah.uasset" 241
"../../../Noah/Content/Character/Animation/Anim_Noah_Attack.uasset" 242
"../../../Noah/Content/Character/Animation/Montage_Attack.uasset" 243
"../../../Noah/Content/DataTable/DT_Item.uasset" 244
"../../../Noah/Content/UI/UIImg/CRAFT/CRAFT_SCROLL.uasset" 245
"../../../Noah/Content/UI/UIImg/CRAFT/CRAFT_SELECT.uasset" 246
"../../../Noah/Content/UI/Craft/CraftListButton.uasset" 247
"../../../Noah/Content/UI/Inventory/talent_tree_spell_frame_gray.uasset" 248
"../../../Noah/Content/UI/Craft/CraftRequirementListSlot.uasset" 249
"../../../Noah/Content/UI/Inventory/ItemMenu/ItemMenuButton.uasset" 250
"../../../Noah/Content/UI/Inventory/ItemMenu/ItemMenuUI.uasset" 251
"../../../Noah/Content/UI/UIImg/INVENTORY/INVENTORY_SLOT1.uasset" 252
"../../../Noah/Content/UI/Inventory/InventorySlot.uasset" 253
"../../../Noah/Content/UI/UIImg/INVENTORY/INVENTORY_BACK.uasset" 254
"../../../Noah/Content/UI/Inventory/Inventory.uasset" 255
"../../../Noah/Content/UI/UIImg/CRAFT/CRAFT_BACK.uasset" 256
"../../../Noah/Content/UI/UIImg/CRAFT/TEMP.uasset" 257
"../../../Noah/Content/UI/Craft/CraftUI.uasset" 258
"../../../Noah/Content/UI/EmptyUI.uasset" 259
"../../../Noah/Content/UI/UIImg/STATUS/HUNGER_BACK.uasset" 260
"../../../Noah/Content/UI/UIImg/STATUS/HUNGER_BASE.uasset" 261
"../../../Noah/Content/UI/UIImg/STATUS/TEMPERATURE_BACK.uasset" 262
"../../../Noah/Content/UI/UIImg/STATUS/TEMPERATURE_BASE.uasset" 263
"../../../Noah/Content/UI/UIImg/STATUS/THIRST_BACK.uasset" 264
"../../../Noah/Content/UI/UIImg/STATUS/THIRST_BASE.uasset" 265
"../../../Noah/Content/UI/UIImg/STATUS/TIRED_BACK.uasset" 266
"../../../Noah/Content/UI/UIImg/STATUS/TIRED_BASE.uasset" 267
"../../../Noah/Content/UI/Status/StatusUI.uasset" 268
"../../../Noah/Content/UI/PlayerDefaultUI.uasset" 269
"../../../Noah/Content/GameMode/BP_NoahPlayerController.uasset" 270
"../../../Noah/Content/GameMode/BP_NoahHUD.uasset" 271
"../../../Noah/Content/Resource/Mesh/Mesh_Ston.uasset" 272
"../../../Noah/Content/Resource/Sound/AttackTree.uasset" 273
"../../../Noah/Content/Test/BP_Stone.uasset" 274
"../../../Noah/Content/PolygonAdventure/Textures/PolygonAdventure_Tex_01.uasset" 275
"../../../Noah/Content/PolygonAdventure/Materials/MAT_PolygonAdventure_01.uasset" 276
"../../../Noah/Content/PolygonAdventure/Meshes/SM_Env_TreeBirch_02.uasset" 277
"../../../Noah/Content/Test/BP_Tree.uasset" 278
"../../../Noah/Content/Resource/Mesh/Mesh_Axe.uasset" 279
"../../../Noah/Content/Test/Weapon.uasset" 280
"../../../Noah/Content/Character/Img_NoahTexture.uasset" 281
"../../../Noah/Content/Character/Mat_NoahTexture.uasset" 282
"../../../Noah/Content/Character/PhysicsAsset_Noah.uasset" 283
"../../../Noah/Content/Character/SkeletalMesh_Noah.uasset" 284
"../../../Noah/Content/GameMode/BP_NoahCharacter.uasset" 285
"../../../Engine/Content/Functions/Engine_MaterialFunctions01/Texturing/ScaleUVsByCenter.uasset" 286
"../../../Engine/Content/Functions/Engine_MaterialFunctions02/ScreenResolution.uasset" 287
"../../../Engine/Content/Functions/Engine_MaterialFunctions02/Texturing/ScreenAlignedUVs.uasset" 288
"../../../Engine/Content/Functions/Engine_MaterialFunctions02/Utility/MakeFloat3.uasset" 289
"../../../Noah/Content/DistortionsAndBlurs/Materials/MaterialFunctions/DistortionCalcUV.uasset" 290
"../../../Noah/Content/DistortionsAndBlurs/Textures/T_WaterDrops_0.uasset" 291
"../../../Noah/Content/DistortionsAndBlurs/Textures/T_WhitePixel.uasset" 292
"../../../Noah/Content/DistortionsAndBlurs/Materials/Materials/Distortion/M_Distortion.uasset" 293
"../../../Noah/Content/DistortionsAndBlurs/Textures/T_WaterDistortion_0.uasset" 294
"../../../Noah/Content/DistortionsAndBlurs/Materials/MaterialInstances/Distortion/MI_WaterDistortion_0.uasset" 295
"../../../Engine/Content/Functions/Engine_MaterialFunctions03/ComplexMotion/Motion_4WayChaos.uasset" 296
"../../../Engine/Content/Engine_MI_Shaders/T_Base_Tile_Normal.uasset" 297
"../../../Engine/Content/Functions/Engine_MaterialFunctions03/ComplexMotion/Motion_4WayChaos_Normal.uasset" 298
"../../../Noah/Content/WaterPlane/Lake/Textures/T_MediumWaves_H.uasset" 299
"../../../Noah/Content/WaterPlane/Lake/Textures/T_MediumWaves_N.uasset" 300
"../../../Noah/Content/WaterPlane/Lake/Textures/T_SmallWaves_N.uasset" 301
"../../../Noah/Content/WaterPlane/Lake/Materials/M_LakeWater_01.uasset" 302
"../../../Noah/Content/WaterPlane/Ocean/Textures/T_LargeWaves_H.uasset" 303
"../../../Noah/Content/WaterPlane/Lake/Materials/M_LakeWater_01_Inst.uasset" 304
"../../../Noah/Content/Resource/Mesh/Mesh_WavePlan.uasset" 305
"../../../Noah/Content/MapEnvironment/BP_Wave.uasset" 306
"../../../Noah/Content/GameMode/BP_NoahGameStateBase.uasset" 307
"../../../Noah/Content/MapEnvironment/Curve_AmbColor.uasset" 308
"../../../Noah/Content/MapEnvironment/BP_Date.uasset" 309
"../../../Noah/Content/World_BuiltData.uasset" 310
"../../../Noah/Content/World.umap" 311
"../../../Noah/Content/Animal/Wolf/Anim_Wolf_Idle.uasset" 312
"../../../Noah/Content/Animal/Wolf/Anim_Wolf_Run.uasset" 313
"../../../Noah/Content/Animal/Wolf/Anim_Wolf_Walk.uasset" 314
"../../../Noah/Content/Animal/Wolf/AnimBlend_Wolf_Idle_Walk.uasset" 315
"../../../Noah/Content/Animal/Wolf/AnimBP_Wolf.uasset" 316
"../../../Noah/Content/Animal/Wolf/Enum_Animal.uasset" 317
"../../../Noah/Content/Animal/Wolf/BB_Wolf.uasset" 318
"../../../Noah/Content/Animal/Wolf/BTService_BlueprintBase_New.uasset" 319
"../../../Noah/Content/Animal/Wolf/BTTask_BlueprintBase_New.uasset" 320
"../../../Noah/Content/Animal/Wolf/BTTask_Move.uasset" 321
"../../../Noah/Content/Animal/Wolf/BT_Wolf.uasset" 322
"../../../Noah/Content/Animal/Wolf/BP_Wolf_AIController.uasset" 323
"../../../Noah/Content/Animal/Wolf/02_-_Default.uasset" 324
"../../../Noah/Content/Animal/Wolf/PhysicsAsset_Wolf.uasset" 325
"../../../Noah/Content/Animal/Wolf/SkeletalMesh_Wolf.uasset" 326
"../../../Noah/Content/Animal/Wolf/BP_Wolf.uasset" 327
"../../../Noah/Content/PolygonAdventure/Meshes/SM_Env_CampFire_01.uasset" 328
"../../../Noah/Content/PolygonAdventure/Particles/Mat_FX_Fire.uasset" 329
"../../../Noah/Content/PolygonAdventure/Particles/FX_Fire.uasset" 330
"../../../Noah/Content/Fire.uasset" 331
"../../../Noah/Content/ThirdPersonBP/Maps/ThirdPersonExampleMap_sharedassets/grass2_LayerInfo.uasset" 332
"../../../Noah/Content/ThirdPersonBP/Maps/ThirdPersonExampleMap_sharedassets/grass_LayerInfo.uasset" 333
"../../../Noah/Content/ThirdPersonBP/Maps/ThirdPersonExampleMap_sharedassets/sand2_LayerInfo.uasset" 334
"../../../Noah/Content/ThirdPersonBP/Maps/ThirdPersonExampleMap_sharedassets/sand_LayerInfo.uasset" 335
"../../../Noah/Content/Maps/TestMap_BuiltData.uasset" 336
"../../../Engine/Content/BasicShapes/BasicShapeMaterial.uasset" 337
"../../../Noah/Content/Lowpoly_Material.uasset" 338
"../../../Engine/Content/BasicShapes/Cylinder.uasset" 339
"../../../Engine/Content/EngineMaterials/DefaultPhysicalMaterial.uasset" 340
"../../../Noah/Content/PolygonAdventure/Meshes/SM_Bld_Hut_01.uasset" 341
"../../../Noah/Content/PolygonAdventure/Meshes/SM_Env_Bush_01.uasset" 342
"../../../Noah/Content/PolygonAdventure/Meshes/SM_Env_Bush_02.uasset" 343
"../../../Noah/Content/PolygonAdventure/Meshes/SM_Env_Bush_03.uasset" 344
"../../../Noah/Content/PolygonAdventure/Meshes/SM_Env_Bush_04.uasset" 345
"../../../Noah/Content/PolygonAdventure/Meshes/SM_Env_Pebble_06.uasset" 346
"../../../Noah/Content/PolygonAdventure/Meshes/SM_Env_Pebble_07.uasset" 347
"../../../Noah/Content/PolygonAdventure/Meshes/SM_Env_Plant_03.uasset" 348
"../../../Noah/Content/PolygonAdventure/Meshes/SM_Env_Plant_04.uasset" 349
"../../../Noah/Content/PolygonAdventure/Meshes/SM_Env_Plant_05.uasset" 350
"../../../Noah/Content/PolygonAdventure/Meshes/SM_Env_Reeds_01.uasset" 351
"../../../Noah/Content/PolygonAdventure/Meshes/SM_Env_Reeds_03.uasset" 352
"../../../Noah/Content/PolygonAdventure/Meshes/SM_Env_Rock_01.uasset" 353
"../../../Noah/Content/PolygonAdventure/Meshes/SM_Env_Rock_010.uasset" 354
"../../../Noah/Content/PolygonAdventure/Meshes/SM_Env_Rock_011.uasset" 355
"../../../Noah/Content/PolygonAdventure/Meshes/SM_Env_Rock_012.uasset" 356
"../../../Noah/Content/PolygonAdventure/Meshes/SM_Env_Rock_013.uasset" 357
"../../../Noah/Content/PolygonAdventure/Meshes/SM_Env_Rock_016.uasset" 358
"../../../Noah/Content/PolygonAdventure/Meshes/SM_Env_Rock_07.uasset" 359
"../../../Noah/Content/PolygonAdventure/Meshes/SM_Env_Rock_08.uasset" 360
"../../../Noah/Content/PolygonAdventure/Meshes/SM_Env_Rock_09.uasset" 361
"../../../Noah/Content/PolygonAdventure/Meshes/SM_Env_Tree_01.uasset" 362
"../../../Noah/Content/PolygonAdventure/Meshes/SM_Env_Tree_011.uasset" 363
"../../../Noah/Content/PolygonAdventure/Meshes/SM_Env_Tree_012.uasset" 364
"../../../Noah/Content/PolygonAdventure/Meshes/SM_Env_Tree_013.uasset" 365
"../../../Noah/Content/PolygonAdventure/Meshes/SM_Env_Tree_014.uasset" 366
"../../../Noah/Content/PolygonAdventure/Meshes/SM_Env_Tree_015.uasset" 367
"../../../Noah/Content/PolygonAdventure/Meshes/SM_Env_Tree_016.uasset" 368
"../../../Noah/Content/PolygonAdventure/Meshes/SM_Env_Tree_02.uasset" 369
"../../../Noah/Content/PolygonAdventure/Meshes/SM_Env_Tree_04.uasset" 370
"../../../Noah/Content/PolygonAdventure/Meshes/SM_Env_Tree_05.uasset" 371
"../../../Noah/Content/PolygonAdventure/Meshes/SM_Env_Tree_06.uasset" 372
"../../../Noah/Content/PolygonAdventure/Meshes/SM_Env_Tree_07.uasset" 373
"../../../Noah/Content/PolygonAdventure/Meshes/SM_Env_Tree_08.uasset" 374
"../../../Noah/Content/PolygonAdventure/Meshes/SM_Env_TreeBirch_01.uasset" 375
"../../../Noah/Content/PolygonAdventure/Meshes/SM_Env_TreeLog_01.uasset" 376
"../../../Noah/Content/Maps/TestMap.umap" 377
"../../../Noah/Content/ThirdPersonBP/Maps/ThirdPersonExampleMap_sharedassets/snow_LayerInfo.uasset" 378
"../../../Noah/Content/ThirdPersonBP/Maps/ThirdPersonExampleMap_sharedassets/stone_LayerInfo.uasset" 379
"../../../Noah/Content/ThirdPersonBP/Maps/ThirdPersonExampleMap_BuiltData.uasset" 380
"../../../Noah/Content/PolygonAdventure/Meshes/SM_Bld_HutDoor_01.uasset" 381
"../../../Noah/Content/PolygonAdventure/Meshes/SM_Bld_Stall_01.uasset" 382
"../../../Noah/Content/PolygonAdventure/Meshes/SM_Bld_Stall_02.uasset" 383
"../../../Noah/Content/PolygonAdventure/Meshes/SM_Bld_Stall_04.uasset" 384
"../../../Noah/Content/PolygonAdventure/Meshes/SM_Bld_Village_02.uasset" 385
"../../../Noah/Content/PolygonAdventure/Meshes/SM_Bld_Village_05.uasset" 386
"../../../Noah/Content/PolygonAdventure/Meshes/SM_Bld_Village_06.uasset" 387
"../../../Noah/Content/PolygonAdventure/Meshes/SM_Bld_Wall_01.uasset" 388
"../../../Noah/Content/PolygonAdventure/Meshes/SM_Bld_Wall_02.uasset" 389
"../../../Noah/Content/PolygonAdventure/Meshes/SM_Env_DirtMound_01.uasset" 390
"../../../Noah/Content/PolygonAdventure/Meshes/SM_Env_Plant_01.uasset" 391
"../../../Noah/Content/PolygonAdventure/Meshes/SM_Env_Plant_02.uasset" 392
"../../../Noah/Content/PolygonAdventure/Meshes/SM_Env_Tree_010.uasset" 393
"../../../Noah/Content/PolygonAdventure/Meshes/SM_Env_Tree_010_Snow.uasset" 394
"../../../Noah/Content/PolygonAdventure/Meshes/SM_Env_Tree_012_Snow.uasset" 395
"../../../Noah/Content/PolygonAdventure/Meshes/SM_Env_Tree_013_Snow.uasset" 396
"../../../Noah/Content/PolygonAdventure/Meshes/SM_Env_Tree_01_Snow.uasset" 397
"../../../Noah/Content/PolygonAdventure/Meshes/SM_Env_Tree_03.uasset" 398
"../../../Noah/Content/PolygonAdventure/Meshes/SM_Env_Tree_03_Snow.uasset" 399
"../../../Noah/Content/PolygonAdventure/Meshes/SM_Env_Tree_04_Snow.uasset" 400
"../../../Noah/Content/PolygonAdventure/Meshes/SM_Env_Tree_06_Snow.uasset" 401
"../../../Noah/Content/PolygonAdventure/Meshes/SM_Env_Tree_07_Snow.uasset" 402
"../../../Noah/Content/PolygonAdventure/Meshes/SM_Env_Tree_08_Snow.uasset" 403
"../../../Noah/Content/PolygonAdventure/Meshes/SM_Env_Tree_09.uasset" 404
"../../../Noah/Content/PolygonAdventure/Meshes/SM_Env_Tree_09_Snow.uasset" 405
"../../../Noah/Content/PolygonAdventure/Meshes/SM_Env_TreeBirch_01_Snow.uasset" 406
"../../../Noah/Content/PolygonAdventure/Meshes/SM_Env_TreeBirch_03.uasset" 407
"../../../Noah/Content/PolygonAdventure/Meshes/SM_Env_TreeDead_01.uasset" 408
"../../../Noah/Content/PolygonAdventure/Meshes/SM_Env_TreeDead_02.uasset" 409
"../../../Noah/Content/PolygonAdventure/Meshes/SM_Env_TreeDead_02_Snow.uasset" 410
"../../../Noah/Content/PolygonAdventure/Meshes/SM_Env_TreePine_01.uasset" 411
"../../../Noah/Content/PolygonAdventure/Meshes/SM_Env_TreePine_01_Snow.uasset" 412
"../../../Noah/Content/PolygonAdventure/Meshes/SM_Env_TreePine_02.uasset" 413
"../../../Noah/Content/PolygonAdventure/Meshes/SM_Env_TreePine_02_Snow.uasset" 414
"../../../Noah/Content/PolygonAdventure/Meshes/SM_Env_TreePine_03.uasset" 415
"../../../Noah/Content/PolygonAdventure/Meshes/SM_Env_TreePine_03_Snow.uasset" 416
"../../../Noah/Content/PolygonAdventure/Meshes/SM_Env_TreePine_04.uasset" 417
"../../../Noah/Content/PolygonAdventure/Meshes/SM_Env_TreeStump_01.uasset" 418
"../../../Noah/Content/PolygonAdventure/Meshes/SM_Item_Wine_02.uasset" 419
"../../../Noah/Content/PolygonAdventure/Meshes/SM_Prop_Barrel_01.uasset" 420
"../../../Noah/Content/PolygonAdventure/Meshes/SM_Prop_Barrel_02.uasset" 421
"../../../Noah/Content/PolygonAdventure/Meshes/SM_Prop_Cart_01.uasset" 422
"../../../Noah/Content/PolygonAdventure/Meshes/SM_Prop_Crate_01.uasset" 423
"../../../Noah/Content/PolygonAdventure/Meshes/SM_Prop_Crate_02.uasset" 424
"../../../Noah/Content/PolygonAdventure/Meshes/SM_Prop_Logpile_01.uasset" 425
"../../../Noah/Content/PolygonAdventure/Meshes/SM_Prop_RoadSign_01.uasset" 426
"../../../Noah/Content/PolygonKnights/Textures/Tex_Knight_01.uasset" 427
"../../../Noah/Content/PolygonKnights/Materials/Mat_PolyKnights_01.uasset" 428
"../../../Noah/Content/PolygonKnights/Meshes/Environments/SM_Env_Tree_01.uasset" 429
"../../../Noah/Content/PolygonKnights/Meshes/Environments/SM_Env_Tree_02.uasset" 430
"../../../Noah/Content/PolygonKnights/Meshes/Environments/SM_Env_Tree_03.uasset" 431
"../../../Noah/Content/PolygonKnights/Meshes/Environments/SM_Env_Tree_Twisted_01.uasset" 432
"../../../Noah/Content/PolygonKnights/Meshes/Environments/SM_Env_Tree_Twisted_02.uasset" 433
"../../../Noah/Content/ThirdPersonBP/Maps/ThirdPersonExampleMap.umap" 434
"../../../Engine/Content/Maps/Entry.umap" 435
